Standalone MDD best-config test:
  [run] data=MDD, path=E:\WorkingSpace\my_experience\dataset\MDD, protocol=AAL116, folds=5, max_folds=5, epochs=50, batch_size=32, lr=0.001, device=cuda
  modules: module1=1, module2=1, module3(HGCN)=1, module4(HPEC)=1
Use GPU: cuda:0
Number of parameters: 1.41M
Fold 1/5 S-DeCI modules: use_deci_module1=1, use_causal_module2=1, use_hgcn_module3=1, use_hpec_module4=1, use_hyperbolic_modules34=1, classification_path=gcn_fallback_plus_hgcn_hpec_dual_consensus, node_feature=alff_falff_physiological_feature, adjacency=causal_graph_blended_with_sample_correlation

========================================================================
Epoch 1/50 | train_best_threshold: 0.45 | train_best_macro_f1: 0.5426 | val_best_threshold: 0.40 | val_best_macro_f1: 0.5763
------------------------------------------------------------------------
[Loss] total_loss: 1.7657 | cls_loss: 0.9860 | aux_loss: 0.7797 | hpec_final_ce: 0.6762 | hpec_energy_w: 0.1361 | temporal_pred: 0.7797 | dag_loss: 6.811e-04 | temporal_sparse: 0.0118 | temporal_smooth: 0.0039 | val_loss: 0.9946 | m34_branch_ce_w: 0.1394 | sample_l1: 0.0005 | sample_dev: 0.0000
------------------------------------------------------------------------
[Graph Diagnostics] dag_raw: 0.3458 | graph_mass: 0.0019 | direction: 0.6551 | alag_mass: 0.0019 | alag_direction: 0.6551 | a0_mass: 0.0536 | a0_direction: 0.1237 | attn_entropy: 0.0000 | gate_mass: 0.0000 | graph_delta: 0.0005 | z_radius: 0.6357 | z_tangent: 0.7513 | fc_residual: 0.0000 | fc_anchor_gate: 0.0000 | fc_anchor_update: 0.0000 | film_scale: 0.0000 | film_shift: 0.0000 | proto_cos_mean: 0.3333 | proto_cos_max: 0.3994 | proto_same_max: 0.3994 | proto_radius: 0.2913 | proto_logit_margin: 0.0679 | proto_logit_abs: 0.0340 | energy_margin: 0.0809 | sim_margin: 0.0000 | hpec_cal_margin: 0.4044 | pos_prob: 0.4525
------------------------------------------------------------------------
[Train Metrics] train_acc: 0.5823 | train_precision: 0.5122 | train_recall: 0.5109 | train_macro_f1: 0.5091 | train_roc_auc: 0.5513
------------------------------------------------------------------------
[Validation Metrics] val_acc: 0.6750 | val_precision: 0.6282 | val_recall: 0.5458 | val_macro_f1: 0.5145 | val_roc_auc: 0.5996
========================================================================
[Train Branch Metrics] final_cached: acc=0.5823, f1=0.5091, auc=0.5513 | gcn_fallback: acc=0.6013, f1=0.4591, auc=0.5314 | gcn_fc_only: acc=0.4462, f1=0.4217, auc=0.4308 | gcn_graph_only: acc=0.5981, f1=0.5291, auc=0.5324 | hpec_energy: acc=0.6487, f1=0.4019, auc=0.5149 | module34_branch: acc=0.5380, f1=0.5169, auc=0.5577
[Validation Branch Metrics] final_cached: acc=0.6750, f1=0.5145, auc=0.5996 | gcn_fallback: acc=0.6625, f1=0.3985, auc=0.5856 | gcn_fc_only: acc=0.5875, f1=0.4589, auc=0.4444 | gcn_graph_only: acc=0.6625, f1=0.3985, auc=0.4724 | hpec_energy: acc=0.6625, f1=0.3985, auc=0.6247 | module34_branch: acc=0.6000, f1=0.5673, auc=0.5716

========================================================================
Epoch 10/50 | train_best_threshold: 0.53 | train_best_macro_f1: 0.6965 | val_best_threshold: 0.43 | val_best_macro_f1: 0.6154
------------------------------------------------------------------------
[Loss] total_loss: 1.3889 | cls_loss: 0.8506 | aux_loss: 0.5383 | hpec_final_ce: 0.5693 | hpec_energy_w: 0.1267 | temporal_pred: 0.5383 | dag_loss: 0.0010 | temporal_sparse: 0.0128 | temporal_smooth: 0.0042 | val_loss: 1.0133 | m34_branch_ce_w: 0.1208 | sample_l1: 0.0005 | sample_dev: 0.0000
------------------------------------------------------------------------
[Graph Diagnostics] dag_raw: 0.4078 | graph_mass: 0.0020 | direction: 0.6587 | alag_mass: 0.0020 | alag_direction: 0.6587 | a0_mass: 0.0582 | a0_direction: 0.1237 | attn_entropy: 0.0000 | gate_mass: 0.0000 | graph_delta: 0.0005 | z_radius: 0.5652 | z_tangent: 0.6407 | fc_residual: 0.0000 | fc_anchor_gate: 0.0000 | fc_anchor_update: 0.0000 | film_scale: 0.0000 | film_shift: 0.0000 | proto_cos_mean: 0.3333 | proto_cos_max: 0.3994 | proto_same_max: 0.3994 | proto_radius: 0.2913 | proto_logit_margin: 0.5736 | proto_logit_abs: 0.2868 | energy_margin: 0.5716 | sim_margin: 0.0000 | hpec_cal_margin: 0.4019 | pos_prob: 0.4246
------------------------------------------------------------------------
[Train Metrics] train_acc: 0.7342 | train_precision: 0.7046 | train_recall: 0.6713 | train_macro_f1: 0.6800 | train_roc_auc: 0.7615
------------------------------------------------------------------------
[Validation Metrics] val_acc: 0.6875 | val_precision: 0.6406 | val_recall: 0.6006 | val_macro_f1: 0.6025 | val_roc_auc: 0.6191
========================================================================
[Train Branch Metrics] final_cached: acc=0.7342, f1=0.6800, auc=0.7615 | gcn_fallback: acc=0.7025, f1=0.6373, auc=0.6807 | gcn_fc_only: acc=0.4019, f1=0.3906, auc=0.3408 | gcn_graph_only: acc=0.4937, f1=0.4490, auc=0.4240 | hpec_energy: acc=0.6614, f1=0.3981, auc=0.7667 | module34_branch: acc=0.6804, f1=0.6555, auc=0.7581
[Validation Branch Metrics] final_cached: acc=0.6875, f1=0.6025, auc=0.6191 | gcn_fallback: acc=0.6750, f1=0.6131, auc=0.5919 | gcn_fc_only: acc=0.3500, f1=0.3484, auc=0.4172 | gcn_graph_only: acc=0.6625, f1=0.3985, auc=0.4864 | hpec_energy: acc=0.6625, f1=0.3985, auc=0.5674 | module34_branch: acc=0.6250, f1=0.5807, auc=0.5835

========================================================================
Epoch 20/50 | train_best_threshold: 0.43 | train_best_macro_f1: 0.7426 | val_best_threshold: 0.39 | val_best_macro_f1: 0.6296
------------------------------------------------------------------------
[Loss] total_loss: 1.3381 | cls_loss: 0.8072 | aux_loss: 0.5309 | hpec_final_ce: 0.5357 | hpec_energy_w: 0.1270 | temporal_pred: 0.5309 | dag_loss: 0.0015 | temporal_sparse: 0.0138 | temporal_smooth: 0.0046 | val_loss: 1.0250 | m34_branch_ce_w: 0.1103 | sample_l1: 0.0006 | sample_dev: 0.0000
------------------------------------------------------------------------
[Graph Diagnostics] dag_raw: 0.4765 | graph_mass: 0.0022 | direction: 0.6570 | alag_mass: 0.0022 | alag_direction: 0.6570 | a0_mass: 0.0629 | a0_direction: 0.1237 | attn_entropy: 0.0000 | gate_mass: 0.0000 | graph_delta: 0.0006 | z_radius: 0.5239 | z_tangent: 0.5818 | fc_residual: 0.0000 | fc_anchor_gate: 0.0000 | fc_anchor_update: 0.0000 | film_scale: 0.0000 | film_shift: 0.0000 | proto_cos_mean: 0.3333 | proto_cos_max: 0.3994 | proto_same_max: 0.3994 | proto_radius: 0.2913 | proto_logit_margin: 0.6172 | proto_logit_abs: 0.3086 | energy_margin: 0.6078 | sim_margin: 0.0000 | hpec_cal_margin: 0.4072 | pos_prob: 0.3914
------------------------------------------------------------------------
[Train Metrics] train_acc: 0.7690 | train_precision: 0.7677 | train_recall: 0.6931 | train_macro_f1: 0.7074 | train_roc_auc: 0.8188
------------------------------------------------------------------------
[Validation Metrics] val_acc: 0.6875 | val_precision: 0.6446 | val_recall: 0.5825 | val_macro_f1: 0.5762 | val_roc_auc: 0.6024
========================================================================
[Train Branch Metrics] final_cached: acc=0.7690, f1=0.7074, auc=0.8188 | gcn_fallback: acc=0.7310, f1=0.6541, auc=0.6991 | gcn_fc_only: acc=0.4304, f1=0.4229, auc=0.4075 | gcn_graph_only: acc=0.5854, f1=0.5340, auc=0.5603 | hpec_energy: acc=0.6614, f1=0.3981, auc=0.8795 | module34_branch: acc=0.8323, f1=0.8164, auc=0.8951
[Validation Branch Metrics] final_cached: acc=0.6875, f1=0.5762, auc=0.6024 | gcn_fallback: acc=0.6875, f1=0.5762, auc=0.5940 | gcn_fc_only: acc=0.3000, f1=0.2779, auc=0.3913 | gcn_graph_only: acc=0.6625, f1=0.3985, auc=0.5010 | hpec_energy: acc=0.6625, f1=0.3985, auc=0.5024 | module34_branch: acc=0.6125, f1=0.5627, auc=0.5500

========================================================================
Epoch 30/50 | train_best_threshold: 0.43 | train_best_macro_f1: 0.7929 | val_best_threshold: 0.40 | val_best_macro_f1: 0.6296
------------------------------------------------------------------------
[Loss] total_loss: 1.2866 | cls_loss: 0.7607 | aux_loss: 0.5259 | hpec_final_ce: 0.4941 | hpec_energy_w: 0.1267 | temporal_pred: 0.5259 | dag_loss: 0.0019 | temporal_sparse: 0.0145 | temporal_smooth: 0.0048 | val_loss: 1.0328 | m34_branch_ce_w: 0.1061 | sample_l1: 0.0006 | sample_dev: 0.0000
------------------------------------------------------------------------
[Graph Diagnostics] dag_raw: 0.5269 | graph_mass: 0.0023 | direction: 0.6500 | alag_mass: 0.0023 | alag_direction: 0.6500 | a0_mass: 0.0661 | a0_direction: 0.1237 | attn_entropy: 0.0000 | gate_mass: 0.0000 | graph_delta: 0.0006 | z_radius: 0.4776 | z_tangent: 0.5199 | fc_residual: 0.0000 | fc_anchor_gate: 0.0000 | fc_anchor_update: 0.0000 | film_scale: 0.0000 | film_shift: 0.0000 | proto_cos_mean: 0.2728 | proto_cos_max: 0.6123 | proto_same_max: 0.6124 | proto_radius: 0.2700 | proto_logit_margin: 0.6197 | proto_logit_abs: 0.3099 | energy_margin: 0.5816 | sim_margin: 0.0000 | hpec_cal_margin: 0.4014 | pos_prob: 0.3987
------------------------------------------------------------------------
[Train Metrics] train_acc: 0.8133 | train_precision: 0.8239 | train_recall: 0.7494 | train_macro_f1: 0.7685 | train_roc_auc: 0.8640
------------------------------------------------------------------------
[Validation Metrics] val_acc: 0.6625 | val_precision: 0.6016 | val_recall: 0.5727 | val_macro_f1: 0.5707 | val_roc_auc: 0.6031
========================================================================
[Train Branch Metrics] final_cached: acc=0.8133, f1=0.7685, auc=0.8640 | gcn_fallback: acc=0.7595, f1=0.7048, auc=0.7324 | gcn_fc_only: acc=0.3829, f1=0.3701, auc=0.2865 | gcn_graph_only: acc=0.5886, f1=0.5540, auc=0.5728 | hpec_energy: acc=0.6614, f1=0.3981, auc=0.9433 | module34_branch: acc=0.8608, f1=0.8431, auc=0.9264
[Validation Branch Metrics] final_cached: acc=0.6625, f1=0.5707, auc=0.6031 | gcn_fallback: acc=0.6500, f1=0.5480, auc=0.5961 | gcn_fc_only: acc=0.3750, f1=0.3651, auc=0.4004 | gcn_graph_only: acc=0.6625, f1=0.3985, auc=0.5087 | hpec_energy: acc=0.6625, f1=0.3985, auc=0.5213 | module34_branch: acc=0.5625, f1=0.5063, auc=0.5514

========================================================================
Epoch 40/50 | train_best_threshold: 0.41 | train_best_macro_f1: 0.8043 | val_best_threshold: 0.39 | val_best_macro_f1: 0.6191
------------------------------------------------------------------------
[Loss] total_loss: 1.2856 | cls_loss: 0.7605 | aux_loss: 0.5251 | hpec_final_ce: 0.4976 | hpec_energy_w: 0.1279 | temporal_pred: 0.5251 | dag_loss: 0.0022 | temporal_sparse: 0.0148 | temporal_smooth: 0.0049 | val_loss: 1.0370 | m34_branch_ce_w: 0.1016 | sample_l1: 0.0006 | sample_dev: 0.0000
------------------------------------------------------------------------
[Graph Diagnostics] dag_raw: 0.5510 | graph_mass: 0.0024 | direction: 0.6542 | alag_mass: 0.0024 | alag_direction: 0.6542 | a0_mass: 0.0676 | a0_direction: 0.1237 | attn_entropy: 0.0000 | gate_mass: 0.0000 | graph_delta: 0.0006 | z_radius: 0.4810 | z_tangent: 0.5243 | fc_residual: 0.0000 | fc_anchor_gate: 0.0000 | fc_anchor_update: 0.0000 | film_scale: 0.0000 | film_shift: 0.0000 | proto_cos_mean: 0.3466 | proto_cos_max: 0.6318 | proto_same_max: 0.6307 | proto_radius: 0.2756 | proto_logit_margin: 0.4276 | proto_logit_abs: 0.2138 | energy_margin: 0.4364 | sim_margin: 0.0000 | hpec_cal_margin: 0.4158 | pos_prob: 0.3947
------------------------------------------------------------------------
[Train Metrics] train_acc: 0.7975 | train_precision: 0.8060 | train_recall: 0.7283 | train_macro_f1: 0.7462 | train_roc_auc: 0.8649
------------------------------------------------------------------------
[Validation Metrics] val_acc: 0.6750 | val_precision: 0.6205 | val_recall: 0.5821 | val_macro_f1: 0.5803 | val_roc_auc: 0.5926
========================================================================
[Train Branch Metrics] final_cached: acc=0.7975, f1=0.7462, auc=0.8649 | gcn_fallback: acc=0.7405, f1=0.6794, auc=0.7041 | gcn_fc_only: acc=0.4177, f1=0.4002, auc=0.3711 | gcn_graph_only: acc=0.5285, f1=0.4858, auc=0.4648 | hpec_energy: acc=0.6614, f1=0.3981, auc=0.9526 | module34_branch: acc=0.9304, f1=0.9216, auc=0.9665
[Validation Branch Metrics] final_cached: acc=0.6750, f1=0.5803, auc=0.5926 | gcn_fallback: acc=0.6500, f1=0.5480, auc=0.5912 | gcn_fc_only: acc=0.3750, f1=0.3715, auc=0.4179 | gcn_graph_only: acc=0.6625, f1=0.3985, auc=0.5129 | hpec_energy: acc=0.6625, f1=0.3985, auc=0.4892 | module34_branch: acc=0.5875, f1=0.5251, auc=0.5297

========================================================================
Epoch 50/50 | train_best_threshold: 0.42 | train_best_macro_f1: 0.7922 | val_best_threshold: 0.38 | val_best_macro_f1: 0.6087
------------------------------------------------------------------------
[Loss] total_loss: 1.2770 | cls_loss: 0.7525 | aux_loss: 0.5245 | hpec_final_ce: 0.4882 | hpec_energy_w: 0.1301 | temporal_pred: 0.5245 | dag_loss: 0.0022 | temporal_sparse: 0.0149 | temporal_smooth: 0.0049 | val_loss: 1.0349 | m34_branch_ce_w: 0.1006 | sample_l1: 0.0006 | sample_dev: 0.0000
------------------------------------------------------------------------
[Graph Diagnostics] dag_raw: 0.5555 | graph_mass: 0.0024 | direction: 0.6542 | alag_mass: 0.0024 | alag_direction: 0.6542 | a0_mass: 0.0679 | a0_direction: 0.1237 | attn_entropy: 0.0000 | gate_mass: 0.0000 | graph_delta: 0.0006 | z_radius: 0.4852 | z_tangent: 0.5297 | fc_residual: 0.0000 | fc_anchor_gate: 0.0000 | fc_anchor_update: 0.0000 | film_scale: 0.0000 | film_shift: 0.0000 | proto_cos_mean: 0.3953 | proto_cos_max: 0.8510 | proto_same_max: 0.5442 | proto_radius: 0.2899 | proto_logit_margin: 0.2457 | proto_logit_abs: 0.1228 | energy_margin: 0.3015 | sim_margin: 0.0000 | hpec_cal_margin: 0.4209 | pos_prob: 0.4000
------------------------------------------------------------------------
[Train Metrics] train_acc: 0.8038 | train_precision: 0.8053 | train_recall: 0.7422 | train_macro_f1: 0.7592 | train_roc_auc: 0.8748
------------------------------------------------------------------------
[Validation Metrics] val_acc: 0.6750 | val_precision: 0.6205 | val_recall: 0.5821 | val_macro_f1: 0.5803 | val_roc_auc: 0.5940
========================================================================
[Train Branch Metrics] final_cached: acc=0.8038, f1=0.7592, auc=0.8748 | gcn_fallback: acc=0.7405, f1=0.6794, auc=0.7101 | gcn_fc_only: acc=0.3829, f1=0.3752, auc=0.3272 | gcn_graph_only: acc=0.5348, f1=0.4907, auc=0.4902 | hpec_energy: acc=0.6614, f1=0.3981, auc=0.9790 | module34_branch: acc=0.9367, f1=0.9283, auc=0.9828
[Validation Branch Metrics] final_cached: acc=0.6750, f1=0.5803, auc=0.5940 | gcn_fallback: acc=0.6500, f1=0.5480, auc=0.5905 | gcn_fc_only: acc=0.3625, f1=0.3543, auc=0.4165 | gcn_graph_only: acc=0.6625, f1=0.3985, auc=0.5136 | hpec_energy: acc=0.6625, f1=0.3985, auc=0.4850 | module34_branch: acc=0.5750, f1=0.5055, auc=0.5248
Fold 1 final-epoch test raw-threshold: accuracy=0.6875, precision=0.6418, recall=0.5915, macro_f1=0.5901, roc_auc=0.5982
Fold 1 training wall time: 71.19s
Fold 1 final-epoch test raw diagnostics: target_counts=[53, 27] | pred_counts=[66, 14] | prob_pos[min/mean/max]=0.2284/0.3959/0.9344
[Fold 1 Raw Test Branch Metrics] final_cached: acc=0.6875, f1=0.5901, auc=0.5982 | gcn_fallback: acc=0.6500, f1=0.5480, auc=0.5940 | gcn_fc_only: acc=0.3625, f1=0.3543, auc=0.3997 | gcn_graph_only: acc=0.6625, f1=0.3985, auc=0.5073 | hpec_energy: acc=0.6625, f1=0.3985, auc=0.5206 | module34_branch: acc=0.6000, f1=0.5345, auc=0.5597
Fold 1 final-epoch test uses final-epoch threshold: 0.3800
Fold 1 final-epoch test thresholded diagnostics: target_counts=[53, 27] | pred_counts=[49, 31] | prob_pos[min/mean/max]=0.2284/0.3959/0.9344
Fold 2/5 S-DeCI modules: use_deci_module1=1, use_causal_module2=1, use_hgcn_module3=1, use_hpec_module4=1, use_hyperbolic_modules34=1, classification_path=gcn_fallback_plus_hgcn_hpec_dual_consensus, node_feature=alff_falff_physiological_feature, adjacency=causal_graph_blended_with_sample_correlation

========================================================================
Epoch 1/50 | train_best_threshold: 0.48 | train_best_macro_f1: 0.5488 | val_best_threshold: 0.49 | val_best_macro_f1: 0.5323
------------------------------------------------------------------------
[Loss] total_loss: 1.7698 | cls_loss: 0.9904 | aux_loss: 0.7794 | hpec_final_ce: 0.6801 | hpec_energy_w: 0.1361 | temporal_pred: 0.7794 | dag_loss: 6.811e-04 | temporal_sparse: 0.0118 | temporal_smooth: 0.0039 | val_loss: 1.0057 | m34_branch_ce_w: 0.1397 | sample_l1: 0.0005 | sample_dev: 0.0000
------------------------------------------------------------------------
[Graph Diagnostics] dag_raw: 0.3458 | graph_mass: 0.0019 | direction: 0.6583 | alag_mass: 0.0019 | alag_direction: 0.6583 | a0_mass: 0.0536 | a0_direction: 0.1237 | attn_entropy: 0.0000 | gate_mass: 0.0000 | graph_delta: 0.0005 | z_radius: 0.6343 | z_tangent: 0.7488 | fc_residual: 0.0000 | fc_anchor_gate: 0.0000 | fc_anchor_update: 0.0000 | film_scale: 0.0000 | film_shift: 0.0000 | proto_cos_mean: 0.3333 | proto_cos_max: 0.3994 | proto_same_max: 0.3994 | proto_radius: 0.2913 | proto_logit_margin: 0.0684 | proto_logit_abs: 0.0342 | energy_margin: 0.0774 | sim_margin: 0.0000 | hpec_cal_margin: 0.4016 | pos_prob: 0.4674
------------------------------------------------------------------------
[Train Metrics] train_acc: 0.5899 | train_precision: 0.5360 | train_recall: 0.5346 | train_macro_f1: 0.5349 | train_roc_auc: 0.5578
------------------------------------------------------------------------
[Validation Metrics] val_acc: 0.6582 | val_precision: 0.5651 | val_recall: 0.5298 | val_macro_f1: 0.5045 | val_roc_auc: 0.5087
========================================================================
[Train Branch Metrics] final_cached: acc=0.5899, f1=0.5349, auc=0.5578 | gcn_fallback: acc=0.5962, f1=0.4894, auc=0.5250 | gcn_fc_only: acc=0.4763, f1=0.4706, auc=0.4835 | gcn_graph_only: acc=0.5804, f1=0.5298, auc=0.5249 | hpec_energy: acc=0.6467, f1=0.4244, auc=0.5352 | module34_branch: acc=0.5237, f1=0.5072, auc=0.5476
[Validation Branch Metrics] final_cached: acc=0.6582, f1=0.5045, auc=0.5087 | gcn_fallback: acc=0.6709, f1=0.4015, auc=0.5617 | gcn_fc_only: acc=0.4177, f1=0.3894, auc=0.3737 | gcn_graph_only: acc=0.6709, f1=0.4015, auc=0.4456 | hpec_energy: acc=0.6709, f1=0.4015, auc=0.5109 | module34_branch: acc=0.4810, f1=0.4455, auc=0.4935

========================================================================
Epoch 10/50 | train_best_threshold: 0.46 | train_best_macro_f1: 0.7470 | val_best_threshold: 0.49 | val_best_macro_f1: 0.6737
------------------------------------------------------------------------
[Loss] total_loss: 1.4087 | cls_loss: 0.8716 | aux_loss: 0.5371 | hpec_final_ce: 0.5883 | hpec_energy_w: 0.1274 | temporal_pred: 0.5371 | dag_loss: 0.0010 | temporal_sparse: 0.0128 | temporal_smooth: 0.0042 | val_loss: 0.9722 | m34_branch_ce_w: 0.1222 | sample_l1: 0.0005 | sample_dev: 0.0000
------------------------------------------------------------------------
[Graph Diagnostics] dag_raw: 0.4078 | graph_mass: 0.0020 | direction: 0.6597 | alag_mass: 0.0020 | alag_direction: 0.6597 | a0_mass: 0.0582 | a0_direction: 0.1237 | attn_entropy: 0.0000 | gate_mass: 0.0000 | graph_delta: 0.0005 | z_radius: 0.5498 | z_tangent: 0.6182 | fc_residual: 0.0000 | fc_anchor_gate: 0.0000 | fc_anchor_update: 0.0000 | film_scale: 0.0000 | film_shift: 0.0000 | proto_cos_mean: 0.3333 | proto_cos_max: 0.3994 | proto_same_max: 0.3994 | proto_radius: 0.2913 | proto_logit_margin: 0.4876 | proto_logit_abs: 0.2438 | energy_margin: 0.4880 | sim_margin: 0.0000 | hpec_cal_margin: 0.3867 | pos_prob: 0.4126
------------------------------------------------------------------------
[Train Metrics] train_acc: 0.7760 | train_precision: 0.7732 | train_recall: 0.7071 | train_macro_f1: 0.7218 | train_roc_auc: 0.7620
------------------------------------------------------------------------
[Validation Metrics] val_acc: 0.7215 | val_precision: 0.6826 | val_recall: 0.6455 | val_macro_f1: 0.6535 | val_roc_auc: 0.6676
========================================================================
[Train Branch Metrics] final_cached: acc=0.7760, f1=0.7218, auc=0.7620 | gcn_fallback: acc=0.7319, f1=0.6597, auc=0.6935 | gcn_fc_only: acc=0.4479, f1=0.4288, auc=0.4269 | gcn_graph_only: acc=0.5394, f1=0.4897, auc=0.4513 | hpec_energy: acc=0.6593, f1=0.3973, auc=0.7526 | module34_branch: acc=0.7035, f1=0.6768, auc=0.7516
[Validation Branch Metrics] final_cached: acc=0.7215, f1=0.6535, auc=0.6676 | gcn_fallback: acc=0.7468, f1=0.6757, auc=0.6662 | gcn_fc_only: acc=0.2911, f1=0.2901, auc=0.3026 | gcn_graph_only: acc=0.6709, f1=0.4015, auc=0.4456 | hpec_energy: acc=0.6709, f1=0.4015, auc=0.5704 | module34_branch: acc=0.5570, f1=0.5119, auc=0.5036

========================================================================
Epoch 20/50 | train_best_threshold: 0.39 | train_best_macro_f1: 0.7524 | val_best_threshold: 0.41 | val_best_macro_f1: 0.6735
------------------------------------------------------------------------
[Loss] total_loss: 1.3525 | cls_loss: 0.8223 | aux_loss: 0.5303 | hpec_final_ce: 0.5480 | hpec_energy_w: 0.1273 | temporal_pred: 0.5303 | dag_loss: 0.0015 | temporal_sparse: 0.0138 | temporal_smooth: 0.0046 | val_loss: 0.9829 | m34_branch_ce_w: 0.1130 | sample_l1: 0.0006 | sample_dev: 0.0000
------------------------------------------------------------------------
[Graph Diagnostics] dag_raw: 0.4765 | graph_mass: 0.0022 | direction: 0.6624 | alag_mass: 0.0022 | alag_direction: 0.6624 | a0_mass: 0.0629 | a0_direction: 0.1237 | attn_entropy: 0.0000 | gate_mass: 0.0000 | graph_delta: 0.0006 | z_radius: 0.4981 | z_tangent: 0.5468 | fc_residual: 0.0000 | fc_anchor_gate: 0.0000 | fc_anchor_update: 0.0000 | film_scale: 0.0000 | film_shift: 0.0000 | proto_cos_mean: 0.3333 | proto_cos_max: 0.3994 | proto_same_max: 0.3994 | proto_radius: 0.2913 | proto_logit_margin: 0.5966 | proto_logit_abs: 0.2983 | energy_margin: 0.5938 | sim_margin: 0.0000 | hpec_cal_margin: 0.4018 | pos_prob: 0.3853
------------------------------------------------------------------------
[Train Metrics] train_acc: 0.7666 | train_precision: 0.7908 | train_recall: 0.6775 | train_macro_f1: 0.6907 | train_roc_auc: 0.8110
------------------------------------------------------------------------
[Validation Metrics] val_acc: 0.7089 | val_precision: 0.6672 | val_recall: 0.6165 | val_macro_f1: 0.6212 | val_roc_auc: 0.6676
========================================================================
[Train Branch Metrics] final_cached: acc=0.7666, f1=0.6907, auc=0.8110 | gcn_fallback: acc=0.7287, f1=0.6405, auc=0.6824 | gcn_fc_only: acc=0.5426, f1=0.5044, auc=0.4551 | gcn_graph_only: acc=0.5426, f1=0.4964, auc=0.5191 | hpec_energy: acc=0.6593, f1=0.3973, auc=0.8338 | module34_branch: acc=0.7981, f1=0.7773, auc=0.8618
[Validation Branch Metrics] final_cached: acc=0.7089, f1=0.6212, auc=0.6676 | gcn_fallback: acc=0.7215, f1=0.6535, auc=0.6626 | gcn_fc_only: acc=0.6076, f1=0.3780, auc=0.3251 | gcn_graph_only: acc=0.6709, f1=0.4015, auc=0.4543 | hpec_energy: acc=0.6709, f1=0.4015, auc=0.5682 | module34_branch: acc=0.5443, f1=0.4936, auc=0.4753

========================================================================
Epoch 30/50 | train_best_threshold: 0.44 | train_best_macro_f1: 0.7753 | val_best_threshold: 0.48 | val_best_macro_f1: 0.6517
------------------------------------------------------------------------
[Loss] total_loss: 1.2930 | cls_loss: 0.7664 | aux_loss: 0.5265 | hpec_final_ce: 0.5003 | hpec_energy_w: 0.1272 | temporal_pred: 0.5265 | dag_loss: 0.0019 | temporal_sparse: 0.0145 | temporal_smooth: 0.0048 | val_loss: 0.9859 | m34_branch_ce_w: 0.1048 | sample_l1: 0.0006 | sample_dev: 0.0000
------------------------------------------------------------------------
[Graph Diagnostics] dag_raw: 0.5269 | graph_mass: 0.0023 | direction: 0.6576 | alag_mass: 0.0023 | alag_direction: 0.6576 | a0_mass: 0.0661 | a0_direction: 0.1237 | attn_entropy: 0.0000 | gate_mass: 0.0000 | graph_delta: 0.0006 | z_radius: 0.4462 | z_tangent: 0.4799 | fc_residual: 0.0000 | fc_anchor_gate: 0.0000 | fc_anchor_update: 0.0000 | film_scale: 0.0000 | film_shift: 0.0000 | proto_cos_mean: 0.2703 | proto_cos_max: 0.6056 | proto_same_max: 0.6057 | proto_radius: 0.2703 | proto_logit_margin: 0.6294 | proto_logit_abs: 0.3147 | energy_margin: 0.5968 | sim_margin: 0.0000 | hpec_cal_margin: 0.4105 | pos_prob: 0.4118
------------------------------------------------------------------------
[Train Metrics] train_acc: 0.7760 | train_precision: 0.7604 | train_recall: 0.7205 | train_macro_f1: 0.7324 | train_roc_auc: 0.8532
------------------------------------------------------------------------
[Validation Metrics] val_acc: 0.6962 | val_precision: 0.6479 | val_recall: 0.6266 | val_macro_f1: 0.6320 | val_roc_auc: 0.6720
========================================================================
[Train Branch Metrics] final_cached: acc=0.7760, f1=0.7324, auc=0.8532 | gcn_fallback: acc=0.7256, f1=0.6701, auc=0.7198 | gcn_fc_only: acc=0.4826, f1=0.4628, auc=0.4147 | gcn_graph_only: acc=0.5899, f1=0.5302, auc=0.5114 | hpec_energy: acc=0.6593, f1=0.3973, auc=0.9322 | module34_branch: acc=0.8991, f1=0.8871, auc=0.9494
[Validation Branch Metrics] final_cached: acc=0.6962, f1=0.6320, auc=0.6720 | gcn_fallback: acc=0.7215, f1=0.6708, auc=0.6611 | gcn_fc_only: acc=0.4177, f1=0.4062, auc=0.3258 | gcn_graph_only: acc=0.6709, f1=0.4015, auc=0.4594 | hpec_energy: acc=0.6709, f1=0.4015, auc=0.5595 | module34_branch: acc=0.5316, f1=0.4644, auc=0.4739

========================================================================
Epoch 40/50 | train_best_threshold: 0.40 | train_best_macro_f1: 0.8127 | val_best_threshold: 0.46 | val_best_macro_f1: 0.6598
------------------------------------------------------------------------
[Loss] total_loss: 1.2831 | cls_loss: 0.7584 | aux_loss: 0.5247 | hpec_final_ce: 0.4936 | hpec_energy_w: 0.1279 | temporal_pred: 0.5247 | dag_loss: 0.0022 | temporal_sparse: 0.0148 | temporal_smooth: 0.0049 | val_loss: 0.9845 | m34_branch_ce_w: 0.1031 | sample_l1: 0.0006 | sample_dev: 0.0000
------------------------------------------------------------------------
[Graph Diagnostics] dag_raw: 0.5510 | graph_mass: 0.0024 | direction: 0.6529 | alag_mass: 0.0024 | alag_direction: 0.6529 | a0_mass: 0.0676 | a0_direction: 0.1237 | attn_entropy: 0.0000 | gate_mass: 0.0000 | graph_delta: 0.0006 | z_radius: 0.4369 | z_tangent: 0.4684 | fc_residual: 0.0000 | fc_anchor_gate: 0.0000 | fc_anchor_update: 0.0000 | film_scale: 0.0000 | film_shift: 0.0000 | proto_cos_mean: 0.3340 | proto_cos_max: 0.6499 | proto_same_max: 0.6500 | proto_radius: 0.2736 | proto_logit_margin: 0.4777 | proto_logit_abs: 0.2389 | energy_margin: 0.4695 | sim_margin: 0.0000 | hpec_cal_margin: 0.4173 | pos_prob: 0.4094
------------------------------------------------------------------------
[Train Metrics] train_acc: 0.8233 | train_precision: 0.8367 | train_recall: 0.7631 | train_macro_f1: 0.7828 | train_roc_auc: 0.8927
------------------------------------------------------------------------
[Validation Metrics] val_acc: 0.6962 | val_precision: 0.6479 | val_recall: 0.6266 | val_macro_f1: 0.6320 | val_roc_auc: 0.6676
========================================================================
[Train Branch Metrics] final_cached: acc=0.8233, f1=0.7828, auc=0.8927 | gcn_fallback: acc=0.7634, f1=0.7138, auc=0.7232 | gcn_fc_only: acc=0.4227, f1=0.3998, auc=0.3457 | gcn_graph_only: acc=0.5647, f1=0.5063, auc=0.5156 | hpec_energy: acc=0.6593, f1=0.3973, auc=0.9567 | module34_branch: acc=0.9117, f1=0.9012, auc=0.9604
[Validation Branch Metrics] final_cached: acc=0.6962, f1=0.6320, auc=0.6676 | gcn_fallback: acc=0.7215, f1=0.6708, auc=0.6589 | gcn_fc_only: acc=0.4937, f1=0.4691, auc=0.3476 | gcn_graph_only: acc=0.6709, f1=0.4015, auc=0.4615 | hpec_energy: acc=0.6709, f1=0.4015, auc=0.5305 | module34_branch: acc=0.5063, f1=0.4354, auc=0.4644

========================================================================
Epoch 50/50 | train_best_threshold: 0.44 | train_best_macro_f1: 0.7976 | val_best_threshold: 0.44 | val_best_macro_f1: 0.6560
------------------------------------------------------------------------
[Loss] total_loss: 1.2900 | cls_loss: 0.7655 | aux_loss: 0.5245 | hpec_final_ce: 0.5004 | hpec_energy_w: 0.1298 | temporal_pred: 0.5245 | dag_loss: 0.0022 | temporal_sparse: 0.0149 | temporal_smooth: 0.0050 | val_loss: 0.9849 | m34_branch_ce_w: 0.1016 | sample_l1: 0.0006 | sample_dev: 0.0000
------------------------------------------------------------------------
[Graph Diagnostics] dag_raw: 0.5555 | graph_mass: 0.0024 | direction: 0.6553 | alag_mass: 0.0024 | alag_direction: 0.6553 | a0_mass: 0.0679 | a0_direction: 0.1237 | attn_entropy: 0.0000 | gate_mass: 0.0000 | graph_delta: 0.0006 | z_radius: 0.4404 | z_tangent: 0.4727 | fc_residual: 0.0000 | fc_anchor_gate: 0.0000 | fc_anchor_update: 0.0000 | film_scale: 0.0000 | film_shift: 0.0000 | proto_cos_mean: 0.3952 | proto_cos_max: 0.8044 | proto_same_max: 0.5760 | proto_radius: 0.2860 | proto_logit_margin: 0.2866 | proto_logit_abs: 0.1433 | energy_margin: 0.3294 | sim_margin: 0.0000 | hpec_cal_margin: 0.4180 | pos_prob: 0.4037
------------------------------------------------------------------------
[Train Metrics] train_acc: 0.8013 | train_precision: 0.8068 | train_recall: 0.7374 | train_macro_f1: 0.7548 | train_roc_auc: 0.8785
------------------------------------------------------------------------
[Validation Metrics] val_acc: 0.6962 | val_precision: 0.6479 | val_recall: 0.6266 | val_macro_f1: 0.6320 | val_roc_auc: 0.6618
========================================================================
[Train Branch Metrics] final_cached: acc=0.8013, f1=0.7548, auc=0.8785 | gcn_fallback: acc=0.7445, f1=0.6889, auc=0.7288 | gcn_fc_only: acc=0.4890, f1=0.4693, auc=0.4267 | gcn_graph_only: acc=0.5615, f1=0.5152, auc=0.5184 | hpec_energy: acc=0.6593, f1=0.3973, auc=0.9671 | module34_branch: acc=0.9180, f1=0.9065, auc=0.9720
[Validation Branch Metrics] final_cached: acc=0.6962, f1=0.6320, auc=0.6618 | gcn_fallback: acc=0.7215, f1=0.6708, auc=0.6589 | gcn_fc_only: acc=0.5316, f1=0.4748, auc=0.3505 | gcn_graph_only: acc=0.6709, f1=0.4015, auc=0.4623 | hpec_energy: acc=0.6709, f1=0.4015, auc=0.5210 | module34_branch: acc=0.4937, f1=0.4148, auc=0.4543
Fold 2 final-epoch test raw-threshold: accuracy=0.6962, precision=0.6479, recall=0.6266, macro_f1=0.6320, roc_auc=0.6705
Fold 2 training wall time: 65.83s
Fold 2 final-epoch test raw diagnostics: target_counts=[53, 26] | pred_counts=[59, 20] | prob_pos[min/mean/max]=0.1751/0.4312/0.9095
[Fold 2 Raw Test Branch Metrics] final_cached: acc=0.6962, f1=0.6320, auc=0.6705 | gcn_fallback: acc=0.7342, f1=0.6820, auc=0.6640 | gcn_fc_only: acc=0.3418, f1=0.3408, auc=0.3186 | gcn_graph_only: acc=0.6709, f1=0.4015, auc=0.4572 | hpec_energy: acc=0.6709, f1=0.4015, auc=0.5573 | module34_branch: acc=0.5063, f1=0.4561, auc=0.4681
Fold 2 final-epoch test uses final-epoch threshold: 0.4400
Fold 2 final-epoch test thresholded diagnostics: target_counts=[53, 26] | pred_counts=[52, 27] | prob_pos[min/mean/max]=0.1751/0.4312/0.9095
Fold 3/5 S-DeCI modules: use_deci_module1=1, use_causal_module2=1, use_hgcn_module3=1, use_hpec_module4=1, use_hyperbolic_modules34=1, classification_path=gcn_fallback_plus_hgcn_hpec_dual_consensus, node_feature=alff_falff_physiological_feature, adjacency=causal_graph_blended_with_sample_correlation

========================================================================
Epoch 1/50 | train_best_threshold: 0.51 | train_best_macro_f1: 0.5205 | val_best_threshold: 0.45 | val_best_macro_f1: 0.5904
------------------------------------------------------------------------
[Loss] total_loss: 1.7954 | cls_loss: 1.0162 | aux_loss: 0.7793 | hpec_final_ce: 0.6988 | hpec_energy_w: 0.1364 | temporal_pred: 0.7793 | dag_loss: 6.811e-04 | temporal_sparse: 0.0118 | temporal_smooth: 0.0039 | val_loss: 1.0203 | m34_branch_ce_w: 0.1465 | sample_l1: 0.0005 | sample_dev: 0.0000
------------------------------------------------------------------------
[Graph Diagnostics] dag_raw: 0.3458 | graph_mass: 0.0019 | direction: 0.6594 | alag_mass: 0.0019 | alag_direction: 0.6594 | a0_mass: 0.0536 | a0_direction: 0.1237 | attn_entropy: 0.0000 | gate_mass: 0.0000 | graph_delta: 0.0005 | z_radius: 0.6333 | z_tangent: 0.7472 | fc_residual: 0.0000 | fc_anchor_gate: 0.0000 | fc_anchor_update: 0.0000 | film_scale: 0.0000 | film_shift: 0.0000 | proto_cos_mean: 0.3333 | proto_cos_max: 0.3994 | proto_same_max: 0.3994 | proto_radius: 0.2913 | proto_logit_margin: 0.0643 | proto_logit_abs: 0.0321 | energy_margin: 0.0746 | sim_margin: 0.0000 | hpec_cal_margin: 0.4078 | pos_prob: 0.4599
------------------------------------------------------------------------
[Train Metrics] train_acc: 0.5678 | train_precision: 0.5157 | train_recall: 0.5157 | train_macro_f1: 0.5157 | train_roc_auc: 0.4992
------------------------------------------------------------------------
[Validation Metrics] val_acc: 0.6962 | val_precision: 0.7446 | val_recall: 0.5645 | val_macro_f1: 0.5298 | val_roc_auc: 0.5256
========================================================================
[Train Branch Metrics] final_cached: acc=0.5678, f1=0.5157, auc=0.4992 | gcn_fallback: acc=0.6215, f1=0.5141, auc=0.5177 | gcn_fc_only: acc=0.4322, f1=0.4315, auc=0.4470 | gcn_graph_only: acc=0.5710, f1=0.5203, auc=0.4856 | hpec_energy: acc=0.6467, f1=0.4169, auc=0.5040 | module34_branch: acc=0.4890, f1=0.4764, auc=0.4825
[Validation Branch Metrics] final_cached: acc=0.6962, f1=0.5298, auc=0.5256 | gcn_fallback: acc=0.6582, f1=0.3969, auc=0.3811 | gcn_fc_only: acc=0.2911, f1=0.2255, auc=0.3860 | gcn_graph_only: acc=0.6582, f1=0.3969, auc=0.5940 | hpec_energy: acc=0.6582, f1=0.3969, auc=0.4957 | module34_branch: acc=0.4937, f1=0.4837, auc=0.5328

========================================================================
Epoch 10/50 | train_best_threshold: 0.49 | train_best_macro_f1: 0.7218 | val_best_threshold: 0.44 | val_best_macro_f1: 0.6167
------------------------------------------------------------------------
[Loss] total_loss: 1.3822 | cls_loss: 0.8436 | aux_loss: 0.5386 | hpec_final_ce: 0.5645 | hpec_energy_w: 0.1272 | temporal_pred: 0.5386 | dag_loss: 0.0010 | temporal_sparse: 0.0128 | temporal_smooth: 0.0042 | val_loss: 1.0040 | m34_branch_ce_w: 0.1184 | sample_l1: 0.0005 | sample_dev: 0.0000
------------------------------------------------------------------------
[Graph Diagnostics] dag_raw: 0.4078 | graph_mass: 0.0020 | direction: 0.6579 | alag_mass: 0.0020 | alag_direction: 0.6579 | a0_mass: 0.0582 | a0_direction: 0.1237 | attn_entropy: 0.0000 | gate_mass: 0.0000 | graph_delta: 0.0005 | z_radius: 0.5393 | z_tangent: 0.6033 | fc_residual: 0.0000 | fc_anchor_gate: 0.0000 | fc_anchor_update: 0.0000 | film_scale: 0.0000 | film_shift: 0.0000 | proto_cos_mean: 0.3333 | proto_cos_max: 0.3994 | proto_same_max: 0.3994 | proto_radius: 0.2913 | proto_logit_margin: 0.4678 | proto_logit_abs: 0.2339 | energy_margin: 0.4581 | sim_margin: 0.0000 | hpec_cal_margin: 0.4049 | pos_prob: 0.3988
------------------------------------------------------------------------
[Train Metrics] train_acc: 0.7697 | train_precision: 0.7652 | train_recall: 0.6955 | train_macro_f1: 0.7098 | train_roc_auc: 0.7752
------------------------------------------------------------------------
[Validation Metrics] val_acc: 0.6835 | val_precision: 0.6396 | val_recall: 0.5905 | val_macro_f1: 0.5883 | val_roc_auc: 0.5776
========================================================================
[Train Branch Metrics] final_cached: acc=0.7697, f1=0.7098, auc=0.7752 | gcn_fallback: acc=0.7256, f1=0.6614, auc=0.6860 | gcn_fc_only: acc=0.4101, f1=0.3963, auc=0.3431 | gcn_graph_only: acc=0.5710, f1=0.5324, auc=0.5076 | hpec_energy: acc=0.6625, f1=0.3985, auc=0.7987 | module34_branch: acc=0.7192, f1=0.7021, auc=0.7995
[Validation Branch Metrics] final_cached: acc=0.6835, f1=0.5883, auc=0.5776 | gcn_fallback: acc=0.7089, f1=0.6212, auc=0.5370 | gcn_fc_only: acc=0.4937, f1=0.4897, auc=0.4637 | gcn_graph_only: acc=0.6582, f1=0.3969, auc=0.5755 | hpec_energy: acc=0.6582, f1=0.3969, auc=0.5349 | module34_branch: acc=0.4810, f1=0.4455, auc=0.5221

========================================================================
Epoch 20/50 | train_best_threshold: 0.41 | train_best_macro_f1: 0.7669 | val_best_threshold: 0.47 | val_best_macro_f1: 0.6433
------------------------------------------------------------------------
[Loss] total_loss: 1.3322 | cls_loss: 0.8015 | aux_loss: 0.5307 | hpec_final_ce: 0.5264 | hpec_energy_w: 0.1272 | temporal_pred: 0.5307 | dag_loss: 0.0015 | temporal_sparse: 0.0138 | temporal_smooth: 0.0046 | val_loss: 1.0074 | m34_branch_ce_w: 0.1142 | sample_l1: 0.0006 | sample_dev: 0.0000
------------------------------------------------------------------------
[Graph Diagnostics] dag_raw: 0.4765 | graph_mass: 0.0022 | direction: 0.6575 | alag_mass: 0.0022 | alag_direction: 0.6575 | a0_mass: 0.0629 | a0_direction: 0.1237 | attn_entropy: 0.0000 | gate_mass: 0.0000 | graph_delta: 0.0006 | z_radius: 0.4780 | z_tangent: 0.5204 | fc_residual: 0.0000 | fc_anchor_gate: 0.0000 | fc_anchor_update: 0.0000 | film_scale: 0.0000 | film_shift: 0.0000 | proto_cos_mean: 0.3333 | proto_cos_max: 0.3994 | proto_same_max: 0.3994 | proto_radius: 0.2913 | proto_logit_margin: 0.4967 | proto_logit_abs: 0.2483 | energy_margin: 0.4966 | sim_margin: 0.0000 | hpec_cal_margin: 0.4034 | pos_prob: 0.3839
------------------------------------------------------------------------
[Train Metrics] train_acc: 0.7729 | train_precision: 0.7782 | train_recall: 0.6933 | train_macro_f1: 0.7085 | train_roc_auc: 0.8564
------------------------------------------------------------------------
[Validation Metrics] val_acc: 0.7089 | val_precision: 0.6915 | val_recall: 0.6097 | val_macro_f1: 0.6085 | val_roc_auc: 0.5705
========================================================================
[Train Branch Metrics] final_cached: acc=0.7729, f1=0.7085, auc=0.8564 | gcn_fallback: acc=0.7319, f1=0.6545, auc=0.7401 | gcn_fc_only: acc=0.4606, f1=0.4219, auc=0.3835 | gcn_graph_only: acc=0.5426, f1=0.4920, auc=0.5156 | hpec_energy: acc=0.6625, f1=0.3985, auc=0.8370 | module34_branch: acc=0.8107, f1=0.7893, auc=0.8391
[Validation Branch Metrics] final_cached: acc=0.7089, f1=0.6085, auc=0.5705 | gcn_fallback: acc=0.7089, f1=0.6212, auc=0.5299 | gcn_fc_only: acc=0.5570, f1=0.5197, auc=0.4523 | gcn_graph_only: acc=0.6582, f1=0.3969, auc=0.5905 | hpec_energy: acc=0.6582, f1=0.3969, auc=0.5192 | module34_branch: acc=0.5696, f1=0.5298, auc=0.5100

========================================================================
Epoch 30/50 | train_best_threshold: 0.39 | train_best_macro_f1: 0.7602 | val_best_threshold: 0.45 | val_best_macro_f1: 0.6318
------------------------------------------------------------------------
[Loss] total_loss: 1.3137 | cls_loss: 0.7870 | aux_loss: 0.5266 | hpec_final_ce: 0.5128 | hpec_energy_w: 0.1265 | temporal_pred: 0.5266 | dag_loss: 0.0019 | temporal_sparse: 0.0145 | temporal_smooth: 0.0048 | val_loss: 1.0186 | m34_branch_ce_w: 0.1139 | sample_l1: 0.0006 | sample_dev: 0.0000
------------------------------------------------------------------------
[Graph Diagnostics] dag_raw: 0.5269 | graph_mass: 0.0023 | direction: 0.6591 | alag_mass: 0.0023 | alag_direction: 0.6591 | a0_mass: 0.0661 | a0_direction: 0.1237 | attn_entropy: 0.0000 | gate_mass: 0.0000 | graph_delta: 0.0006 | z_radius: 0.4528 | z_tangent: 0.4883 | fc_residual: 0.0000 | fc_anchor_gate: 0.0000 | fc_anchor_update: 0.0000 | film_scale: 0.0000 | film_shift: 0.0000 | proto_cos_mean: 0.2499 | proto_cos_max: 0.6116 | proto_same_max: 0.6116 | proto_radius: 0.2661 | proto_logit_margin: 0.5725 | proto_logit_abs: 0.2863 | energy_margin: 0.5875 | sim_margin: 0.0000 | hpec_cal_margin: 0.4107 | pos_prob: 0.3851
------------------------------------------------------------------------
[Train Metrics] train_acc: 0.7855 | train_precision: 0.8076 | train_recall: 0.7029 | train_macro_f1: 0.7203 | train_roc_auc: 0.8361
------------------------------------------------------------------------
[Validation Metrics] val_acc: 0.7089 | val_precision: 0.7051 | val_recall: 0.6008 | val_macro_f1: 0.5941 | val_roc_auc: 0.5684
========================================================================
[Train Branch Metrics] final_cached: acc=0.7855, f1=0.7203, auc=0.8361 | gcn_fallback: acc=0.7666, f1=0.7048, auc=0.7199 | gcn_fc_only: acc=0.4826, f1=0.4520, auc=0.3854 | gcn_graph_only: acc=0.5647, f1=0.5155, auc=0.5277 | hpec_energy: acc=0.6625, f1=0.3985, auc=0.8518 | module34_branch: acc=0.8044, f1=0.7833, auc=0.8425
[Validation Branch Metrics] final_cached: acc=0.7089, f1=0.5941, auc=0.5684 | gcn_fallback: acc=0.7215, f1=0.6043, auc=0.5271 | gcn_fc_only: acc=0.6203, f1=0.5511, auc=0.4879 | gcn_graph_only: acc=0.6582, f1=0.3969, auc=0.5912 | hpec_energy: acc=0.6582, f1=0.3969, auc=0.5121 | module34_branch: acc=0.5063, f1=0.4561, auc=0.5028

========================================================================
Epoch 40/50 | train_best_threshold: 0.41 | train_best_macro_f1: 0.7542 | val_best_threshold: 0.46 | val_best_macro_f1: 0.6220
------------------------------------------------------------------------
[Loss] total_loss: 1.3207 | cls_loss: 0.7957 | aux_loss: 0.5251 | hpec_final_ce: 0.5235 | hpec_energy_w: 0.1272 | temporal_pred: 0.5251 | dag_loss: 0.0022 | temporal_sparse: 0.0148 | temporal_smooth: 0.0049 | val_loss: 1.0099 | m34_branch_ce_w: 0.1114 | sample_l1: 0.0006 | sample_dev: 0.0000
------------------------------------------------------------------------
[Graph Diagnostics] dag_raw: 0.5510 | graph_mass: 0.0024 | direction: 0.6585 | alag_mass: 0.0024 | alag_direction: 0.6585 | a0_mass: 0.0676 | a0_direction: 0.1237 | attn_entropy: 0.0000 | gate_mass: 0.0000 | graph_delta: 0.0006 | z_radius: 0.4524 | z_tangent: 0.4877 | fc_residual: 0.0000 | fc_anchor_gate: 0.0000 | fc_anchor_update: 0.0000 | film_scale: 0.0000 | film_shift: 0.0000 | proto_cos_mean: 0.3900 | proto_cos_max: 0.6431 | proto_same_max: 0.6431 | proto_radius: 0.2715 | proto_logit_margin: 0.4286 | proto_logit_abs: 0.2143 | energy_margin: 0.4925 | sim_margin: 0.0000 | hpec_cal_margin: 0.4059 | pos_prob: 0.3954
------------------------------------------------------------------------
[Train Metrics] train_acc: 0.7729 | train_precision: 0.7715 | train_recall: 0.6979 | train_macro_f1: 0.7128 | train_roc_auc: 0.8247
------------------------------------------------------------------------
[Validation Metrics] val_acc: 0.7215 | val_precision: 0.7239 | val_recall: 0.6193 | val_macro_f1: 0.6189 | val_roc_auc: 0.5705
========================================================================
[Train Branch Metrics] final_cached: acc=0.7729, f1=0.7128, auc=0.8247 | gcn_fallback: acc=0.7413, f1=0.6775, auc=0.7005 | gcn_fc_only: acc=0.4890, f1=0.4473, auc=0.3736 | gcn_graph_only: acc=0.5836, f1=0.5406, auc=0.5427 | hpec_energy: acc=0.6625, f1=0.3985, auc=0.8640 | module34_branch: acc=0.8107, f1=0.7884, auc=0.8629
[Validation Branch Metrics] final_cached: acc=0.7215, f1=0.6189, auc=0.5705 | gcn_fallback: acc=0.6962, f1=0.5983, auc=0.5328 | gcn_fc_only: acc=0.6835, f1=0.5589, auc=0.4729 | gcn_graph_only: acc=0.6582, f1=0.3969, auc=0.5933 | hpec_energy: acc=0.6582, f1=0.3969, auc=0.5192 | module34_branch: acc=0.4937, f1=0.4267, auc=0.5057

========================================================================
Epoch 50/50 | train_best_threshold: 0.39 | train_best_macro_f1: 0.7662 | val_best_threshold: 0.47 | val_best_macro_f1: 0.6318
------------------------------------------------------------------------
[Loss] total_loss: 1.3191 | cls_loss: 0.7948 | aux_loss: 0.5242 | hpec_final_ce: 0.5209 | hpec_energy_w: 0.1289 | temporal_pred: 0.5242 | dag_loss: 0.0022 | temporal_sparse: 0.0149 | temporal_smooth: 0.0049 | val_loss: 1.0089 | m34_branch_ce_w: 0.1115 | sample_l1: 0.0006 | sample_dev: 0.0000
------------------------------------------------------------------------
[Graph Diagnostics] dag_raw: 0.5555 | graph_mass: 0.0024 | direction: 0.6588 | alag_mass: 0.0024 | alag_direction: 0.6588 | a0_mass: 0.0679 | a0_direction: 0.1237 | attn_entropy: 0.0000 | gate_mass: 0.0000 | graph_delta: 0.0006 | z_radius: 0.4549 | z_tangent: 0.4908 | fc_residual: 0.0000 | fc_anchor_gate: 0.0000 | fc_anchor_update: 0.0000 | film_scale: 0.0000 | film_shift: 0.0000 | proto_cos_mean: 0.4596 | proto_cos_max: 0.8301 | proto_same_max: 0.5677 | proto_radius: 0.2863 | proto_logit_margin: 0.2567 | proto_logit_abs: 0.1283 | energy_margin: 0.3703 | sim_margin: 0.0000 | hpec_cal_margin: 0.4072 | pos_prob: 0.4034
------------------------------------------------------------------------
[Train Metrics] train_acc: 0.7823 | train_precision: 0.7758 | train_recall: 0.7165 | train_macro_f1: 0.7314 | train_roc_auc: 0.8275
------------------------------------------------------------------------
[Validation Metrics] val_acc: 0.7215 | val_precision: 0.7239 | val_recall: 0.6193 | val_macro_f1: 0.6189 | val_roc_auc: 0.5670
========================================================================
[Train Branch Metrics] final_cached: acc=0.7823, f1=0.7314, auc=0.8275 | gcn_fallback: acc=0.7476, f1=0.6917, auc=0.7209 | gcn_fc_only: acc=0.4763, f1=0.4247, auc=0.3645 | gcn_graph_only: acc=0.5489, f1=0.4968, auc=0.5045 | hpec_energy: acc=0.6625, f1=0.3985, auc=0.8645 | module34_branch: acc=0.8202, f1=0.7985, auc=0.8594
[Validation Branch Metrics] final_cached: acc=0.7215, f1=0.6189, auc=0.5670 | gcn_fallback: acc=0.7089, f1=0.6085, auc=0.5313 | gcn_fc_only: acc=0.6709, f1=0.5496, auc=0.4719 | gcn_graph_only: acc=0.6582, f1=0.3969, auc=0.5954 | hpec_energy: acc=0.6582, f1=0.3969, auc=0.5178 | module34_branch: acc=0.4937, f1=0.4267, auc=0.5071
Fold 3 final-epoch test raw-threshold: accuracy=0.7215, precision=0.7098, recall=0.6282, macro_f1=0.6318, roc_auc=0.5712
Fold 3 training wall time: 64.35s
Fold 3 final-epoch test raw diagnostics: target_counts=[52, 27] | pred_counts=[66, 13] | prob_pos[min/mean/max]=0.2147/0.4004/0.9282
[Fold 3 Raw Test Branch Metrics] final_cached: acc=0.7215, f1=0.6318, auc=0.5712 | gcn_fallback: acc=0.7089, f1=0.6085, auc=0.5321 | gcn_fc_only: acc=0.6076, f1=0.5415, auc=0.4758 | gcn_graph_only: acc=0.6582, f1=0.3969, auc=0.5883 | hpec_energy: acc=0.6582, f1=0.3969, auc=0.5164 | module34_branch: acc=0.5063, f1=0.4648, auc=0.5100
Fold 3 final-epoch test uses final-epoch threshold: 0.4700
Fold 3 final-epoch test thresholded diagnostics: target_counts=[52, 27] | pred_counts=[65, 14] | prob_pos[min/mean/max]=0.2147/0.4004/0.9282
Fold 4/5 S-DeCI modules: use_deci_module1=1, use_causal_module2=1, use_hgcn_module3=1, use_hpec_module4=1, use_hyperbolic_modules34=1, classification_path=gcn_fallback_plus_hgcn_hpec_dual_consensus, node_feature=alff_falff_physiological_feature, adjacency=causal_graph_blended_with_sample_correlation

========================================================================
Epoch 1/50 | train_best_threshold: 0.52 | train_best_macro_f1: 0.5146 | val_best_threshold: 0.42 | val_best_macro_f1: 0.5574
------------------------------------------------------------------------
[Loss] total_loss: 1.7868 | cls_loss: 1.0073 | aux_loss: 0.7796 | hpec_final_ce: 0.6920 | hpec_energy_w: 0.1369 | temporal_pred: 0.7796 | dag_loss: 6.811e-04 | temporal_sparse: 0.0118 | temporal_smooth: 0.0039 | val_loss: 1.0167 | m34_branch_ce_w: 0.1438 | sample_l1: 0.0005 | sample_dev: 0.0000
------------------------------------------------------------------------
[Graph Diagnostics] dag_raw: 0.3458 | graph_mass: 0.0019 | direction: 0.6560 | alag_mass: 0.0019 | alag_direction: 0.6560 | a0_mass: 0.0536 | a0_direction: 0.1237 | attn_entropy: 0.0000 | gate_mass: 0.0000 | graph_delta: 0.0005 | z_radius: 0.6317 | z_tangent: 0.7446 | fc_residual: 0.0000 | fc_anchor_gate: 0.0000 | fc_anchor_update: 0.0000 | film_scale: 0.0000 | film_shift: 0.0000 | proto_cos_mean: 0.3333 | proto_cos_max: 0.3994 | proto_same_max: 0.3994 | proto_radius: 0.2913 | proto_logit_margin: 0.0461 | proto_logit_abs: 0.0231 | energy_margin: 0.0610 | sim_margin: 0.0000 | hpec_cal_margin: 0.4059 | pos_prob: 0.4588
------------------------------------------------------------------------
[Train Metrics] train_acc: 0.5584 | train_precision: 0.4969 | train_recall: 0.4971 | train_macro_f1: 0.4966 | train_roc_auc: 0.5088
------------------------------------------------------------------------
[Validation Metrics] val_acc: 0.6456 | val_precision: 0.5476 | val_recall: 0.5171 | val_macro_f1: 0.4753 | val_roc_auc: 0.5228
========================================================================
[Train Branch Metrics] final_cached: acc=0.5584, f1=0.4966, auc=0.5088 | gcn_fallback: acc=0.6088, f1=0.4773, auc=0.5071 | gcn_fc_only: acc=0.5142, f1=0.5051, auc=0.5085 | gcn_graph_only: acc=0.5615, f1=0.4937, auc=0.5117 | hpec_energy: acc=0.6215, f1=0.4383, auc=0.5127 | module34_branch: acc=0.5016, f1=0.4811, auc=0.5049
[Validation Branch Metrics] final_cached: acc=0.6456, f1=0.4753, auc=0.5228 | gcn_fallback: acc=0.6582, f1=0.3969, auc=0.6667 | gcn_fc_only: acc=0.5190, f1=0.5010, auc=0.5221 | gcn_graph_only: acc=0.6582, f1=0.3969, auc=0.4309 | hpec_energy: acc=0.6582, f1=0.3969, auc=0.5769 | module34_branch: acc=0.4810, f1=0.4642, auc=0.5028

========================================================================
Epoch 10/50 | train_best_threshold: 0.50 | train_best_macro_f1: 0.6545 | val_best_threshold: 0.56 | val_best_macro_f1: 0.6513
------------------------------------------------------------------------
[Loss] total_loss: 1.4263 | cls_loss: 0.8880 | aux_loss: 0.5383 | hpec_final_ce: 0.6088 | hpec_energy_w: 0.1271 | temporal_pred: 0.5383 | dag_loss: 0.0010 | temporal_sparse: 0.0128 | temporal_smooth: 0.0042 | val_loss: 0.9577 | m34_branch_ce_w: 0.1187 | sample_l1: 0.0005 | sample_dev: 0.0000
------------------------------------------------------------------------
[Graph Diagnostics] dag_raw: 0.4078 | graph_mass: 0.0020 | direction: 0.6633 | alag_mass: 0.0020 | alag_direction: 0.6633 | a0_mass: 0.0582 | a0_direction: 0.1237 | attn_entropy: 0.0000 | gate_mass: 0.0000 | graph_delta: 0.0005 | z_radius: 0.5533 | z_tangent: 0.6233 | fc_residual: 0.0000 | fc_anchor_gate: 0.0000 | fc_anchor_update: 0.0000 | film_scale: 0.0000 | film_shift: 0.0000 | proto_cos_mean: 0.3333 | proto_cos_max: 0.3994 | proto_same_max: 0.3994 | proto_radius: 0.2913 | proto_logit_margin: 0.4704 | proto_logit_abs: 0.2352 | energy_margin: 0.4637 | sim_margin: 0.0000 | hpec_cal_margin: 0.3979 | pos_prob: 0.4002
------------------------------------------------------------------------
[Train Metrics] train_acc: 0.7319 | train_precision: 0.7133 | train_recall: 0.6464 | train_macro_f1: 0.6545 | train_roc_auc: 0.7188
------------------------------------------------------------------------
[Validation Metrics] val_acc: 0.7089 | val_precision: 0.6830 | val_recall: 0.6186 | val_macro_f1: 0.6212 | val_roc_auc: 0.6937
========================================================================
[Train Branch Metrics] final_cached: acc=0.7319, f1=0.6545, auc=0.7188 | gcn_fallback: acc=0.6845, f1=0.5749, auc=0.6043 | gcn_fc_only: acc=0.4669, f1=0.4379, auc=0.4026 | gcn_graph_only: acc=0.5394, f1=0.4940, auc=0.5059 | hpec_energy: acc=0.6625, f1=0.3985, auc=0.7923 | module34_branch: acc=0.7382, f1=0.7204, auc=0.7939
[Validation Branch Metrics] final_cached: acc=0.7089, f1=0.6212, auc=0.6937 | gcn_fallback: acc=0.7722, f1=0.6987, auc=0.7436 | gcn_fc_only: acc=0.5443, f1=0.4330, auc=0.2934 | gcn_graph_only: acc=0.6582, f1=0.3969, auc=0.4526 | hpec_energy: acc=0.6582, f1=0.3969, auc=0.6061 | module34_branch: acc=0.6456, f1=0.6238, auc=0.5627

========================================================================
Epoch 20/50 | train_best_threshold: 0.43 | train_best_macro_f1: 0.7007 | val_best_threshold: 0.49 | val_best_macro_f1: 0.6871
------------------------------------------------------------------------
[Loss] total_loss: 1.3736 | cls_loss: 0.8438 | aux_loss: 0.5298 | hpec_final_ce: 0.5695 | hpec_energy_w: 0.1269 | temporal_pred: 0.5298 | dag_loss: 0.0015 | temporal_sparse: 0.0138 | temporal_smooth: 0.0046 | val_loss: 0.9163 | m34_branch_ce_w: 0.1135 | sample_l1: 0.0006 | sample_dev: 0.0000
------------------------------------------------------------------------
[Graph Diagnostics] dag_raw: 0.4765 | graph_mass: 0.0022 | direction: 0.6558 | alag_mass: 0.0022 | alag_direction: 0.6558 | a0_mass: 0.0629 | a0_direction: 0.1237 | attn_entropy: 0.0000 | gate_mass: 0.0000 | graph_delta: 0.0006 | z_radius: 0.4958 | z_tangent: 0.5438 | fc_residual: 0.0000 | fc_anchor_gate: 0.0000 | fc_anchor_update: 0.0000 | film_scale: 0.0000 | film_shift: 0.0000 | proto_cos_mean: 0.3333 | proto_cos_max: 0.3994 | proto_same_max: 0.3994 | proto_radius: 0.2913 | proto_logit_margin: 0.5613 | proto_logit_abs: 0.2807 | energy_margin: 0.5592 | sim_margin: 0.0000 | hpec_cal_margin: 0.4025 | pos_prob: 0.4079
------------------------------------------------------------------------
[Train Metrics] train_acc: 0.7413 | train_precision: 0.7181 | train_recall: 0.6695 | train_macro_f1: 0.6798 | train_roc_auc: 0.7785
------------------------------------------------------------------------
[Validation Metrics] val_acc: 0.7595 | val_precision: 0.7698 | val_recall: 0.6749 | val_macro_f1: 0.6871 | val_roc_auc: 0.7472
========================================================================
[Train Branch Metrics] final_cached: acc=0.7413, f1=0.6798, auc=0.7785 | gcn_fallback: acc=0.7003, f1=0.6351, auc=0.6466 | gcn_fc_only: acc=0.4984, f1=0.4711, auc=0.4234 | gcn_graph_only: acc=0.5678, f1=0.5242, auc=0.5489 | hpec_energy: acc=0.6625, f1=0.3985, auc=0.8404 | module34_branch: acc=0.7634, f1=0.7384, auc=0.8397
[Validation Branch Metrics] final_cached: acc=0.7595, f1=0.6871, auc=0.7472 | gcn_fallback: acc=0.7089, f1=0.6517, auc=0.7571 | gcn_fc_only: acc=0.4177, f1=0.4062, auc=0.3426 | gcn_graph_only: acc=0.6582, f1=0.3969, auc=0.4637 | hpec_energy: acc=0.6582, f1=0.3969, auc=0.6147 | module34_branch: acc=0.6076, f1=0.5677, auc=0.5691

========================================================================
Epoch 30/50 | train_best_threshold: 0.43 | train_best_macro_f1: 0.7793 | val_best_threshold: 0.50 | val_best_macro_f1: 0.7165
------------------------------------------------------------------------
[Loss] total_loss: 1.3305 | cls_loss: 0.8040 | aux_loss: 0.5266 | hpec_final_ce: 0.5359 | hpec_energy_w: 0.1266 | temporal_pred: 0.5266 | dag_loss: 0.0019 | temporal_sparse: 0.0145 | temporal_smooth: 0.0048 | val_loss: 0.9131 | m34_branch_ce_w: 0.1071 | sample_l1: 0.0006 | sample_dev: 0.0000
------------------------------------------------------------------------
[Graph Diagnostics] dag_raw: 0.5269 | graph_mass: 0.0023 | direction: 0.6573 | alag_mass: 0.0023 | alag_direction: 0.6573 | a0_mass: 0.0661 | a0_direction: 0.1237 | attn_entropy: 0.0000 | gate_mass: 0.0000 | graph_delta: 0.0006 | z_radius: 0.4611 | z_tangent: 0.4988 | fc_residual: 0.0000 | fc_anchor_gate: 0.0000 | fc_anchor_update: 0.0000 | film_scale: 0.0000 | film_shift: 0.0000 | proto_cos_mean: 0.2841 | proto_cos_max: 0.5886 | proto_same_max: 0.5886 | proto_radius: 0.2747 | proto_logit_margin: 0.7329 | proto_logit_abs: 0.3664 | energy_margin: 0.6543 | sim_margin: 0.0000 | hpec_cal_margin: 0.4063 | pos_prob: 0.4025
------------------------------------------------------------------------
[Train Metrics] train_acc: 0.7760 | train_precision: 0.7693 | train_recall: 0.7072 | train_macro_f1: 0.7218 | train_roc_auc: 0.8398
------------------------------------------------------------------------
[Validation Metrics] val_acc: 0.7722 | val_precision: 0.7694 | val_recall: 0.7023 | val_macro_f1: 0.7165 | val_roc_auc: 0.7493
========================================================================
[Train Branch Metrics] final_cached: acc=0.7760, f1=0.7218, auc=0.8398 | gcn_fallback: acc=0.7003, f1=0.6224, auc=0.6877 | gcn_fc_only: acc=0.4353, f1=0.4232, auc=0.4011 | gcn_graph_only: acc=0.6088, f1=0.5666, auc=0.5794 | hpec_energy: acc=0.6625, f1=0.3985, auc=0.9112 | module34_branch: acc=0.8297, f1=0.8077, auc=0.9228
[Validation Branch Metrics] final_cached: acc=0.7722, f1=0.7165, auc=0.7493 | gcn_fallback: acc=0.7215, f1=0.6708, auc=0.7557 | gcn_fc_only: acc=0.2785, f1=0.2743, auc=0.3113 | gcn_graph_only: acc=0.6582, f1=0.3969, auc=0.4729 | hpec_energy: acc=0.6582, f1=0.3969, auc=0.5897 | module34_branch: acc=0.5823, f1=0.5315, auc=0.5584

========================================================================
Epoch 40/50 | train_best_threshold: 0.39 | train_best_macro_f1: 0.7485 | val_best_threshold: 0.52 | val_best_macro_f1: 0.7200
------------------------------------------------------------------------
[Loss] total_loss: 1.3245 | cls_loss: 0.7995 | aux_loss: 0.5250 | hpec_final_ce: 0.5319 | hpec_energy_w: 0.1270 | temporal_pred: 0.5250 | dag_loss: 0.0022 | temporal_sparse: 0.0148 | temporal_smooth: 0.0049 | val_loss: 0.9113 | m34_branch_ce_w: 0.1067 | sample_l1: 0.0006 | sample_dev: 0.0000
------------------------------------------------------------------------
[Graph Diagnostics] dag_raw: 0.5510 | graph_mass: 0.0024 | direction: 0.6570 | alag_mass: 0.0024 | alag_direction: 0.6570 | a0_mass: 0.0676 | a0_direction: 0.1237 | attn_entropy: 0.0000 | gate_mass: 0.0000 | graph_delta: 0.0006 | z_radius: 0.4595 | z_tangent: 0.4967 | fc_residual: 0.0000 | fc_anchor_gate: 0.0000 | fc_anchor_update: 0.0000 | film_scale: 0.0000 | film_shift: 0.0000 | proto_cos_mean: 0.3321 | proto_cos_max: 0.6672 | proto_same_max: 0.6673 | proto_radius: 0.2768 | proto_logit_margin: 0.6167 | proto_logit_abs: 0.3084 | energy_margin: 0.5548 | sim_margin: 0.0000 | hpec_cal_margin: 0.4040 | pos_prob: 0.3982
------------------------------------------------------------------------
[Train Metrics] train_acc: 0.7792 | train_precision: 0.7884 | train_recall: 0.7004 | train_macro_f1: 0.7166 | train_roc_auc: 0.8498
------------------------------------------------------------------------
[Validation Metrics] val_acc: 0.7595 | val_precision: 0.7560 | val_recall: 0.6838 | val_macro_f1: 0.6965 | val_roc_auc: 0.7479
========================================================================
[Train Branch Metrics] final_cached: acc=0.7792, f1=0.7166, auc=0.8498 | gcn_fallback: acc=0.7161, f1=0.6383, auc=0.6721 | gcn_fc_only: acc=0.4353, f1=0.4280, auc=0.3779 | gcn_graph_only: acc=0.5268, f1=0.4710, auc=0.4895 | hpec_energy: acc=0.6625, f1=0.3985, auc=0.9324 | module34_branch: acc=0.8644, f1=0.8434, auc=0.9226
[Validation Branch Metrics] final_cached: acc=0.7595, f1=0.6965, auc=0.7479 | gcn_fallback: acc=0.7089, f1=0.6517, auc=0.7507 | gcn_fc_only: acc=0.2785, f1=0.2667, auc=0.3340 | gcn_graph_only: acc=0.6582, f1=0.3969, auc=0.4736 | hpec_energy: acc=0.6582, f1=0.3969, auc=0.5769 | module34_branch: acc=0.6203, f1=0.5780, auc=0.5584

========================================================================
Epoch 50/50 | train_best_threshold: 0.42 | train_best_macro_f1: 0.7997 | val_best_threshold: 0.53 | val_best_macro_f1: 0.7200
------------------------------------------------------------------------
[Loss] total_loss: 1.3137 | cls_loss: 0.7892 | aux_loss: 0.5244 | hpec_final_ce: 0.5222 | hpec_energy_w: 0.1286 | temporal_pred: 0.5244 | dag_loss: 0.0022 | temporal_sparse: 0.0149 | temporal_smooth: 0.0049 | val_loss: 0.9066 | m34_branch_ce_w: 0.1049 | sample_l1: 0.0006 | sample_dev: 0.0000
------------------------------------------------------------------------
[Graph Diagnostics] dag_raw: 0.5555 | graph_mass: 0.0024 | direction: 0.6623 | alag_mass: 0.0024 | alag_direction: 0.6623 | a0_mass: 0.0679 | a0_direction: 0.1237 | attn_entropy: 0.0000 | gate_mass: 0.0000 | graph_delta: 0.0006 | z_radius: 0.4633 | z_tangent: 0.5015 | fc_residual: 0.0000 | fc_anchor_gate: 0.0000 | fc_anchor_update: 0.0000 | film_scale: 0.0000 | film_shift: 0.0000 | proto_cos_mean: 0.3682 | proto_cos_max: 0.7558 | proto_same_max: 0.6322 | proto_radius: 0.2870 | proto_logit_margin: 0.3787 | proto_logit_abs: 0.1894 | energy_margin: 0.3860 | sim_margin: 0.0000 | hpec_cal_margin: 0.4047 | pos_prob: 0.3991
------------------------------------------------------------------------
[Train Metrics] train_acc: 0.7697 | train_precision: 0.7714 | train_recall: 0.6910 | train_macro_f1: 0.7055 | train_roc_auc: 0.8551
------------------------------------------------------------------------
[Validation Metrics] val_acc: 0.7468 | val_precision: 0.7320 | val_recall: 0.6741 | val_macro_f1: 0.6850 | val_roc_auc: 0.7486
========================================================================
[Train Branch Metrics] final_cached: acc=0.7697, f1=0.7055, auc=0.8551 | gcn_fallback: acc=0.7319, f1=0.6621, auc=0.6914 | gcn_fc_only: acc=0.4069, f1=0.3936, auc=0.3621 | gcn_graph_only: acc=0.5174, f1=0.4730, auc=0.4270 | hpec_energy: acc=0.6625, f1=0.3985, auc=0.9332 | module34_branch: acc=0.8896, f1=0.8745, auc=0.9412
[Validation Branch Metrics] final_cached: acc=0.7468, f1=0.6850, auc=0.7486 | gcn_fallback: acc=0.7089, f1=0.6517, auc=0.7500 | gcn_fc_only: acc=0.2911, f1=0.2855, auc=0.3291 | gcn_graph_only: acc=0.6582, f1=0.3969, auc=0.4722 | hpec_energy: acc=0.6582, f1=0.3969, auc=0.5719 | module34_branch: acc=0.6076, f1=0.5677, auc=0.5570
Fold 4 final-epoch test raw-threshold: accuracy=0.7342, precision=0.7264, recall=0.6467, macro_f1=0.6542, roc_auc=0.7301
Fold 4 training wall time: 64.90s
Fold 4 final-epoch test raw diagnostics: target_counts=[52, 27] | pred_counts=[65, 14] | prob_pos[min/mean/max]=0.2093/0.4222/0.8998
[Fold 4 Raw Test Branch Metrics] final_cached: acc=0.7342, f1=0.6542, auc=0.7301 | gcn_fallback: acc=0.7342, f1=0.6645, auc=0.7528 | gcn_fc_only: acc=0.3038, f1=0.3020, auc=0.3383 | gcn_graph_only: acc=0.6582, f1=0.3969, auc=0.4701 | hpec_energy: acc=0.6582, f1=0.3969, auc=0.5983 | module34_branch: acc=0.6076, f1=0.5677, auc=0.5548
Fold 4 final-epoch test uses final-epoch threshold: 0.5300
Fold 4 final-epoch test thresholded diagnostics: target_counts=[52, 27] | pred_counts=[69, 10] | prob_pos[min/mean/max]=0.2093/0.4222/0.8998
Fold 5/5 S-DeCI modules: use_deci_module1=1, use_causal_module2=1, use_hgcn_module3=1, use_hpec_module4=1, use_hyperbolic_modules34=1, classification_path=gcn_fallback_plus_hgcn_hpec_dual_consensus, node_feature=alff_falff_physiological_feature, adjacency=causal_graph_blended_with_sample_correlation

========================================================================
Epoch 1/50 | train_best_threshold: 0.51 | train_best_macro_f1: 0.5134 | val_best_threshold: 0.45 | val_best_macro_f1: 0.6624
------------------------------------------------------------------------
[Loss] total_loss: 1.7912 | cls_loss: 1.0114 | aux_loss: 0.7798 | hpec_final_ce: 0.6970 | hpec_energy_w: 0.1359 | temporal_pred: 0.7798 | dag_loss: 6.811e-04 | temporal_sparse: 0.0118 | temporal_smooth: 0.0039 | val_loss: 0.9983 | m34_branch_ce_w: 0.1441 | sample_l1: 0.0005 | sample_dev: 0.0000
------------------------------------------------------------------------
[Graph Diagnostics] dag_raw: 0.3458 | graph_mass: 0.0019 | direction: 0.6529 | alag_mass: 0.0019 | alag_direction: 0.6529 | a0_mass: 0.0536 | a0_direction: 0.1237 | attn_entropy: 0.0000 | gate_mass: 0.0000 | graph_delta: 0.0005 | z_radius: 0.6321 | z_tangent: 0.7452 | fc_residual: 0.0000 | fc_anchor_gate: 0.0000 | fc_anchor_update: 0.0000 | film_scale: 0.0000 | film_shift: 0.0000 | proto_cos_mean: 0.3333 | proto_cos_max: 0.3994 | proto_same_max: 0.3994 | proto_radius: 0.2913 | proto_logit_margin: 0.0805 | proto_logit_abs: 0.0403 | energy_margin: 0.0830 | sim_margin: 0.0000 | hpec_cal_margin: 0.4061 | pos_prob: 0.4743
------------------------------------------------------------------------
[Train Metrics] train_acc: 0.5300 | train_precision: 0.4921 | train_recall: 0.4917 | train_macro_f1: 0.4907 | train_roc_auc: 0.5061
------------------------------------------------------------------------
[Validation Metrics] val_acc: 0.6582 | val_precision: 0.5880 | val_recall: 0.5356 | val_macro_f1: 0.5045 | val_roc_auc: 0.6154
========================================================================
[Train Branch Metrics] final_cached: acc=0.5300, f1=0.4907, auc=0.5061 | gcn_fallback: acc=0.5931, f1=0.5108, auc=0.5027 | gcn_fc_only: acc=0.4732, f1=0.4678, auc=0.4930 | gcn_graph_only: acc=0.5584, f1=0.4914, auc=0.4893 | hpec_energy: acc=0.6530, f1=0.4197, auc=0.5340 | module34_branch: acc=0.5331, f1=0.5186, auc=0.5165
[Validation Branch Metrics] final_cached: acc=0.6582, f1=0.5045, auc=0.6154 | gcn_fallback: acc=0.6582, f1=0.3969, auc=0.6325 | gcn_fc_only: acc=0.3797, f1=0.3761, auc=0.4302 | gcn_graph_only: acc=0.6582, f1=0.3969, auc=0.5370 | hpec_energy: acc=0.6582, f1=0.3969, auc=0.5997 | module34_branch: acc=0.5823, f1=0.5687, auc=0.5976

========================================================================
Epoch 10/50 | train_best_threshold: 0.47 | train_best_macro_f1: 0.7071 | val_best_threshold: 0.36 | val_best_macro_f1: 0.6569
------------------------------------------------------------------------
[Loss] total_loss: 1.3978 | cls_loss: 0.8591 | aux_loss: 0.5387 | hpec_final_ce: 0.5748 | hpec_energy_w: 0.1303 | temporal_pred: 0.5387 | dag_loss: 0.0010 | temporal_sparse: 0.0128 | temporal_smooth: 0.0042 | val_loss: 0.9948 | m34_branch_ce_w: 0.1205 | sample_l1: 0.0005 | sample_dev: 0.0000
------------------------------------------------------------------------
[Graph Diagnostics] dag_raw: 0.4078 | graph_mass: 0.0020 | direction: 0.6508 | alag_mass: 0.0020 | alag_direction: 0.6508 | a0_mass: 0.0582 | a0_direction: 0.1237 | attn_entropy: 0.0000 | gate_mass: 0.0000 | graph_delta: 0.0005 | z_radius: 0.5797 | z_tangent: 0.6622 | fc_residual: 0.0000 | fc_anchor_gate: 0.0000 | fc_anchor_update: 0.0000 | film_scale: 0.0000 | film_shift: 0.0000 | proto_cos_mean: 0.3333 | proto_cos_max: 0.3994 | proto_same_max: 0.3994 | proto_radius: 0.2913 | proto_logit_margin: 0.2718 | proto_logit_abs: 0.1359 | energy_margin: 0.2560 | sim_margin: 0.0000 | hpec_cal_margin: 0.3970 | pos_prob: 0.4033
------------------------------------------------------------------------
[Train Metrics] train_acc: 0.7476 | train_precision: 0.7328 | train_recall: 0.6697 | train_macro_f1: 0.6809 | train_roc_auc: 0.7603
------------------------------------------------------------------------
[Validation Metrics] val_acc: 0.6709 | val_precision: 0.6206 | val_recall: 0.5541 | val_macro_f1: 0.5323 | val_roc_auc: 0.6830
========================================================================
[Train Branch Metrics] final_cached: acc=0.7476, f1=0.6809, auc=0.7603 | gcn_fallback: acc=0.7319, f1=0.6597, auc=0.6957 | gcn_fc_only: acc=0.4322, f1=0.4315, auc=0.4197 | gcn_graph_only: acc=0.5205, f1=0.4639, auc=0.4540 | hpec_energy: acc=0.6625, f1=0.3985, auc=0.7793 | module34_branch: acc=0.7161, f1=0.6941, auc=0.7592
[Validation Branch Metrics] final_cached: acc=0.6709, f1=0.5323, auc=0.6830 | gcn_fallback: acc=0.6835, f1=0.5412, auc=0.6182 | gcn_fc_only: acc=0.3165, f1=0.2645, auc=0.4929 | gcn_graph_only: acc=0.6582, f1=0.3969, auc=0.5157 | hpec_energy: acc=0.6582, f1=0.3969, auc=0.5905 | module34_branch: acc=0.5823, f1=0.5398, auc=0.6189

========================================================================
Epoch 20/50 | train_best_threshold: 0.45 | train_best_macro_f1: 0.7294 | val_best_threshold: 0.32 | val_best_macro_f1: 0.6235
------------------------------------------------------------------------
[Loss] total_loss: 1.3486 | cls_loss: 0.8188 | aux_loss: 0.5298 | hpec_final_ce: 0.5390 | hpec_energy_w: 0.1296 | temporal_pred: 0.5298 | dag_loss: 0.0015 | temporal_sparse: 0.0138 | temporal_smooth: 0.0045 | val_loss: 1.0094 | m34_branch_ce_w: 0.1167 | sample_l1: 0.0006 | sample_dev: 0.0000
------------------------------------------------------------------------
[Graph Diagnostics] dag_raw: 0.4765 | graph_mass: 0.0022 | direction: 0.6561 | alag_mass: 0.0022 | alag_direction: 0.6561 | a0_mass: 0.0629 | a0_direction: 0.1237 | attn_entropy: 0.0000 | gate_mass: 0.0000 | graph_delta: 0.0006 | z_radius: 0.5862 | z_tangent: 0.6720 | fc_residual: 0.0000 | fc_anchor_gate: 0.0000 | fc_anchor_update: 0.0000 | film_scale: 0.0000 | film_shift: 0.0000 | proto_cos_mean: 0.3333 | proto_cos_max: 0.3994 | proto_same_max: 0.3994 | proto_radius: 0.2913 | proto_logit_margin: 0.3238 | proto_logit_abs: 0.1619 | energy_margin: 0.3060 | sim_margin: 0.0000 | hpec_cal_margin: 0.4061 | pos_prob: 0.3999
------------------------------------------------------------------------
[Train Metrics] train_acc: 0.7539 | train_precision: 0.7450 | train_recall: 0.6745 | train_macro_f1: 0.6865 | train_roc_auc: 0.7964
------------------------------------------------------------------------
[Validation Metrics] val_acc: 0.6962 | val_precision: 0.7044 | val_recall: 0.5734 | val_macro_f1: 0.5503 | val_roc_auc: 0.6738
========================================================================
[Train Branch Metrics] final_cached: acc=0.7539, f1=0.6865, auc=0.7964 | gcn_fallback: acc=0.7192, f1=0.6437, auc=0.7077 | gcn_fc_only: acc=0.4416, f1=0.4366, auc=0.4049 | gcn_graph_only: acc=0.5931, f1=0.5418, auc=0.5441 | hpec_energy: acc=0.6625, f1=0.3985, auc=0.8011 | module34_branch: acc=0.7382, f1=0.7129, auc=0.8046
[Validation Branch Metrics] final_cached: acc=0.6962, f1=0.5503, auc=0.6738 | gcn_fallback: acc=0.6835, f1=0.5412, auc=0.5962 | gcn_fc_only: acc=0.3165, f1=0.2645, auc=0.5093 | gcn_graph_only: acc=0.6582, f1=0.3969, auc=0.5356 | hpec_energy: acc=0.6582, f1=0.3969, auc=0.5947 | module34_branch: acc=0.6203, f1=0.5780, auc=0.6111

========================================================================
Epoch 30/50 | train_best_threshold: 0.50 | train_best_macro_f1: 0.7297 | val_best_threshold: 0.35 | val_best_macro_f1: 0.6235
------------------------------------------------------------------------
[Loss] total_loss: 1.3404 | cls_loss: 0.8139 | aux_loss: 0.5264 | hpec_final_ce: 0.5382 | hpec_energy_w: 0.1268 | temporal_pred: 0.5264 | dag_loss: 0.0019 | temporal_sparse: 0.0145 | temporal_smooth: 0.0048 | val_loss: 0.9956 | m34_branch_ce_w: 0.1153 | sample_l1: 0.0006 | sample_dev: 0.0000
------------------------------------------------------------------------
[Graph Diagnostics] dag_raw: 0.5269 | graph_mass: 0.0023 | direction: 0.6625 | alag_mass: 0.0023 | alag_direction: 0.6625 | a0_mass: 0.0661 | a0_direction: 0.1237 | attn_entropy: 0.0000 | gate_mass: 0.0000 | graph_delta: 0.0006 | z_radius: 0.5830 | z_tangent: 0.6672 | fc_residual: 0.0000 | fc_anchor_gate: 0.0000 | fc_anchor_update: 0.0000 | film_scale: 0.0000 | film_shift: 0.0000 | proto_cos_mean: 0.2857 | proto_cos_max: 0.4748 | proto_same_max: 0.4748 | proto_radius: 0.2728 | proto_logit_margin: 0.5806 | proto_logit_abs: 0.2903 | energy_margin: 0.4708 | sim_margin: 0.0000 | hpec_cal_margin: 0.4115 | pos_prob: 0.4071
------------------------------------------------------------------------
[Train Metrics] train_acc: 0.7886 | train_precision: 0.8015 | train_recall: 0.7121 | train_macro_f1: 0.7297 | train_roc_auc: 0.7807
------------------------------------------------------------------------
[Validation Metrics] val_acc: 0.6835 | val_precision: 0.6424 | val_recall: 0.5816 | val_macro_f1: 0.5744 | val_roc_auc: 0.6709
========================================================================
[Train Branch Metrics] final_cached: acc=0.7886, f1=0.7297, auc=0.7807 | gcn_fallback: acc=0.7445, f1=0.6826, auc=0.6918 | gcn_fc_only: acc=0.4479, f1=0.4143, auc=0.3759 | gcn_graph_only: acc=0.5331, f1=0.4932, auc=0.4617 | hpec_energy: acc=0.6625, f1=0.3985, auc=0.8224 | module34_branch: acc=0.7539, f1=0.7249, auc=0.8147
[Validation Branch Metrics] final_cached: acc=0.6835, f1=0.5744, auc=0.6709 | gcn_fallback: acc=0.6582, f1=0.5404, auc=0.5962 | gcn_fc_only: acc=0.3797, f1=0.3733, auc=0.5192 | gcn_graph_only: acc=0.6582, f1=0.3969, auc=0.5370 | hpec_energy: acc=0.6582, f1=0.3969, auc=0.5919 | module34_branch: acc=0.6709, f1=0.6196, auc=0.6204

========================================================================
Epoch 40/50 | train_best_threshold: 0.40 | train_best_macro_f1: 0.7490 | val_best_threshold: 0.35 | val_best_macro_f1: 0.6061
------------------------------------------------------------------------
[Loss] total_loss: 1.3430 | cls_loss: 0.8177 | aux_loss: 0.5253 | hpec_final_ce: 0.5427 | hpec_energy_w: 0.1274 | temporal_pred: 0.5253 | dag_loss: 0.0022 | temporal_sparse: 0.0148 | temporal_smooth: 0.0049 | val_loss: 1.0000 | m34_branch_ce_w: 0.1143 | sample_l1: 0.0006 | sample_dev: 0.0000
------------------------------------------------------------------------
[Graph Diagnostics] dag_raw: 0.5510 | graph_mass: 0.0024 | direction: 0.6574 | alag_mass: 0.0024 | alag_direction: 0.6574 | a0_mass: 0.0676 | a0_direction: 0.1237 | attn_entropy: 0.0000 | gate_mass: 0.0000 | graph_delta: 0.0006 | z_radius: 0.5816 | z_tangent: 0.6649 | fc_residual: 0.0000 | fc_anchor_gate: 0.0000 | fc_anchor_update: 0.0000 | film_scale: 0.0000 | film_shift: 0.0000 | proto_cos_mean: 0.3363 | proto_cos_max: 0.6047 | proto_same_max: 0.4369 | proto_radius: 0.2803 | proto_logit_margin: 0.4810 | proto_logit_abs: 0.2405 | energy_margin: 0.3903 | sim_margin: 0.0000 | hpec_cal_margin: 0.4054 | pos_prob: 0.3946
------------------------------------------------------------------------
[Train Metrics] train_acc: 0.7666 | train_precision: 0.7648 | train_recall: 0.6886 | train_macro_f1: 0.7026 | train_roc_auc: 0.7966
------------------------------------------------------------------------
[Validation Metrics] val_acc: 0.6835 | val_precision: 0.6424 | val_recall: 0.5816 | val_macro_f1: 0.5744 | val_roc_auc: 0.6688
========================================================================
[Train Branch Metrics] final_cached: acc=0.7666, f1=0.7026, auc=0.7966 | gcn_fallback: acc=0.7256, f1=0.6542, auc=0.6962 | gcn_fc_only: acc=0.4196, f1=0.3907, auc=0.3340 | gcn_graph_only: acc=0.5300, f1=0.4945, auc=0.5077 | hpec_energy: acc=0.6625, f1=0.3985, auc=0.8355 | module34_branch: acc=0.7666, f1=0.7339, auc=0.8359
[Validation Branch Metrics] final_cached: acc=0.6835, f1=0.5744, auc=0.6688 | gcn_fallback: acc=0.6582, f1=0.5404, auc=0.5919 | gcn_fc_only: acc=0.3544, f1=0.3439, auc=0.5399 | gcn_graph_only: acc=0.6582, f1=0.3969, auc=0.5392 | hpec_energy: acc=0.6582, f1=0.3969, auc=0.5933 | module34_branch: acc=0.6835, f1=0.6302, auc=0.6232

========================================================================
Epoch 50/50 | train_best_threshold: 0.41 | train_best_macro_f1: 0.7535 | val_best_threshold: 0.35 | val_best_macro_f1: 0.6061
------------------------------------------------------------------------
[Loss] total_loss: 1.3210 | cls_loss: 0.7973 | aux_loss: 0.5237 | hpec_final_ce: 0.5205 | hpec_energy_w: 0.1296 | temporal_pred: 0.5237 | dag_loss: 0.0022 | temporal_sparse: 0.0149 | temporal_smooth: 0.0049 | val_loss: 0.9979 | m34_branch_ce_w: 0.1140 | sample_l1: 0.0006 | sample_dev: 0.0000
------------------------------------------------------------------------
[Graph Diagnostics] dag_raw: 0.5555 | graph_mass: 0.0024 | direction: 0.6527 | alag_mass: 0.0024 | alag_direction: 0.6527 | a0_mass: 0.0679 | a0_direction: 0.1237 | attn_entropy: 0.0000 | gate_mass: 0.0000 | graph_delta: 0.0006 | z_radius: 0.5829 | z_tangent: 0.6670 | fc_residual: 0.0000 | fc_anchor_gate: 0.0000 | fc_anchor_update: 0.0000 | film_scale: 0.0000 | film_shift: 0.0000 | proto_cos_mean: 0.3415 | proto_cos_max: 0.8320 | proto_same_max: 0.3693 | proto_radius: 0.2939 | proto_logit_margin: 0.2907 | proto_logit_abs: 0.1453 | energy_margin: 0.2568 | sim_margin: 0.0000 | hpec_cal_margin: 0.4036 | pos_prob: 0.3938
------------------------------------------------------------------------
[Train Metrics] train_acc: 0.7760 | train_precision: 0.7893 | train_recall: 0.6934 | train_macro_f1: 0.7092 | train_roc_auc: 0.8198
------------------------------------------------------------------------
[Validation Metrics] val_acc: 0.6835 | val_precision: 0.6424 | val_recall: 0.5816 | val_macro_f1: 0.5744 | val_roc_auc: 0.6681
========================================================================
[Train Branch Metrics] final_cached: acc=0.7760, f1=0.7092, auc=0.8198 | gcn_fallback: acc=0.7571, f1=0.6870, auc=0.7197 | gcn_fc_only: acc=0.5079, f1=0.4770, auc=0.4109 | gcn_graph_only: acc=0.5205, f1=0.4888, auc=0.5112 | hpec_energy: acc=0.6625, f1=0.3985, auc=0.8407 | module34_branch: acc=0.7950, f1=0.7669, auc=0.8314
[Validation Branch Metrics] final_cached: acc=0.6835, f1=0.5744, auc=0.6681 | gcn_fallback: acc=0.6582, f1=0.5404, auc=0.5926 | gcn_fc_only: acc=0.3418, f1=0.3288, auc=0.5370 | gcn_graph_only: acc=0.6582, f1=0.3969, auc=0.5335 | hpec_energy: acc=0.6582, f1=0.3969, auc=0.5905 | module34_branch: acc=0.6709, f1=0.6196, auc=0.6211
Fold 5 final-epoch test raw-threshold: accuracy=0.6962, precision=0.6711, recall=0.5912, macro_f1=0.5842, roc_auc=0.6724
Fold 5 training wall time: 65.12s
Fold 5 final-epoch test raw diagnostics: target_counts=[52, 27] | pred_counts=[68, 11] | prob_pos[min/mean/max]=0.2339/0.3762/0.9354
[Fold 5 Raw Test Branch Metrics] final_cached: acc=0.6962, f1=0.5842, auc=0.6724 | gcn_fallback: acc=0.6582, f1=0.5404, auc=0.5954 | gcn_fc_only: acc=0.3797, f1=0.3696, auc=0.5242 | gcn_graph_only: acc=0.6582, f1=0.3969, auc=0.5356 | hpec_energy: acc=0.6582, f1=0.3969, auc=0.5933 | module34_branch: acc=0.6582, f1=0.6091, auc=0.6132
Fold 5 final-epoch test uses final-epoch threshold: 0.3500
Fold 5 final-epoch test thresholded diagnostics: target_counts=[52, 27] | pred_counts=[46, 33] | prob_pos[min/mean/max]=0.2339/0.3762/0.9354
Final-epoch Test Avg (raw) accuracy: 0.7071, precision: 0.6794, recall: 0.6169, macro_f1: 0.6184, roc_auc: 0.6485, train_seconds: 332.08, avg_fold_seconds: 66.28
Standalone MDD best-config test completed.
accuracy: 0.7071, precision: 0.6794, recall: 0.6169, macro_f1: 0.6184, roc_auc: 0.6485, train_seconds: 332.08s
5-fold result saved to: E:\WorkingSpace\my_experience\result.xlsx [MDD_AAL116_50ep]
