Standalone MDD best-config test:
  [run] data=MDD, path=E:\WorkingSpace\my_experience\dataset\MDD, protocol=AAL116, folds=5, max_folds=1, epochs=50, batch_size=32, lr=0.001, device=cuda
  modules: module1=1, module2=1, module3(HGCN)=1, module4(HPEC)=1
Use GPU: cuda:0
Number of parameters: 1.41M
Fold 1/5 S-DeCI modules: use_deci_module1=1, use_causal_module2=1, use_hgcn_module3=1, use_hpec_module4=1, use_hyperbolic_modules34=1, classification_path=gcn_fallback_plus_hgcn_hpec_dual_consensus, node_feature=alff_falff_physiological_feature, adjacency=causal_graph_blended_with_sample_correlation

========================================================================
Epoch 1/50 | train_best_threshold: 0.47 | train_best_macro_f1: 0.4982 | val_best_threshold: 0.50 | val_best_macro_f1: 0.5762
------------------------------------------------------------------------
[Loss] total_loss: 1.7949 | cls_loss: 1.0151 | aux_loss: 0.7798 | hpec_final_ce: 0.6946 | hpec_energy_w: 0.1398 | temporal_pred: 0.7798 | dag_loss: 6.811e-04 | temporal_sparse: 0.0118 | temporal_smooth: 0.0039 | val_loss: 1.0116 | m34_branch_ce_w: 0.1458 | sample_l1: 0.0005 | sample_dev: 0.0000
------------------------------------------------------------------------
[Graph Diagnostics] dag_raw: 0.3458 | graph_mass: 0.0019 | direction: 0.6543 | alag_mass: 0.0019 | alag_direction: 0.6543 | a0_mass: 0.0536 | a0_direction: 0.1237 | attn_entropy: 0.0000 | gate_mass: 0.0000 | graph_delta: 0.0005 | z_radius: 0.6201 | z_tangent: 0.7255 | fc_residual: 0.0000 | fc_anchor_gate: 0.0000 | fc_anchor_update: 0.0000 | film_scale: 0.0000 | film_shift: 0.0000 | proto_cos_mean: 0.3333 | proto_cos_max: 0.3994 | proto_same_max: 0.3994 | proto_radius: 0.2913 | proto_logit_margin: 0.0535 | proto_logit_abs: 0.0267 | energy_margin: 0.0498 | sim_margin: 0.0000 | hpec_cal_margin: 0.4122 | pos_prob: 0.4574
------------------------------------------------------------------------
[Train Metrics] train_acc: 0.5633 | train_precision: 0.4937 | train_recall: 0.4943 | train_macro_f1: 0.4925 | train_roc_auc: 0.4932
------------------------------------------------------------------------
[Validation Metrics] val_acc: 0.6875 | val_precision: 0.6446 | val_recall: 0.5825 | val_macro_f1: 0.5762 | val_roc_auc: 0.6101
========================================================================
[Train Branch Metrics] final_cached: acc=0.5633, f1=0.4925, auc=0.4932 | gcn_fallback: acc=0.6392, f1=0.4660, auc=0.5046 | gcn_fc_only: acc=0.4209, f1=0.4206, auc=0.4684 | gcn_graph_only: acc=0.5253, f1=0.4873, auc=0.5002 | hpec_energy: acc=0.4304, f1=0.4296, auc=0.4748 | module34_branch: acc=0.4747, f1=0.4633, auc=0.4809
[Validation Branch Metrics] final_cached: acc=0.6875, f1=0.5762, auc=0.6101 | gcn_fallback: acc=0.6625, f1=0.3985, auc=0.6171 | gcn_fc_only: acc=0.3375, f1=0.2523, auc=0.4640 | gcn_graph_only: acc=0.6625, f1=0.3985, auc=0.5080 | hpec_energy: acc=0.6625, f1=0.3985, auc=0.5367 | module34_branch: acc=0.5250, f1=0.4933, auc=0.6017

========================================================================
Epoch 10/50 | train_best_threshold: 0.46 | train_best_macro_f1: 0.7058 | val_best_threshold: 0.43 | val_best_macro_f1: 0.6323
------------------------------------------------------------------------
[Loss] total_loss: 1.3979 | cls_loss: 0.8597 | aux_loss: 0.5382 | hpec_final_ce: 0.5778 | hpec_energy_w: 0.1269 | temporal_pred: 0.5381 | dag_loss: 0.0010 | temporal_sparse: 0.0128 | temporal_smooth: 0.0042 | val_loss: 1.0142 | m34_branch_ce_w: 0.1211 | sample_l1: 0.0005 | sample_dev: 0.0000
------------------------------------------------------------------------
[Graph Diagnostics] dag_raw: 0.4078 | graph_mass: 0.0020 | direction: 0.6568 | alag_mass: 0.0020 | alag_direction: 0.6568 | a0_mass: 0.0582 | a0_direction: 0.1237 | attn_entropy: 0.0000 | gate_mass: 0.0000 | graph_delta: 0.0005 | z_radius: 0.5659 | z_tangent: 0.6416 | fc_residual: 0.0000 | fc_anchor_gate: 0.0000 | fc_anchor_update: 0.0000 | film_scale: 0.0000 | film_shift: 0.0000 | proto_cos_mean: 0.3333 | proto_cos_max: 0.3994 | proto_same_max: 0.3994 | proto_radius: 0.2913 | proto_logit_margin: 0.5621 | proto_logit_abs: 0.2810 | energy_margin: 0.5583 | sim_margin: 0.0000 | hpec_cal_margin: 0.4052 | pos_prob: 0.3812
------------------------------------------------------------------------
[Train Metrics] train_acc: 0.7500 | train_precision: 0.7467 | train_recall: 0.6650 | train_macro_f1: 0.6760 | train_roc_auc: 0.7579
------------------------------------------------------------------------
[Validation Metrics] val_acc: 0.6875 | val_precision: 0.6446 | val_recall: 0.5825 | val_macro_f1: 0.5762 | val_roc_auc: 0.6080
========================================================================
[Train Branch Metrics] final_cached: acc=0.7500, f1=0.6760, auc=0.7579 | gcn_fallback: acc=0.7247, f1=0.6432, auc=0.6902 | gcn_fc_only: acc=0.3703, f1=0.3701, auc=0.4232 | gcn_graph_only: acc=0.5032, f1=0.4700, auc=0.4746 | hpec_energy: acc=0.6614, f1=0.3981, auc=0.7643 | module34_branch: acc=0.7025, f1=0.6843, auc=0.7572
[Validation Branch Metrics] final_cached: acc=0.6875, f1=0.5762, auc=0.6080 | gcn_fallback: acc=0.6750, f1=0.5803, auc=0.5863 | gcn_fc_only: acc=0.3000, f1=0.2533, auc=0.4563 | gcn_graph_only: acc=0.6625, f1=0.3985, auc=0.5122 | hpec_energy: acc=0.6625, f1=0.3985, auc=0.5912 | module34_branch: acc=0.6250, f1=0.5879, auc=0.5611

========================================================================
Epoch 20/50 | train_best_threshold: 0.41 | train_best_macro_f1: 0.7433 | val_best_threshold: 0.38 | val_best_macro_f1: 0.6354
------------------------------------------------------------------------
[Loss] total_loss: 1.3454 | cls_loss: 0.8149 | aux_loss: 0.5305 | hpec_final_ce: 0.5393 | hpec_energy_w: 0.1273 | temporal_pred: 0.5305 | dag_loss: 0.0015 | temporal_sparse: 0.0138 | temporal_smooth: 0.0045 | val_loss: 1.0151 | m34_branch_ce_w: 0.1142 | sample_l1: 0.0006 | sample_dev: 0.0000
------------------------------------------------------------------------
[Graph Diagnostics] dag_raw: 0.4765 | graph_mass: 0.0022 | direction: 0.6503 | alag_mass: 0.0022 | alag_direction: 0.6503 | a0_mass: 0.0629 | a0_direction: 0.1237 | attn_entropy: 0.0000 | gate_mass: 0.0000 | graph_delta: 0.0006 | z_radius: 0.5154 | z_tangent: 0.5701 | fc_residual: 0.0000 | fc_anchor_gate: 0.0000 | fc_anchor_update: 0.0000 | film_scale: 0.0000 | film_shift: 0.0000 | proto_cos_mean: 0.3333 | proto_cos_max: 0.3994 | proto_same_max: 0.3994 | proto_radius: 0.2913 | proto_logit_margin: 0.5721 | proto_logit_abs: 0.2861 | energy_margin: 0.5712 | sim_margin: 0.0000 | hpec_cal_margin: 0.4004 | pos_prob: 0.3960
------------------------------------------------------------------------
[Train Metrics] train_acc: 0.7627 | train_precision: 0.7609 | train_recall: 0.6837 | train_macro_f1: 0.6971 | train_roc_auc: 0.8083
------------------------------------------------------------------------
[Validation Metrics] val_acc: 0.6875 | val_precision: 0.6446 | val_recall: 0.5825 | val_macro_f1: 0.5762 | val_roc_auc: 0.6101
========================================================================
[Train Branch Metrics] final_cached: acc=0.7627, f1=0.6971, auc=0.8083 | gcn_fallback: acc=0.7310, f1=0.6593, auc=0.6941 | gcn_fc_only: acc=0.3449, f1=0.3430, auc=0.3872 | gcn_graph_only: acc=0.5633, f1=0.5102, auc=0.5242 | hpec_energy: acc=0.6614, f1=0.3981, auc=0.8425 | module34_branch: acc=0.7532, f1=0.7269, auc=0.8400
[Validation Branch Metrics] final_cached: acc=0.6875, f1=0.5762, auc=0.6101 | gcn_fallback: acc=0.6625, f1=0.5573, auc=0.5898 | gcn_fc_only: acc=0.3000, f1=0.2533, auc=0.4277 | gcn_graph_only: acc=0.6625, f1=0.3985, auc=0.5150 | hpec_energy: acc=0.6625, f1=0.3985, auc=0.6052 | module34_branch: acc=0.6500, f1=0.6011, auc=0.5765

========================================================================
Epoch 30/50 | train_best_threshold: 0.38 | train_best_macro_f1: 0.7804 | val_best_threshold: 0.38 | val_best_macro_f1: 0.6366
------------------------------------------------------------------------
[Loss] total_loss: 1.2815 | cls_loss: 0.7544 | aux_loss: 0.5272 | hpec_final_ce: 0.4877 | hpec_energy_w: 0.1269 | temporal_pred: 0.5272 | dag_loss: 0.0019 | temporal_sparse: 0.0145 | temporal_smooth: 0.0048 | val_loss: 1.0362 | m34_branch_ce_w: 0.1056 | sample_l1: 0.0006 | sample_dev: 0.0000
------------------------------------------------------------------------
[Graph Diagnostics] dag_raw: 0.5269 | graph_mass: 0.0023 | direction: 0.6506 | alag_mass: 0.0023 | alag_direction: 0.6506 | a0_mass: 0.0661 | a0_direction: 0.1237 | attn_entropy: 0.0000 | gate_mass: 0.0000 | graph_delta: 0.0006 | z_radius: 0.4808 | z_tangent: 0.5241 | fc_residual: 0.0000 | fc_anchor_gate: 0.0000 | fc_anchor_update: 0.0000 | film_scale: 0.0000 | film_shift: 0.0000 | proto_cos_mean: 0.2560 | proto_cos_max: 0.6255 | proto_same_max: 0.6256 | proto_radius: 0.2664 | proto_logit_margin: 0.6407 | proto_logit_abs: 0.3204 | energy_margin: 0.6198 | sim_margin: 0.0000 | hpec_cal_margin: 0.4025 | pos_prob: 0.3960
------------------------------------------------------------------------
[Train Metrics] train_acc: 0.8070 | train_precision: 0.8183 | train_recall: 0.7400 | train_macro_f1: 0.7590 | train_roc_auc: 0.8847
------------------------------------------------------------------------
[Validation Metrics] val_acc: 0.6875 | val_precision: 0.6418 | val_recall: 0.5915 | val_macro_f1: 0.5901 | val_roc_auc: 0.6066
========================================================================
[Train Branch Metrics] final_cached: acc=0.8070, f1=0.7590, auc=0.8847 | gcn_fallback: acc=0.7468, f1=0.6893, auc=0.7393 | gcn_fc_only: acc=0.3987, f1=0.3963, auc=0.4033 | gcn_graph_only: acc=0.5981, f1=0.5618, auc=0.5543 | hpec_energy: acc=0.6614, f1=0.3981, auc=0.9334 | module34_branch: acc=0.8608, f1=0.8423, auc=0.9357
[Validation Branch Metrics] final_cached: acc=0.6875, f1=0.5901, auc=0.6066 | gcn_fallback: acc=0.6500, f1=0.5480, auc=0.5884 | gcn_fc_only: acc=0.3125, f1=0.2800, auc=0.3955 | gcn_graph_only: acc=0.6625, f1=0.3985, auc=0.5192 | hpec_energy: acc=0.6625, f1=0.3985, auc=0.6583 | module34_branch: acc=0.6000, f1=0.5442, auc=0.5821

========================================================================
Epoch 40/50 | train_best_threshold: 0.39 | train_best_macro_f1: 0.7739 | val_best_threshold: 0.38 | val_best_macro_f1: 0.6260
------------------------------------------------------------------------
[Loss] total_loss: 1.2930 | cls_loss: 0.7675 | aux_loss: 0.5255 | hpec_final_ce: 0.5022 | hpec_energy_w: 0.1282 | temporal_pred: 0.5255 | dag_loss: 0.0022 | temporal_sparse: 0.0148 | temporal_smooth: 0.0049 | val_loss: 1.0308 | m34_branch_ce_w: 0.1036 | sample_l1: 0.0006 | sample_dev: 0.0000
------------------------------------------------------------------------
[Graph Diagnostics] dag_raw: 0.5510 | graph_mass: 0.0024 | direction: 0.6529 | alag_mass: 0.0024 | alag_direction: 0.6529 | a0_mass: 0.0676 | a0_direction: 0.1237 | attn_entropy: 0.0000 | gate_mass: 0.0000 | graph_delta: 0.0006 | z_radius: 0.4664 | z_tangent: 0.5054 | fc_residual: 0.0000 | fc_anchor_gate: 0.0000 | fc_anchor_update: 0.0000 | film_scale: 0.0000 | film_shift: 0.0000 | proto_cos_mean: 0.3586 | proto_cos_max: 0.6191 | proto_same_max: 0.6177 | proto_radius: 0.2731 | proto_logit_margin: 0.4247 | proto_logit_abs: 0.2124 | energy_margin: 0.4341 | sim_margin: 0.0000 | hpec_cal_margin: 0.4101 | pos_prob: 0.3951
------------------------------------------------------------------------
[Train Metrics] train_acc: 0.7911 | train_precision: 0.8040 | train_recall: 0.7167 | train_macro_f1: 0.7345 | train_roc_auc: 0.8665
------------------------------------------------------------------------
[Validation Metrics] val_acc: 0.7000 | val_precision: 0.6659 | val_recall: 0.6010 | val_macro_f1: 0.6000 | val_roc_auc: 0.6094
========================================================================
[Train Branch Metrics] final_cached: acc=0.7911, f1=0.7345, auc=0.8665 | gcn_fallback: acc=0.7215, f1=0.6559, auc=0.7154 | gcn_fc_only: acc=0.3449, f1=0.3444, auc=0.3570 | gcn_graph_only: acc=0.5348, f1=0.4795, auc=0.4704 | hpec_energy: acc=0.6614, f1=0.3981, auc=0.9698 | module34_branch: acc=0.8956, f1=0.8820, auc=0.9547
[Validation Branch Metrics] final_cached: acc=0.7000, f1=0.6000, auc=0.6094 | gcn_fallback: acc=0.6500, f1=0.5480, auc=0.5898 | gcn_fc_only: acc=0.3125, f1=0.2800, auc=0.3934 | gcn_graph_only: acc=0.6625, f1=0.3985, auc=0.5199 | hpec_energy: acc=0.6625, f1=0.3985, auc=0.6597 | module34_branch: acc=0.5875, f1=0.5251, auc=0.5660

========================================================================
Epoch 50/50 | train_best_threshold: 0.39 | train_best_macro_f1: 0.8148 | val_best_threshold: 0.39 | val_best_macro_f1: 0.6366
------------------------------------------------------------------------
[Loss] total_loss: 1.2715 | cls_loss: 0.7463 | aux_loss: 0.5252 | hpec_final_ce: 0.4797 | hpec_energy_w: 0.1303 | temporal_pred: 0.5252 | dag_loss: 0.0022 | temporal_sparse: 0.0149 | temporal_smooth: 0.0049 | val_loss: 1.0298 | m34_branch_ce_w: 0.1025 | sample_l1: 0.0006 | sample_dev: 0.0000
------------------------------------------------------------------------
[Graph Diagnostics] dag_raw: 0.5555 | graph_mass: 0.0024 | direction: 0.6545 | alag_mass: 0.0024 | alag_direction: 0.6545 | a0_mass: 0.0679 | a0_direction: 0.1237 | attn_entropy: 0.0000 | gate_mass: 0.0000 | graph_delta: 0.0006 | z_radius: 0.4667 | z_tangent: 0.5059 | fc_residual: 0.0000 | fc_anchor_gate: 0.0000 | fc_anchor_update: 0.0000 | film_scale: 0.0000 | film_shift: 0.0000 | proto_cos_mean: 0.4024 | proto_cos_max: 0.8523 | proto_same_max: 0.5162 | proto_radius: 0.2884 | proto_logit_margin: 0.2236 | proto_logit_abs: 0.1118 | energy_margin: 0.2885 | sim_margin: 0.0000 | hpec_cal_margin: 0.4105 | pos_prob: 0.3950
------------------------------------------------------------------------
[Train Metrics] train_acc: 0.7816 | train_precision: 0.7839 | train_recall: 0.7095 | train_macro_f1: 0.7254 | train_roc_auc: 0.8955
------------------------------------------------------------------------
[Validation Metrics] val_acc: 0.6875 | val_precision: 0.6418 | val_recall: 0.5915 | val_macro_f1: 0.5901 | val_roc_auc: 0.6087
========================================================================
[Train Branch Metrics] final_cached: acc=0.7816, f1=0.7254, auc=0.8955 | gcn_fallback: acc=0.7627, f1=0.7116, auc=0.7335 | gcn_fc_only: acc=0.3481, f1=0.3474, auc=0.3613 | gcn_graph_only: acc=0.5032, f1=0.4561, auc=0.4642 | hpec_energy: acc=0.6614, f1=0.3981, auc=0.9484 | module34_branch: acc=0.9146, f1=0.9015, auc=0.9621
[Validation Branch Metrics] final_cached: acc=0.6875, f1=0.5901, auc=0.6087 | gcn_fallback: acc=0.6625, f1=0.5707, auc=0.5905 | gcn_fc_only: acc=0.3125, f1=0.2800, auc=0.3920 | gcn_graph_only: acc=0.6625, f1=0.3985, auc=0.5234 | hpec_energy: acc=0.6625, f1=0.3985, auc=0.6555 | module34_branch: acc=0.6000, f1=0.5345, auc=0.5660
Fold 1 final-epoch test raw-threshold: accuracy=0.6875, precision=0.6418, recall=0.5915, macro_f1=0.5901, roc_auc=0.6045
Fold 1 training wall time: 102.75s
Fold 1 final-epoch test raw diagnostics: target_counts=[53, 27] | pred_counts=[66, 14] | prob_pos[min/mean/max]=0.2324/0.4008/0.9349
[Fold 1 Raw Test Branch Metrics] final_cached: acc=0.6875, f1=0.5901, auc=0.6045 | gcn_fallback: acc=0.6500, f1=0.5480, auc=0.5926 | gcn_fc_only: acc=0.3000, f1=0.2627, auc=0.3969 | gcn_graph_only: acc=0.6625, f1=0.3985, auc=0.5192 | hpec_energy: acc=0.6625, f1=0.3985, auc=0.6611 | module34_branch: acc=0.6000, f1=0.5528, auc=0.5814
Fold 1 final-epoch test uses final-epoch threshold: 0.3900
Fold 1 final-epoch test thresholded diagnostics: target_counts=[53, 27] | pred_counts=[49, 31] | prob_pos[min/mean/max]=0.2324/0.4008/0.9349
Final-epoch Test Avg (raw) accuracy: 0.6875, precision: 0.6418, recall: 0.5915, macro_f1: 0.5901, roc_auc: 0.6045, train_seconds: 103.35, avg_fold_seconds: 102.75
Standalone MDD best-config test completed.
accuracy: 0.6875, precision: 0.6418, recall: 0.5915, macro_f1: 0.5901, roc_auc: 0.6045, train_seconds: 103.35s
