Standalone MDD best-config test:
  [run] data=MDD, path=E:\WorkingSpace\my_experience\dataset\MDD, protocol=AAL116, folds=5, max_folds=5, epochs=50, batch_size=32, lr=0.001, device=cuda
  modules: module1=1, module2=1, module3(HGCN)=1, module4(HPEC)=1
Use GPU: cuda:0
Number of parameters: 1.41M
Fold 1/5 S-DeCI modules: use_deci_module1=1, use_causal_module2=1, use_hgcn_module3=1, use_hpec_module4=1, use_hyperbolic_modules34=1, classification_path=gcn_fallback_plus_hgcn_hpec_dual_consensus, node_feature=alff_falff_physiological_feature, adjacency=causal_graph_blended_with_sample_correlation

========================================================================
Epoch 1/50 | train_best_threshold: 0.47 | train_best_macro_f1: 0.4982 | val_best_threshold: 0.50 | val_best_macro_f1: 0.5762
------------------------------------------------------------------------
[Loss] total_loss: 1.7949 | cls_loss: 1.0151 | aux_loss: 0.7798 | hpec_final_ce: 0.6946 | hpec_energy_w: 0.1398 | temporal_pred: 0.7798 | dag_loss: 6.811e-04 | temporal_sparse: 0.0118 | temporal_smooth: 0.0039 | val_loss: 1.0116 | m34_branch_ce_w: 0.1458 | sample_l1: 0.0005 | sample_dev: 0.0000
------------------------------------------------------------------------
[Graph Diagnostics] dag_raw: 0.3458 | graph_mass: 0.0019 | direction: 0.6543 | alag_mass: 0.0019 | alag_direction: 0.6543 | a0_mass: 0.0536 | a0_direction: 0.1237 | attn_entropy: 0.0000 | gate_mass: 0.0000 | graph_delta: 0.0005 | z_radius: 0.6201 | z_tangent: 0.7255 | fc_residual: 0.0000 | fc_anchor_gate: 0.0000 | fc_anchor_update: 0.0000 | film_scale: 0.0000 | film_shift: 0.0000 | proto_cos_mean: 0.3333 | proto_cos_max: 0.3994 | proto_same_max: 0.3994 | proto_radius: 0.2913 | proto_logit_margin: 0.0535 | proto_logit_abs: 0.0267 | energy_margin: 0.0498 | sim_margin: 0.0000 | hpec_cal_margin: 0.4122 | pos_prob: 0.4574
------------------------------------------------------------------------
[Train Metrics] train_acc: 0.5633 | train_precision: 0.4937 | train_recall: 0.4943 | train_macro_f1: 0.4925 | train_roc_auc: 0.4932
------------------------------------------------------------------------
[Validation Metrics] val_acc: 0.6875 | val_precision: 0.6446 | val_recall: 0.5825 | val_macro_f1: 0.5762 | val_roc_auc: 0.6101
========================================================================
[Train Branch Metrics] final_cached: acc=0.5633, f1=0.4925, auc=0.4932 | gcn_fallback: acc=0.6392, f1=0.4660, auc=0.5046 | gcn_fc_only: acc=0.4209, f1=0.4206, auc=0.4684 | gcn_graph_only: acc=0.5253, f1=0.4873, auc=0.5002 | hpec_energy: acc=0.4304, f1=0.4296, auc=0.4748 | module34_branch: acc=0.4747, f1=0.4633, auc=0.4809
[Validation Branch Metrics] final_cached: acc=0.6875, f1=0.5762, auc=0.6101 | gcn_fallback: acc=0.6625, f1=0.3985, auc=0.6171 | gcn_fc_only: acc=0.3375, f1=0.2523, auc=0.4640 | gcn_graph_only: acc=0.6625, f1=0.3985, auc=0.5080 | hpec_energy: acc=0.6625, f1=0.3985, auc=0.5367 | module34_branch: acc=0.5250, f1=0.4933, auc=0.6017

========================================================================
Epoch 10/50 | train_best_threshold: 0.46 | train_best_macro_f1: 0.7058 | val_best_threshold: 0.43 | val_best_macro_f1: 0.6323
------------------------------------------------------------------------
[Loss] total_loss: 1.3979 | cls_loss: 0.8597 | aux_loss: 0.5382 | hpec_final_ce: 0.5778 | hpec_energy_w: 0.1269 | temporal_pred: 0.5381 | dag_loss: 0.0010 | temporal_sparse: 0.0128 | temporal_smooth: 0.0042 | val_loss: 1.0142 | m34_branch_ce_w: 0.1211 | sample_l1: 0.0005 | sample_dev: 0.0000
------------------------------------------------------------------------
[Graph Diagnostics] dag_raw: 0.4078 | graph_mass: 0.0020 | direction: 0.6568 | alag_mass: 0.0020 | alag_direction: 0.6568 | a0_mass: 0.0582 | a0_direction: 0.1237 | attn_entropy: 0.0000 | gate_mass: 0.0000 | graph_delta: 0.0005 | z_radius: 0.5659 | z_tangent: 0.6416 | fc_residual: 0.0000 | fc_anchor_gate: 0.0000 | fc_anchor_update: 0.0000 | film_scale: 0.0000 | film_shift: 0.0000 | proto_cos_mean: 0.3333 | proto_cos_max: 0.3994 | proto_same_max: 0.3994 | proto_radius: 0.2913 | proto_logit_margin: 0.5621 | proto_logit_abs: 0.2810 | energy_margin: 0.5583 | sim_margin: 0.0000 | hpec_cal_margin: 0.4052 | pos_prob: 0.3812
------------------------------------------------------------------------
[Train Metrics] train_acc: 0.7500 | train_precision: 0.7467 | train_recall: 0.6650 | train_macro_f1: 0.6760 | train_roc_auc: 0.7579
------------------------------------------------------------------------
[Validation Metrics] val_acc: 0.6875 | val_precision: 0.6446 | val_recall: 0.5825 | val_macro_f1: 0.5762 | val_roc_auc: 0.6080
========================================================================
[Train Branch Metrics] final_cached: acc=0.7500, f1=0.6760, auc=0.7579 | gcn_fallback: acc=0.7247, f1=0.6432, auc=0.6902 | gcn_fc_only: acc=0.3703, f1=0.3701, auc=0.4232 | gcn_graph_only: acc=0.5032, f1=0.4700, auc=0.4746 | hpec_energy: acc=0.6614, f1=0.3981, auc=0.7643 | module34_branch: acc=0.7025, f1=0.6843, auc=0.7572
[Validation Branch Metrics] final_cached: acc=0.6875, f1=0.5762, auc=0.6080 | gcn_fallback: acc=0.6750, f1=0.5803, auc=0.5863 | gcn_fc_only: acc=0.3000, f1=0.2533, auc=0.4563 | gcn_graph_only: acc=0.6625, f1=0.3985, auc=0.5122 | hpec_energy: acc=0.6625, f1=0.3985, auc=0.5912 | module34_branch: acc=0.6250, f1=0.5879, auc=0.5611

========================================================================
Epoch 20/50 | train_best_threshold: 0.41 | train_best_macro_f1: 0.7433 | val_best_threshold: 0.38 | val_best_macro_f1: 0.6354
------------------------------------------------------------------------
[Loss] total_loss: 1.3454 | cls_loss: 0.8149 | aux_loss: 0.5305 | hpec_final_ce: 0.5393 | hpec_energy_w: 0.1273 | temporal_pred: 0.5305 | dag_loss: 0.0015 | temporal_sparse: 0.0138 | temporal_smooth: 0.0045 | val_loss: 1.0151 | m34_branch_ce_w: 0.1142 | sample_l1: 0.0006 | sample_dev: 0.0000
------------------------------------------------------------------------
[Graph Diagnostics] dag_raw: 0.4765 | graph_mass: 0.0022 | direction: 0.6503 | alag_mass: 0.0022 | alag_direction: 0.6503 | a0_mass: 0.0629 | a0_direction: 0.1237 | attn_entropy: 0.0000 | gate_mass: 0.0000 | graph_delta: 0.0006 | z_radius: 0.5154 | z_tangent: 0.5701 | fc_residual: 0.0000 | fc_anchor_gate: 0.0000 | fc_anchor_update: 0.0000 | film_scale: 0.0000 | film_shift: 0.0000 | proto_cos_mean: 0.3333 | proto_cos_max: 0.3994 | proto_same_max: 0.3994 | proto_radius: 0.2913 | proto_logit_margin: 0.5721 | proto_logit_abs: 0.2861 | energy_margin: 0.5712 | sim_margin: 0.0000 | hpec_cal_margin: 0.4004 | pos_prob: 0.3960
------------------------------------------------------------------------
[Train Metrics] train_acc: 0.7627 | train_precision: 0.7609 | train_recall: 0.6837 | train_macro_f1: 0.6971 | train_roc_auc: 0.8083
------------------------------------------------------------------------
[Validation Metrics] val_acc: 0.6875 | val_precision: 0.6446 | val_recall: 0.5825 | val_macro_f1: 0.5762 | val_roc_auc: 0.6101
========================================================================
[Train Branch Metrics] final_cached: acc=0.7627, f1=0.6971, auc=0.8083 | gcn_fallback: acc=0.7310, f1=0.6593, auc=0.6941 | gcn_fc_only: acc=0.3449, f1=0.3430, auc=0.3872 | gcn_graph_only: acc=0.5633, f1=0.5102, auc=0.5242 | hpec_energy: acc=0.6614, f1=0.3981, auc=0.8425 | module34_branch: acc=0.7532, f1=0.7269, auc=0.8400
[Validation Branch Metrics] final_cached: acc=0.6875, f1=0.5762, auc=0.6101 | gcn_fallback: acc=0.6625, f1=0.5573, auc=0.5898 | gcn_fc_only: acc=0.3000, f1=0.2533, auc=0.4277 | gcn_graph_only: acc=0.6625, f1=0.3985, auc=0.5150 | hpec_energy: acc=0.6625, f1=0.3985, auc=0.6052 | module34_branch: acc=0.6500, f1=0.6011, auc=0.5765

========================================================================
Epoch 30/50 | train_best_threshold: 0.39 | train_best_macro_f1: 0.7778 | val_best_threshold: 0.38 | val_best_macro_f1: 0.6366
------------------------------------------------------------------------
[Loss] total_loss: 1.2819 | cls_loss: 0.7539 | aux_loss: 0.5272 | hpec_final_ce: 0.4875 | hpec_energy_w: 0.1269 | temporal_pred: 0.5272 | dag_loss: 0.0019 | temporal_sparse: 0.0145 | temporal_smooth: 0.0048 | val_loss: 1.0359 | m34_branch_ce_w: 0.1055 | sample_l1: 0.0006 | sample_dev: 0.0000
------------------------------------------------------------------------
[Graph Diagnostics] dag_raw: 0.5269 | graph_mass: 0.0023 | direction: 0.6506 | alag_mass: 0.0023 | alag_direction: 0.6506 | a0_mass: 0.0661 | a0_direction: 0.1237 | attn_entropy: 0.0000 | gate_mass: 0.0000 | graph_delta: 0.0006 | z_radius: 0.4732 | z_tangent: 0.5142 | fc_residual: 0.0000 | fc_anchor_gate: 0.0000 | fc_anchor_update: 0.0000 | film_scale: 0.0000 | film_shift: 0.0000 | proto_cos_mean: 0.2572 | proto_cos_max: 0.6261 | proto_same_max: 0.6262 | proto_radius: 0.2666 | proto_logit_margin: 0.6357 | proto_logit_abs: 0.3179 | energy_margin: 0.6122 | sim_margin: 0.0000 | hpec_cal_margin: 0.4028 | pos_prob: 0.3959
------------------------------------------------------------------------
[Train Metrics] train_acc: 0.8070 | train_precision: 0.8183 | train_recall: 0.7400 | train_macro_f1: 0.7590 | train_roc_auc: 0.8849
------------------------------------------------------------------------
[Validation Metrics] val_acc: 0.6875 | val_precision: 0.6418 | val_recall: 0.5915 | val_macro_f1: 0.5901 | val_roc_auc: 0.6080
========================================================================
[Train Branch Metrics] final_cached: acc=0.8070, f1=0.7590, auc=0.8849 | gcn_fallback: acc=0.7468, f1=0.6893, auc=0.7394 | gcn_fc_only: acc=0.3987, f1=0.3963, auc=0.4033 | gcn_graph_only: acc=0.5981, f1=0.5618, auc=0.5543 | hpec_energy: acc=0.6614, f1=0.3981, auc=0.9344 | module34_branch: acc=0.8576, f1=0.8392, auc=0.9368
[Validation Branch Metrics] final_cached: acc=0.6875, f1=0.5901, auc=0.6080 | gcn_fallback: acc=0.6500, f1=0.5480, auc=0.5877 | gcn_fc_only: acc=0.3125, f1=0.2800, auc=0.3955 | gcn_graph_only: acc=0.6625, f1=0.3985, auc=0.5185 | hpec_energy: acc=0.6625, f1=0.3985, auc=0.6569 | module34_branch: acc=0.6000, f1=0.5442, auc=0.5821

========================================================================
Epoch 40/50 | train_best_threshold: 0.38 | train_best_macro_f1: 0.7706 | val_best_threshold: 0.38 | val_best_macro_f1: 0.6260
------------------------------------------------------------------------
[Loss] total_loss: 1.2929 | cls_loss: 0.7667 | aux_loss: 0.5255 | hpec_final_ce: 0.5018 | hpec_energy_w: 0.1280 | temporal_pred: 0.5255 | dag_loss: 0.0022 | temporal_sparse: 0.0148 | temporal_smooth: 0.0049 | val_loss: 1.0314 | m34_branch_ce_w: 0.1032 | sample_l1: 0.0006 | sample_dev: 0.0000
------------------------------------------------------------------------
[Graph Diagnostics] dag_raw: 0.5510 | graph_mass: 0.0024 | direction: 0.6529 | alag_mass: 0.0024 | alag_direction: 0.6529 | a0_mass: 0.0676 | a0_direction: 0.1237 | attn_entropy: 0.0000 | gate_mass: 0.0000 | graph_delta: 0.0006 | z_radius: 0.4565 | z_tangent: 0.4929 | fc_residual: 0.0000 | fc_anchor_gate: 0.0000 | fc_anchor_update: 0.0000 | film_scale: 0.0000 | film_shift: 0.0000 | proto_cos_mean: 0.3604 | proto_cos_max: 0.6257 | proto_same_max: 0.6255 | proto_radius: 0.2734 | proto_logit_margin: 0.4452 | proto_logit_abs: 0.2226 | energy_margin: 0.4525 | sim_margin: 0.0000 | hpec_cal_margin: 0.4107 | pos_prob: 0.3950
------------------------------------------------------------------------
[Train Metrics] train_acc: 0.7816 | train_precision: 0.7873 | train_recall: 0.7072 | train_macro_f1: 0.7234 | train_roc_auc: 0.8652
------------------------------------------------------------------------
[Validation Metrics] val_acc: 0.7000 | val_precision: 0.6659 | val_recall: 0.6010 | val_macro_f1: 0.6000 | val_roc_auc: 0.6101
========================================================================
[Train Branch Metrics] final_cached: acc=0.7816, f1=0.7234, auc=0.8652 | gcn_fallback: acc=0.7215, f1=0.6559, auc=0.7156 | gcn_fc_only: acc=0.3449, f1=0.3444, auc=0.3570 | gcn_graph_only: acc=0.5348, f1=0.4795, auc=0.4703 | hpec_energy: acc=0.6614, f1=0.3981, auc=0.9733 | module34_branch: acc=0.8956, f1=0.8826, auc=0.9583
[Validation Branch Metrics] final_cached: acc=0.7000, f1=0.6000, auc=0.6101 | gcn_fallback: acc=0.6500, f1=0.5480, auc=0.5898 | gcn_fc_only: acc=0.3125, f1=0.2800, auc=0.3927 | gcn_graph_only: acc=0.6625, f1=0.3985, auc=0.5199 | hpec_energy: acc=0.6625, f1=0.3985, auc=0.6597 | module34_branch: acc=0.6000, f1=0.5442, auc=0.5625

========================================================================
Epoch 50/50 | train_best_threshold: 0.39 | train_best_macro_f1: 0.8179 | val_best_threshold: 0.39 | val_best_macro_f1: 0.6366
------------------------------------------------------------------------
[Loss] total_loss: 1.2715 | cls_loss: 0.7455 | aux_loss: 0.5252 | hpec_final_ce: 0.4793 | hpec_energy_w: 0.1302 | temporal_pred: 0.5252 | dag_loss: 0.0022 | temporal_sparse: 0.0149 | temporal_smooth: 0.0049 | val_loss: 1.0302 | m34_branch_ce_w: 0.1023 | sample_l1: 0.0006 | sample_dev: 0.0000
------------------------------------------------------------------------
[Graph Diagnostics] dag_raw: 0.5555 | graph_mass: 0.0024 | direction: 0.6545 | alag_mass: 0.0024 | alag_direction: 0.6545 | a0_mass: 0.0679 | a0_direction: 0.1237 | attn_entropy: 0.0000 | gate_mass: 0.0000 | graph_delta: 0.0006 | z_radius: 0.4576 | z_tangent: 0.4942 | fc_residual: 0.0000 | fc_anchor_gate: 0.0000 | fc_anchor_update: 0.0000 | film_scale: 0.0000 | film_shift: 0.0000 | proto_cos_mean: 0.4069 | proto_cos_max: 0.8521 | proto_same_max: 0.5264 | proto_radius: 0.2884 | proto_logit_margin: 0.2357 | proto_logit_abs: 0.1179 | energy_margin: 0.3005 | sim_margin: 0.0000 | hpec_cal_margin: 0.4114 | pos_prob: 0.3948
------------------------------------------------------------------------
[Train Metrics] train_acc: 0.7848 | train_precision: 0.7904 | train_recall: 0.7119 | train_macro_f1: 0.7284 | train_roc_auc: 0.8964
------------------------------------------------------------------------
[Validation Metrics] val_acc: 0.6875 | val_precision: 0.6418 | val_recall: 0.5915 | val_macro_f1: 0.5901 | val_roc_auc: 0.6087
========================================================================
[Train Branch Metrics] final_cached: acc=0.7848, f1=0.7284, auc=0.8964 | gcn_fallback: acc=0.7627, f1=0.7116, auc=0.7336 | gcn_fc_only: acc=0.3481, f1=0.3474, auc=0.3613 | gcn_graph_only: acc=0.5032, f1=0.4561, auc=0.4642 | hpec_energy: acc=0.6614, f1=0.3981, auc=0.9460 | module34_branch: acc=0.9114, f1=0.8976, auc=0.9624
[Validation Branch Metrics] final_cached: acc=0.6875, f1=0.5901, auc=0.6087 | gcn_fallback: acc=0.6625, f1=0.5707, auc=0.5905 | gcn_fc_only: acc=0.3125, f1=0.2800, auc=0.3934 | gcn_graph_only: acc=0.6625, f1=0.3985, auc=0.5199 | hpec_energy: acc=0.6625, f1=0.3985, auc=0.6534 | module34_branch: acc=0.6000, f1=0.5345, auc=0.5639
Fold 1 final-epoch test raw-threshold: accuracy=0.6875, precision=0.6418, recall=0.5915, macro_f1=0.5901, roc_auc=0.6073
Fold 1 training wall time: 85.77s
Fold 1 final-epoch test raw diagnostics: target_counts=[53, 27] | pred_counts=[66, 14] | prob_pos[min/mean/max]=0.2318/0.4007/0.9350
[Fold 1 Raw Test Branch Metrics] final_cached: acc=0.6875, f1=0.5901, auc=0.6073 | gcn_fallback: acc=0.6500, f1=0.5480, auc=0.5926 | gcn_fc_only: acc=0.3000, f1=0.2627, auc=0.3976 | gcn_graph_only: acc=0.6625, f1=0.3985, auc=0.5164 | hpec_energy: acc=0.6625, f1=0.3985, auc=0.6625 | module34_branch: acc=0.6000, f1=0.5528, auc=0.5821
Fold 1 final-epoch test uses final-epoch threshold: 0.3900
Fold 1 final-epoch test thresholded diagnostics: target_counts=[53, 27] | pred_counts=[49, 31] | prob_pos[min/mean/max]=0.2318/0.4007/0.9350
Fold 2/5 S-DeCI modules: use_deci_module1=1, use_causal_module2=1, use_hgcn_module3=1, use_hpec_module4=1, use_hyperbolic_modules34=1, classification_path=gcn_fallback_plus_hgcn_hpec_dual_consensus, node_feature=alff_falff_physiological_feature, adjacency=causal_graph_blended_with_sample_correlation

========================================================================
Epoch 1/50 | train_best_threshold: 0.49 | train_best_macro_f1: 0.5110 | val_best_threshold: 0.45 | val_best_macro_f1: 0.5711
------------------------------------------------------------------------
[Loss] total_loss: 1.7898 | cls_loss: 1.0109 | aux_loss: 0.7789 | hpec_final_ce: 0.6923 | hpec_energy_w: 0.1394 | temporal_pred: 0.7789 | dag_loss: 6.811e-04 | temporal_sparse: 0.0118 | temporal_smooth: 0.0039 | val_loss: 1.0034 | m34_branch_ce_w: 0.1445 | sample_l1: 0.0005 | sample_dev: 0.0000
------------------------------------------------------------------------
[Graph Diagnostics] dag_raw: 0.3458 | graph_mass: 0.0019 | direction: 0.6580 | alag_mass: 0.0019 | alag_direction: 0.6580 | a0_mass: 0.0536 | a0_direction: 0.1237 | attn_entropy: 0.0000 | gate_mass: 0.0000 | graph_delta: 0.0005 | z_radius: 0.6234 | z_tangent: 0.7310 | fc_residual: 0.0000 | fc_anchor_gate: 0.0000 | fc_anchor_update: 0.0000 | film_scale: 0.0000 | film_shift: 0.0000 | proto_cos_mean: 0.3333 | proto_cos_max: 0.3994 | proto_same_max: 0.3994 | proto_radius: 0.2913 | proto_logit_margin: 0.0512 | proto_logit_abs: 0.0256 | energy_margin: 0.0501 | sim_margin: 0.0000 | hpec_cal_margin: 0.3982 | pos_prob: 0.4565
------------------------------------------------------------------------
[Train Metrics] train_acc: 0.5647 | train_precision: 0.4949 | train_recall: 0.4953 | train_macro_f1: 0.4933 | train_roc_auc: 0.4827
------------------------------------------------------------------------
[Validation Metrics] val_acc: 0.6582 | val_precision: 0.5651 | val_recall: 0.5298 | val_macro_f1: 0.5045 | val_roc_auc: 0.5660
========================================================================
[Train Branch Metrics] final_cached: acc=0.5647, f1=0.4933, auc=0.4827 | gcn_fallback: acc=0.6341, f1=0.4628, auc=0.4887 | gcn_fc_only: acc=0.4164, f1=0.4162, auc=0.4463 | gcn_graph_only: acc=0.5047, f1=0.4692, auc=0.4812 | hpec_energy: acc=0.4479, f1=0.4361, auc=0.4514 | module34_branch: acc=0.5016, f1=0.4939, auc=0.4980
[Validation Branch Metrics] final_cached: acc=0.6582, f1=0.5045, auc=0.5660 | gcn_fallback: acc=0.6709, f1=0.4015, auc=0.6052 | gcn_fc_only: acc=0.3671, f1=0.3085, auc=0.3418 | gcn_graph_only: acc=0.6709, f1=0.4015, auc=0.4499 | hpec_energy: acc=0.6709, f1=0.4015, auc=0.7054 | module34_branch: acc=0.5190, f1=0.5056, auc=0.5530

========================================================================
Epoch 10/50 | train_best_threshold: 0.49 | train_best_macro_f1: 0.6928 | val_best_threshold: 0.52 | val_best_macro_f1: 0.7165
------------------------------------------------------------------------
[Loss] total_loss: 1.4415 | cls_loss: 0.9034 | aux_loss: 0.5381 | hpec_final_ce: 0.6058 | hpec_energy_w: 0.1290 | temporal_pred: 0.5381 | dag_loss: 0.0010 | temporal_sparse: 0.0128 | temporal_smooth: 0.0042 | val_loss: 0.9554 | m34_branch_ce_w: 0.1346 | sample_l1: 0.0005 | sample_dev: 0.0000
------------------------------------------------------------------------
[Graph Diagnostics] dag_raw: 0.4078 | graph_mass: 0.0020 | direction: 0.6582 | alag_mass: 0.0020 | alag_direction: 0.6582 | a0_mass: 0.0582 | a0_direction: 0.1237 | attn_entropy: 0.0000 | gate_mass: 0.0000 | graph_delta: 0.0005 | z_radius: 0.6447 | z_tangent: 0.7664 | fc_residual: 0.0000 | fc_anchor_gate: 0.0000 | fc_anchor_update: 0.0000 | film_scale: 0.0000 | film_shift: 0.0000 | proto_cos_mean: 0.3333 | proto_cos_max: 0.3994 | proto_same_max: 0.3994 | proto_radius: 0.2913 | proto_logit_margin: 0.4428 | proto_logit_abs: 0.2214 | energy_margin: 0.4418 | sim_margin: 0.0000 | hpec_cal_margin: 0.4110 | pos_prob: 0.4192
------------------------------------------------------------------------
[Train Metrics] train_acc: 0.7476 | train_precision: 0.7289 | train_recall: 0.6788 | train_macro_f1: 0.6897 | train_roc_auc: 0.6978
------------------------------------------------------------------------
[Validation Metrics] val_acc: 0.7468 | val_precision: 0.7148 | val_recall: 0.6840 | val_macro_f1: 0.6933 | val_roc_auc: 0.6938
========================================================================
[Train Branch Metrics] final_cached: acc=0.7476, f1=0.6897, auc=0.6978 | gcn_fallback: acc=0.7066, f1=0.6404, auc=0.6823 | gcn_fc_only: acc=0.3628, f1=0.3605, auc=0.3686 | gcn_graph_only: acc=0.5300, f1=0.4926, auc=0.4912 | hpec_energy: acc=0.6593, f1=0.3973, auc=0.6076 | module34_branch: acc=0.5962, f1=0.5796, auc=0.6078
[Validation Branch Metrics] final_cached: acc=0.7468, f1=0.6933, auc=0.6938 | gcn_fallback: acc=0.7468, f1=0.6757, auc=0.6691 | gcn_fc_only: acc=0.2278, f1=0.2096, auc=0.2649 | gcn_graph_only: acc=0.6709, f1=0.4015, auc=0.4528 | hpec_energy: acc=0.6709, f1=0.4015, auc=0.5907 | module34_branch: acc=0.5443, f1=0.5021, auc=0.5283

========================================================================
Epoch 20/50 | train_best_threshold: 0.46 | train_best_macro_f1: 0.7261 | val_best_threshold: 0.48 | val_best_macro_f1: 0.6820
------------------------------------------------------------------------
[Loss] total_loss: 1.3812 | cls_loss: 0.8506 | aux_loss: 0.5306 | hpec_final_ce: 0.5675 | hpec_energy_w: 0.1284 | temporal_pred: 0.5306 | dag_loss: 0.0015 | temporal_sparse: 0.0138 | temporal_smooth: 0.0045 | val_loss: 0.9652 | m34_branch_ce_w: 0.1211 | sample_l1: 0.0006 | sample_dev: 0.0000
------------------------------------------------------------------------
[Graph Diagnostics] dag_raw: 0.4765 | graph_mass: 0.0022 | direction: 0.6587 | alag_mass: 0.0022 | alag_direction: 0.6587 | a0_mass: 0.0629 | a0_direction: 0.1237 | attn_entropy: 0.0000 | gate_mass: 0.0000 | graph_delta: 0.0006 | z_radius: 0.6226 | z_tangent: 0.7294 | fc_residual: 0.0000 | fc_anchor_gate: 0.0000 | fc_anchor_update: 0.0000 | film_scale: 0.0000 | film_shift: 0.0000 | proto_cos_mean: 0.3333 | proto_cos_max: 0.3994 | proto_same_max: 0.3994 | proto_radius: 0.2913 | proto_logit_margin: 0.4354 | proto_logit_abs: 0.2177 | energy_margin: 0.4327 | sim_margin: 0.0000 | hpec_cal_margin: 0.4012 | pos_prob: 0.4106
------------------------------------------------------------------------
[Train Metrics] train_acc: 0.7697 | train_precision: 0.7727 | train_recall: 0.6934 | train_macro_f1: 0.7077 | train_roc_auc: 0.7607
------------------------------------------------------------------------
[Validation Metrics] val_acc: 0.7342 | val_precision: 0.6975 | val_recall: 0.6745 | val_macro_f1: 0.6820 | val_roc_auc: 0.6727
========================================================================
[Train Branch Metrics] final_cached: acc=0.7697, f1=0.7077, auc=0.7607 | gcn_fallback: acc=0.7413, f1=0.6729, auc=0.6818 | gcn_fc_only: acc=0.3817, f1=0.3816, auc=0.3974 | gcn_graph_only: acc=0.5394, f1=0.4940, auc=0.4741 | hpec_energy: acc=0.6593, f1=0.3973, auc=0.7704 | module34_branch: acc=0.7256, f1=0.6991, auc=0.7558
[Validation Branch Metrics] final_cached: acc=0.7342, f1=0.6820, auc=0.6727 | gcn_fallback: acc=0.7215, f1=0.6627, auc=0.6582 | gcn_fc_only: acc=0.2785, f1=0.2551, auc=0.2678 | gcn_graph_only: acc=0.6709, f1=0.4015, auc=0.4550 | hpec_energy: acc=0.6709, f1=0.4015, auc=0.5675 | module34_branch: acc=0.5443, f1=0.5021, auc=0.5007

========================================================================
Epoch 30/50 | train_best_threshold: 0.41 | train_best_macro_f1: 0.7657 | val_best_threshold: 0.46 | val_best_macro_f1: 0.6894
------------------------------------------------------------------------
[Loss] total_loss: 1.3357 | cls_loss: 0.8042 | aux_loss: 0.5268 | hpec_final_ce: 0.5273 | hpec_energy_w: 0.1268 | temporal_pred: 0.5268 | dag_loss: 0.0019 | temporal_sparse: 0.0145 | temporal_smooth: 0.0048 | val_loss: 0.9786 | m34_branch_ce_w: 0.1165 | sample_l1: 0.0006 | sample_dev: 0.0000
------------------------------------------------------------------------
[Graph Diagnostics] dag_raw: 0.5269 | graph_mass: 0.0023 | direction: 0.6528 | alag_mass: 0.0023 | alag_direction: 0.6528 | a0_mass: 0.0661 | a0_direction: 0.1237 | attn_entropy: 0.0000 | gate_mass: 0.0000 | graph_delta: 0.0006 | z_radius: 0.5989 | z_tangent: 0.6915 | fc_residual: 0.0000 | fc_anchor_gate: 0.0000 | fc_anchor_update: 0.0000 | film_scale: 0.0000 | film_shift: 0.0000 | proto_cos_mean: 0.2995 | proto_cos_max: 0.5412 | proto_same_max: 0.5412 | proto_radius: 0.2709 | proto_logit_margin: 0.5702 | proto_logit_abs: 0.2851 | energy_margin: 0.5280 | sim_margin: 0.0000 | hpec_cal_margin: 0.4013 | pos_prob: 0.3856
------------------------------------------------------------------------
[Train Metrics] train_acc: 0.7697 | train_precision: 0.7843 | train_recall: 0.6866 | train_macro_f1: 0.7010 | train_roc_auc: 0.8263
------------------------------------------------------------------------
[Validation Metrics] val_acc: 0.6835 | val_precision: 0.6298 | val_recall: 0.6074 | val_macro_f1: 0.6116 | val_roc_auc: 0.6618
========================================================================
[Train Branch Metrics] final_cached: acc=0.7697, f1=0.7010, auc=0.8263 | gcn_fallback: acc=0.7350, f1=0.6599, auc=0.7375 | gcn_fc_only: acc=0.3312, f1=0.3270, auc=0.4180 | gcn_graph_only: acc=0.5615, f1=0.5039, auc=0.5417 | hpec_energy: acc=0.6593, f1=0.3973, auc=0.7987 | module34_branch: acc=0.7666, f1=0.7378, auc=0.8002
[Validation Branch Metrics] final_cached: acc=0.6835, f1=0.6116, auc=0.6618 | gcn_fallback: acc=0.7089, f1=0.6517, auc=0.6517 | gcn_fc_only: acc=0.2658, f1=0.2454, auc=0.2627 | gcn_graph_only: acc=0.6709, f1=0.4015, auc=0.4528 | hpec_energy: acc=0.6709, f1=0.4015, auc=0.5668 | module34_branch: acc=0.5570, f1=0.5119, auc=0.5051

========================================================================
Epoch 40/50 | train_best_threshold: 0.39 | train_best_macro_f1: 0.7532 | val_best_threshold: 0.44 | val_best_macro_f1: 0.6781
------------------------------------------------------------------------
[Loss] total_loss: 1.3395 | cls_loss: 0.8106 | aux_loss: 0.5245 | hpec_final_ce: 0.5314 | hpec_energy_w: 0.1270 | temporal_pred: 0.5245 | dag_loss: 0.0022 | temporal_sparse: 0.0148 | temporal_smooth: 0.0049 | val_loss: 0.9814 | m34_branch_ce_w: 0.1190 | sample_l1: 0.0006 | sample_dev: 0.0000
------------------------------------------------------------------------
[Graph Diagnostics] dag_raw: 0.5510 | graph_mass: 0.0024 | direction: 0.6592 | alag_mass: 0.0024 | alag_direction: 0.6592 | a0_mass: 0.0676 | a0_direction: 0.1237 | attn_entropy: 0.0000 | gate_mass: 0.0000 | graph_delta: 0.0006 | z_radius: 0.5884 | z_tangent: 0.6753 | fc_residual: 0.0000 | fc_anchor_gate: 0.0000 | fc_anchor_update: 0.0000 | film_scale: 0.0000 | film_shift: 0.0000 | proto_cos_mean: 0.3271 | proto_cos_max: 0.6283 | proto_same_max: 0.5357 | proto_radius: 0.2787 | proto_logit_margin: 0.4624 | proto_logit_abs: 0.2312 | energy_margin: 0.4486 | sim_margin: 0.0000 | hpec_cal_margin: 0.3873 | pos_prob: 0.4060
------------------------------------------------------------------------
[Train Metrics] train_acc: 0.7539 | train_precision: 0.7397 | train_recall: 0.6836 | train_macro_f1: 0.6954 | train_roc_auc: 0.8045
------------------------------------------------------------------------
[Validation Metrics] val_acc: 0.6835 | val_precision: 0.6298 | val_recall: 0.6074 | val_macro_f1: 0.6116 | val_roc_auc: 0.6582
========================================================================
[Train Branch Metrics] final_cached: acc=0.7539, f1=0.6954, auc=0.8045 | gcn_fallback: acc=0.7256, f1=0.6636, auc=0.7284 | gcn_fc_only: acc=0.3596, f1=0.3596, auc=0.3687 | gcn_graph_only: acc=0.5584, f1=0.5127, auc=0.4878 | hpec_energy: acc=0.6593, f1=0.3973, auc=0.7957 | module34_branch: acc=0.7319, f1=0.6967, auc=0.7827
[Validation Branch Metrics] final_cached: acc=0.6835, f1=0.6116, auc=0.6582 | gcn_fallback: acc=0.7089, f1=0.6517, auc=0.6524 | gcn_fc_only: acc=0.2658, f1=0.2454, auc=0.2627 | gcn_graph_only: acc=0.6709, f1=0.4015, auc=0.4543 | hpec_energy: acc=0.6709, f1=0.4015, auc=0.5653 | module34_branch: acc=0.5570, f1=0.5031, auc=0.5007

========================================================================
Epoch 50/50 | train_best_threshold: 0.46 | train_best_macro_f1: 0.7429 | val_best_threshold: 0.44 | val_best_macro_f1: 0.6781
------------------------------------------------------------------------
[Loss] total_loss: 1.3454 | cls_loss: 0.8166 | aux_loss: 0.5243 | hpec_final_ce: 0.5356 | hpec_energy_w: 0.1286 | temporal_pred: 0.5243 | dag_loss: 0.0022 | temporal_sparse: 0.0149 | temporal_smooth: 0.0049 | val_loss: 0.9800 | m34_branch_ce_w: 0.1193 | sample_l1: 0.0006 | sample_dev: 0.0000
------------------------------------------------------------------------
[Graph Diagnostics] dag_raw: 0.5555 | graph_mass: 0.0024 | direction: 0.6620 | alag_mass: 0.0024 | alag_direction: 0.6620 | a0_mass: 0.0679 | a0_direction: 0.1237 | attn_entropy: 0.0000 | gate_mass: 0.0000 | graph_delta: 0.0006 | z_radius: 0.5877 | z_tangent: 0.6742 | fc_residual: 0.0000 | fc_anchor_gate: 0.0000 | fc_anchor_update: 0.0000 | film_scale: 0.0000 | film_shift: 0.0000 | proto_cos_mean: 0.3353 | proto_cos_max: 0.8368 | proto_same_max: 0.4836 | proto_radius: 0.2922 | proto_logit_margin: 0.3007 | proto_logit_abs: 0.1504 | energy_margin: 0.3315 | sim_margin: 0.0000 | hpec_cal_margin: 0.4004 | pos_prob: 0.3902
------------------------------------------------------------------------
[Train Metrics] train_acc: 0.7729 | train_precision: 0.7795 | train_recall: 0.6958 | train_macro_f1: 0.7106 | train_roc_auc: 0.8069
------------------------------------------------------------------------
[Validation Metrics] val_acc: 0.6835 | val_precision: 0.6298 | val_recall: 0.6074 | val_macro_f1: 0.6116 | val_roc_auc: 0.6604
========================================================================
[Train Branch Metrics] final_cached: acc=0.7729, f1=0.7106, auc=0.8069 | gcn_fallback: acc=0.7445, f1=0.6868, auc=0.7294 | gcn_fc_only: acc=0.3375, f1=0.3340, auc=0.3633 | gcn_graph_only: acc=0.5931, f1=0.5538, auc=0.5069 | hpec_energy: acc=0.6593, f1=0.3973, auc=0.7833 | module34_branch: acc=0.7508, f1=0.7181, auc=0.7613
[Validation Branch Metrics] final_cached: acc=0.6835, f1=0.6116, auc=0.6604 | gcn_fallback: acc=0.7089, f1=0.6517, auc=0.6524 | gcn_fc_only: acc=0.2658, f1=0.2454, auc=0.2620 | gcn_graph_only: acc=0.6709, f1=0.4015, auc=0.4550 | hpec_energy: acc=0.6709, f1=0.4015, auc=0.5646 | module34_branch: acc=0.5570, f1=0.5031, auc=0.5000
Fold 2 final-epoch test raw-threshold: accuracy=0.7089, precision=0.6650, recall=0.6459, macro_f1=0.6517, roc_auc=0.6655
Fold 2 training wall time: 79.95s
Fold 2 final-epoch test raw diagnostics: target_counts=[53, 26] | pred_counts=[58, 21] | prob_pos[min/mean/max]=0.1996/0.4256/0.9264
[Fold 2 Raw Test Branch Metrics] final_cached: acc=0.7089, f1=0.6517, auc=0.6655 | gcn_fallback: acc=0.7089, f1=0.6517, auc=0.6538 | gcn_fc_only: acc=0.2911, f1=0.2646, auc=0.2627 | gcn_graph_only: acc=0.6709, f1=0.4015, auc=0.4507 | hpec_energy: acc=0.6709, f1=0.4015, auc=0.5726 | module34_branch: acc=0.5316, f1=0.4923, auc=0.5087
Fold 2 final-epoch test uses final-epoch threshold: 0.4400
Fold 2 final-epoch test thresholded diagnostics: target_counts=[53, 26] | pred_counts=[53, 26] | prob_pos[min/mean/max]=0.1996/0.4256/0.9264
Fold 3/5 S-DeCI modules: use_deci_module1=1, use_causal_module2=1, use_hgcn_module3=1, use_hpec_module4=1, use_hyperbolic_modules34=1, classification_path=gcn_fallback_plus_hgcn_hpec_dual_consensus, node_feature=alff_falff_physiological_feature, adjacency=causal_graph_blended_with_sample_correlation

========================================================================
Epoch 1/50 | train_best_threshold: 0.48 | train_best_macro_f1: 0.4897 | val_best_threshold: 0.50 | val_best_macro_f1: 0.5323
------------------------------------------------------------------------
[Loss] total_loss: 1.8019 | cls_loss: 1.0219 | aux_loss: 0.7800 | hpec_final_ce: 0.7001 | hpec_energy_w: 0.1397 | temporal_pred: 0.7800 | dag_loss: 6.811e-04 | temporal_sparse: 0.0118 | temporal_smooth: 0.0039 | val_loss: 1.0193 | m34_branch_ce_w: 0.1472 | sample_l1: 0.0005 | sample_dev: 0.0000
------------------------------------------------------------------------
[Graph Diagnostics] dag_raw: 0.3458 | graph_mass: 0.0019 | direction: 0.6575 | alag_mass: 0.0019 | alag_direction: 0.6575 | a0_mass: 0.0536 | a0_direction: 0.1237 | attn_entropy: 0.0000 | gate_mass: 0.0000 | graph_delta: 0.0005 | z_radius: 0.6259 | z_tangent: 0.7349 | fc_residual: 0.0000 | fc_anchor_gate: 0.0000 | fc_anchor_update: 0.0000 | film_scale: 0.0000 | film_shift: 0.0000 | proto_cos_mean: 0.3333 | proto_cos_max: 0.3994 | proto_same_max: 0.3994 | proto_radius: 0.2913 | proto_logit_margin: 0.0527 | proto_logit_abs: 0.0263 | energy_margin: 0.0497 | sim_margin: 0.0000 | hpec_cal_margin: 0.4045 | pos_prob: 0.4580
------------------------------------------------------------------------
[Train Metrics] train_acc: 0.5678 | train_precision: 0.4862 | train_recall: 0.4882 | train_macro_f1: 0.4836 | train_roc_auc: 0.4778
------------------------------------------------------------------------
[Validation Metrics] val_acc: 0.6709 | val_precision: 0.6206 | val_recall: 0.5541 | val_macro_f1: 0.5323 | val_roc_auc: 0.4922
========================================================================
[Train Branch Metrics] final_cached: acc=0.5678, f1=0.4836, auc=0.4778 | gcn_fallback: acc=0.6151, f1=0.4464, auc=0.4911 | gcn_fc_only: acc=0.4543, f1=0.4542, auc=0.5025 | gcn_graph_only: acc=0.5268, f1=0.5074, auc=0.5152 | hpec_energy: acc=0.4385, f1=0.4383, auc=0.4921 | module34_branch: acc=0.4890, f1=0.4706, auc=0.4720
[Validation Branch Metrics] final_cached: acc=0.6709, f1=0.5323, auc=0.4922 | gcn_fallback: acc=0.6582, f1=0.3969, auc=0.4701 | gcn_fc_only: acc=0.3418, f1=0.2808, auc=0.3390 | gcn_graph_only: acc=0.6582, f1=0.3969, auc=0.6147 | hpec_energy: acc=0.6582, f1=0.3969, auc=0.4580 | module34_branch: acc=0.4304, f1=0.4211, auc=0.5014

========================================================================
Epoch 10/50 | train_best_threshold: 0.49 | train_best_macro_f1: 0.6714 | val_best_threshold: 0.47 | val_best_macro_f1: 0.6085
------------------------------------------------------------------------
[Loss] total_loss: 1.4433 | cls_loss: 0.9054 | aux_loss: 0.5379 | hpec_final_ce: 0.6048 | hpec_energy_w: 0.1316 | temporal_pred: 0.5379 | dag_loss: 0.0010 | temporal_sparse: 0.0128 | temporal_smooth: 0.0042 | val_loss: 1.0065 | m34_branch_ce_w: 0.1351 | sample_l1: 0.0005 | sample_dev: 0.0000
------------------------------------------------------------------------
[Graph Diagnostics] dag_raw: 0.4078 | graph_mass: 0.0020 | direction: 0.6586 | alag_mass: 0.0020 | alag_direction: 0.6586 | a0_mass: 0.0582 | a0_direction: 0.1237 | attn_entropy: 0.0000 | gate_mass: 0.0000 | graph_delta: 0.0005 | z_radius: 0.6239 | z_tangent: 0.7317 | fc_residual: 0.0000 | fc_anchor_gate: 0.0000 | fc_anchor_update: 0.0000 | film_scale: 0.0000 | film_shift: 0.0000 | proto_cos_mean: 0.3333 | proto_cos_max: 0.3994 | proto_same_max: 0.3994 | proto_radius: 0.2913 | proto_logit_margin: 0.2490 | proto_logit_abs: 0.1245 | energy_margin: 0.2471 | sim_margin: 0.0000 | hpec_cal_margin: 0.4028 | pos_prob: 0.4062
------------------------------------------------------------------------
[Train Metrics] train_acc: 0.7256 | train_precision: 0.6970 | train_recall: 0.6485 | train_macro_f1: 0.6567 | train_roc_auc: 0.6917
------------------------------------------------------------------------
[Validation Metrics] val_acc: 0.7215 | val_precision: 0.7460 | val_recall: 0.6104 | val_macro_f1: 0.6043 | val_roc_auc: 0.5798
========================================================================
[Train Branch Metrics] final_cached: acc=0.7256, f1=0.6567, auc=0.6917 | gcn_fallback: acc=0.7319, f1=0.6646, auc=0.6661 | gcn_fc_only: acc=0.4416, f1=0.4317, auc=0.4146 | gcn_graph_only: acc=0.5174, f1=0.4879, auc=0.4887 | hpec_energy: acc=0.6625, f1=0.3985, auc=0.6018 | module34_branch: acc=0.5962, f1=0.5633, auc=0.6015
[Validation Branch Metrics] final_cached: acc=0.7215, f1=0.6043, auc=0.5798 | gcn_fallback: acc=0.7089, f1=0.5779, auc=0.5256 | gcn_fc_only: acc=0.2911, f1=0.2372, auc=0.3632 | gcn_graph_only: acc=0.6582, f1=0.3969, auc=0.5791 | hpec_energy: acc=0.6582, f1=0.3969, auc=0.5520 | module34_branch: acc=0.5190, f1=0.4824, auc=0.5377

========================================================================
Epoch 20/50 | train_best_threshold: 0.41 | train_best_macro_f1: 0.7065 | val_best_threshold: 0.50 | val_best_macro_f1: 0.6318
------------------------------------------------------------------------
[Loss] total_loss: 1.3757 | cls_loss: 0.8458 | aux_loss: 0.5298 | hpec_final_ce: 0.5578 | hpec_energy_w: 0.1311 | temporal_pred: 0.5298 | dag_loss: 0.0015 | temporal_sparse: 0.0138 | temporal_smooth: 0.0045 | val_loss: 0.9928 | m34_branch_ce_w: 0.1232 | sample_l1: 0.0006 | sample_dev: 0.0000
------------------------------------------------------------------------
[Graph Diagnostics] dag_raw: 0.4765 | graph_mass: 0.0022 | direction: 0.6582 | alag_mass: 0.0022 | alag_direction: 0.6582 | a0_mass: 0.0629 | a0_direction: 0.1237 | attn_entropy: 0.0000 | gate_mass: 0.0000 | graph_delta: 0.0006 | z_radius: 0.6164 | z_tangent: 0.7194 | fc_residual: 0.0000 | fc_anchor_gate: 0.0000 | fc_anchor_update: 0.0000 | film_scale: 0.0000 | film_shift: 0.0000 | proto_cos_mean: 0.3333 | proto_cos_max: 0.3994 | proto_same_max: 0.3994 | proto_radius: 0.2913 | proto_logit_margin: 0.2691 | proto_logit_abs: 0.1346 | energy_margin: 0.2671 | sim_margin: 0.0000 | hpec_cal_margin: 0.4006 | pos_prob: 0.3824
------------------------------------------------------------------------
[Train Metrics] train_acc: 0.7539 | train_precision: 0.7508 | train_recall: 0.6699 | train_macro_f1: 0.6817 | train_roc_auc: 0.7636
------------------------------------------------------------------------
[Validation Metrics] val_acc: 0.7215 | val_precision: 0.7098 | val_recall: 0.6282 | val_macro_f1: 0.6318 | val_roc_auc: 0.5869
========================================================================
[Train Branch Metrics] final_cached: acc=0.7539, f1=0.6817, auc=0.7636 | gcn_fallback: acc=0.7476, f1=0.6809, auc=0.6968 | gcn_fc_only: acc=0.3722, f1=0.3720, auc=0.4065 | gcn_graph_only: acc=0.5205, f1=0.4710, auc=0.4992 | hpec_energy: acc=0.6625, f1=0.3985, auc=0.7167 | module34_branch: acc=0.7035, f1=0.6755, auc=0.7209
[Validation Branch Metrics] final_cached: acc=0.7215, f1=0.6318, auc=0.5869 | gcn_fallback: acc=0.7089, f1=0.6212, auc=0.5285 | gcn_fc_only: acc=0.3038, f1=0.2561, auc=0.3875 | gcn_graph_only: acc=0.6582, f1=0.3969, auc=0.5812 | hpec_energy: acc=0.6582, f1=0.3969, auc=0.5406 | module34_branch: acc=0.5443, f1=0.4936, auc=0.5328

========================================================================
Epoch 30/50 | train_best_threshold: 0.49 | train_best_macro_f1: 0.7535 | val_best_threshold: 0.55 | val_best_macro_f1: 0.6425
------------------------------------------------------------------------
[Loss] total_loss: 1.3366 | cls_loss: 0.8051 | aux_loss: 0.5266 | hpec_final_ce: 0.5239 | hpec_energy_w: 0.1285 | temporal_pred: 0.5266 | dag_loss: 0.0019 | temporal_sparse: 0.0145 | temporal_smooth: 0.0048 | val_loss: 0.9950 | m34_branch_ce_w: 0.1191 | sample_l1: 0.0006 | sample_dev: 0.0000
------------------------------------------------------------------------
[Graph Diagnostics] dag_raw: 0.5269 | graph_mass: 0.0023 | direction: 0.6607 | alag_mass: 0.0023 | alag_direction: 0.6607 | a0_mass: 0.0661 | a0_direction: 0.1237 | attn_entropy: 0.0000 | gate_mass: 0.0000 | graph_delta: 0.0006 | z_radius: 0.5942 | z_tangent: 0.6843 | fc_residual: 0.0000 | fc_anchor_gate: 0.0000 | fc_anchor_update: 0.0000 | film_scale: 0.0000 | film_shift: 0.0000 | proto_cos_mean: 0.2885 | proto_cos_max: 0.4633 | proto_same_max: 0.4634 | proto_radius: 0.2698 | proto_logit_margin: 0.4378 | proto_logit_abs: 0.2189 | energy_margin: 0.3859 | sim_margin: 0.0000 | hpec_cal_margin: 0.3984 | pos_prob: 0.4248
------------------------------------------------------------------------
[Train Metrics] train_acc: 0.7918 | train_precision: 0.7791 | train_recall: 0.7374 | train_macro_f1: 0.7505 | train_roc_auc: 0.7899
------------------------------------------------------------------------
[Validation Metrics] val_acc: 0.6962 | val_precision: 0.6594 | val_recall: 0.6090 | val_macro_f1: 0.6108 | val_roc_auc: 0.5819
========================================================================
[Train Branch Metrics] final_cached: acc=0.7918, f1=0.7505, auc=0.7899 | gcn_fallback: acc=0.7603, f1=0.7178, auc=0.7146 | gcn_fc_only: acc=0.3975, f1=0.3974, auc=0.4208 | gcn_graph_only: acc=0.5584, f1=0.5206, auc=0.5300 | hpec_energy: acc=0.6625, f1=0.3985, auc=0.7793 | module34_branch: acc=0.7382, f1=0.7052, auc=0.7737
[Validation Branch Metrics] final_cached: acc=0.6962, f1=0.6108, auc=0.5819 | gcn_fallback: acc=0.6835, f1=0.6006, auc=0.5349 | gcn_fc_only: acc=0.2911, f1=0.2476, auc=0.3369 | gcn_graph_only: acc=0.6582, f1=0.3969, auc=0.5897 | hpec_energy: acc=0.6582, f1=0.3969, auc=0.5513 | module34_branch: acc=0.5570, f1=0.4933, auc=0.5285

========================================================================
Epoch 40/50 | train_best_threshold: 0.40 | train_best_macro_f1: 0.7349 | val_best_threshold: 0.46 | val_best_macro_f1: 0.6326
------------------------------------------------------------------------
[Loss] total_loss: 1.3426 | cls_loss: 0.8137 | aux_loss: 0.5244 | hpec_final_ce: 0.5336 | hpec_energy_w: 0.1284 | temporal_pred: 0.5244 | dag_loss: 0.0022 | temporal_sparse: 0.0148 | temporal_smooth: 0.0049 | val_loss: 0.9982 | m34_branch_ce_w: 0.1183 | sample_l1: 0.0006 | sample_dev: 0.0000
------------------------------------------------------------------------
[Graph Diagnostics] dag_raw: 0.5510 | graph_mass: 0.0024 | direction: 0.6542 | alag_mass: 0.0024 | alag_direction: 0.6542 | a0_mass: 0.0676 | a0_direction: 0.1237 | attn_entropy: 0.0000 | gate_mass: 0.0000 | graph_delta: 0.0006 | z_radius: 0.5844 | z_tangent: 0.6691 | fc_residual: 0.0000 | fc_anchor_gate: 0.0000 | fc_anchor_update: 0.0000 | film_scale: 0.0000 | film_shift: 0.0000 | proto_cos_mean: 0.3135 | proto_cos_max: 0.6135 | proto_same_max: 0.4194 | proto_radius: 0.2774 | proto_logit_margin: 0.4036 | proto_logit_abs: 0.2018 | energy_margin: 0.3576 | sim_margin: 0.0000 | hpec_cal_margin: 0.3982 | pos_prob: 0.3942
------------------------------------------------------------------------
[Train Metrics] train_acc: 0.7729 | train_precision: 0.7686 | train_recall: 0.7002 | train_macro_f1: 0.7148 | train_roc_auc: 0.7973
------------------------------------------------------------------------
[Validation Metrics] val_acc: 0.7215 | val_precision: 0.7098 | val_recall: 0.6282 | val_macro_f1: 0.6318 | val_roc_auc: 0.5897
========================================================================
[Train Branch Metrics] final_cached: acc=0.7729, f1=0.7148, auc=0.7973 | gcn_fallback: acc=0.7508, f1=0.6966, auc=0.7175 | gcn_fc_only: acc=0.3722, f1=0.3721, auc=0.3730 | gcn_graph_only: acc=0.5584, f1=0.5062, auc=0.5039 | hpec_energy: acc=0.6625, f1=0.3985, auc=0.7954 | module34_branch: acc=0.7476, f1=0.7138, auc=0.7836
[Validation Branch Metrics] final_cached: acc=0.7215, f1=0.6318, auc=0.5897 | gcn_fallback: acc=0.7215, f1=0.6189, auc=0.5313 | gcn_fc_only: acc=0.2911, f1=0.2476, auc=0.3291 | gcn_graph_only: acc=0.6582, f1=0.3969, auc=0.5919 | hpec_energy: acc=0.6582, f1=0.3969, auc=0.5598 | module34_branch: acc=0.5570, f1=0.4933, auc=0.5285

========================================================================
Epoch 50/50 | train_best_threshold: 0.41 | train_best_macro_f1: 0.7583 | val_best_threshold: 0.47 | val_best_macro_f1: 0.6326
------------------------------------------------------------------------
[Loss] total_loss: 1.3378 | cls_loss: 0.8086 | aux_loss: 0.5246 | hpec_final_ce: 0.5259 | hpec_energy_w: 0.1304 | temporal_pred: 0.5246 | dag_loss: 0.0022 | temporal_sparse: 0.0149 | temporal_smooth: 0.0049 | val_loss: 0.9948 | m34_branch_ce_w: 0.1190 | sample_l1: 0.0006 | sample_dev: 0.0000
------------------------------------------------------------------------
[Graph Diagnostics] dag_raw: 0.5555 | graph_mass: 0.0024 | direction: 0.6561 | alag_mass: 0.0024 | alag_direction: 0.6561 | a0_mass: 0.0679 | a0_direction: 0.1237 | attn_entropy: 0.0000 | gate_mass: 0.0000 | graph_delta: 0.0006 | z_radius: 0.5846 | z_tangent: 0.6695 | fc_residual: 0.0000 | fc_anchor_gate: 0.0000 | fc_anchor_update: 0.0000 | film_scale: 0.0000 | film_shift: 0.0000 | proto_cos_mean: 0.3067 | proto_cos_max: 0.8382 | proto_same_max: 0.3533 | proto_radius: 0.2917 | proto_logit_margin: 0.2431 | proto_logit_abs: 0.1215 | energy_margin: 0.2431 | sim_margin: 0.0000 | hpec_cal_margin: 0.3987 | pos_prob: 0.4077
------------------------------------------------------------------------
[Train Metrics] train_acc: 0.7603 | train_precision: 0.7474 | train_recall: 0.6884 | train_macro_f1: 0.7011 | train_roc_auc: 0.8170
------------------------------------------------------------------------
[Validation Metrics] val_acc: 0.7089 | val_precision: 0.6830 | val_recall: 0.6186 | val_macro_f1: 0.6212 | val_roc_auc: 0.5855
========================================================================
[Train Branch Metrics] final_cached: acc=0.7603, f1=0.7011, auc=0.8170 | gcn_fallback: acc=0.7539, f1=0.7051, auc=0.7304 | gcn_fc_only: acc=0.4069, f1=0.4069, auc=0.4150 | gcn_graph_only: acc=0.5300, f1=0.4847, auc=0.4586 | hpec_energy: acc=0.6625, f1=0.3985, auc=0.7779 | module34_branch: acc=0.7539, f1=0.7181, auc=0.7735
[Validation Branch Metrics] final_cached: acc=0.7089, f1=0.6212, auc=0.5855 | gcn_fallback: acc=0.7215, f1=0.6318, auc=0.5321 | gcn_fc_only: acc=0.2911, f1=0.2476, auc=0.3205 | gcn_graph_only: acc=0.6582, f1=0.3969, auc=0.5912 | hpec_energy: acc=0.6582, f1=0.3969, auc=0.5598 | module34_branch: acc=0.5696, f1=0.5026, auc=0.5271
Fold 3 final-epoch test raw-threshold: accuracy=0.7342, precision=0.7264, recall=0.6467, macro_f1=0.6542, roc_auc=0.5962
Fold 3 training wall time: 78.37s
Fold 3 final-epoch test raw diagnostics: target_counts=[52, 27] | pred_counts=[65, 14] | prob_pos[min/mean/max]=0.2108/0.3945/0.9516
[Fold 3 Raw Test Branch Metrics] final_cached: acc=0.7342, f1=0.6542, auc=0.5962 | gcn_fallback: acc=0.7215, f1=0.6189, auc=0.5321 | gcn_fc_only: acc=0.3038, f1=0.2453, auc=0.3276 | gcn_graph_only: acc=0.6582, f1=0.3969, auc=0.5897 | hpec_energy: acc=0.6582, f1=0.3969, auc=0.5506 | module34_branch: acc=0.5316, f1=0.4748, auc=0.5299
Fold 3 final-epoch test uses final-epoch threshold: 0.4700
Fold 3 final-epoch test thresholded diagnostics: target_counts=[52, 27] | pred_counts=[62, 17] | prob_pos[min/mean/max]=0.2108/0.3945/0.9516
Fold 4/5 S-DeCI modules: use_deci_module1=1, use_causal_module2=1, use_hgcn_module3=1, use_hpec_module4=1, use_hyperbolic_modules34=1, classification_path=gcn_fallback_plus_hgcn_hpec_dual_consensus, node_feature=alff_falff_physiological_feature, adjacency=causal_graph_blended_with_sample_correlation

========================================================================
Epoch 1/50 | train_best_threshold: 0.48 | train_best_macro_f1: 0.5225 | val_best_threshold: 0.43 | val_best_macro_f1: 0.5914
------------------------------------------------------------------------
[Loss] total_loss: 1.7924 | cls_loss: 1.0130 | aux_loss: 0.7794 | hpec_final_ce: 0.6918 | hpec_energy_w: 0.1401 | temporal_pred: 0.7794 | dag_loss: 6.811e-04 | temporal_sparse: 0.0118 | temporal_smooth: 0.0039 | val_loss: 1.0139 | m34_branch_ce_w: 0.1462 | sample_l1: 0.0005 | sample_dev: 0.0000
------------------------------------------------------------------------
[Graph Diagnostics] dag_raw: 0.3458 | graph_mass: 0.0019 | direction: 0.6633 | alag_mass: 0.0019 | alag_direction: 0.6633 | a0_mass: 0.0536 | a0_direction: 0.1237 | attn_entropy: 0.0000 | gate_mass: 0.0000 | graph_delta: 0.0005 | z_radius: 0.6269 | z_tangent: 0.7367 | fc_residual: 0.0000 | fc_anchor_gate: 0.0000 | fc_anchor_update: 0.0000 | film_scale: 0.0000 | film_shift: 0.0000 | proto_cos_mean: 0.3333 | proto_cos_max: 0.3994 | proto_same_max: 0.3994 | proto_radius: 0.2913 | proto_logit_margin: 0.0547 | proto_logit_abs: 0.0273 | energy_margin: 0.0496 | sim_margin: 0.0000 | hpec_cal_margin: 0.3977 | pos_prob: 0.4464
------------------------------------------------------------------------
[Train Metrics] train_acc: 0.5710 | train_precision: 0.4658 | train_recall: 0.4745 | train_macro_f1: 0.4614 | train_roc_auc: 0.5025
------------------------------------------------------------------------
[Validation Metrics] val_acc: 0.6582 | val_precision: 0.5812 | val_recall: 0.5089 | val_macro_f1: 0.4298 | val_roc_auc: 0.5748
========================================================================
[Train Branch Metrics] final_cached: acc=0.5710, f1=0.4614, auc=0.5025 | gcn_fallback: acc=0.6404, f1=0.4484, auc=0.5245 | gcn_fc_only: acc=0.4606, f1=0.4592, auc=0.4891 | gcn_graph_only: acc=0.5079, f1=0.4803, auc=0.4878 | hpec_energy: acc=0.3849, f1=0.3636, auc=0.4831 | module34_branch: acc=0.4858, f1=0.4757, auc=0.4893
[Validation Branch Metrics] final_cached: acc=0.6582, f1=0.4298, auc=0.5748 | gcn_fallback: acc=0.6582, f1=0.3969, auc=0.6717 | gcn_fc_only: acc=0.3418, f1=0.2547, auc=0.4530 | gcn_graph_only: acc=0.6709, f1=0.4357, auc=0.4630 | hpec_energy: acc=0.6582, f1=0.3969, auc=0.5698 | module34_branch: acc=0.5190, f1=0.5056, auc=0.5456

========================================================================
Epoch 10/50 | train_best_threshold: 0.47 | train_best_macro_f1: 0.7023 | val_best_threshold: 0.42 | val_best_macro_f1: 0.6894
------------------------------------------------------------------------
[Loss] total_loss: 1.4276 | cls_loss: 0.8894 | aux_loss: 0.5382 | hpec_final_ce: 0.6052 | hpec_energy_w: 0.1271 | temporal_pred: 0.5382 | dag_loss: 0.0010 | temporal_sparse: 0.0128 | temporal_smooth: 0.0042 | val_loss: 0.9423 | m34_branch_ce_w: 0.1232 | sample_l1: 0.0005 | sample_dev: 0.0000
------------------------------------------------------------------------
[Graph Diagnostics] dag_raw: 0.4078 | graph_mass: 0.0020 | direction: 0.6600 | alag_mass: 0.0020 | alag_direction: 0.6600 | a0_mass: 0.0582 | a0_direction: 0.1237 | attn_entropy: 0.0000 | gate_mass: 0.0000 | graph_delta: 0.0005 | z_radius: 0.6221 | z_tangent: 0.7288 | fc_residual: 0.0000 | fc_anchor_gate: 0.0000 | fc_anchor_update: 0.0000 | film_scale: 0.0000 | film_shift: 0.0000 | proto_cos_mean: 0.3333 | proto_cos_max: 0.3994 | proto_same_max: 0.3994 | proto_radius: 0.2913 | proto_logit_margin: 0.5402 | proto_logit_abs: 0.2701 | energy_margin: 0.5409 | sim_margin: 0.0000 | hpec_cal_margin: 0.4014 | pos_prob: 0.4017
------------------------------------------------------------------------
[Train Metrics] train_acc: 0.7445 | train_precision: 0.7338 | train_recall: 0.6605 | train_macro_f1: 0.6708 | train_roc_auc: 0.7158
------------------------------------------------------------------------
[Validation Metrics] val_acc: 0.7342 | val_precision: 0.7623 | val_recall: 0.6289 | val_macro_f1: 0.6294 | val_roc_auc: 0.7215
========================================================================
[Train Branch Metrics] final_cached: acc=0.7445, f1=0.6708, auc=0.7158 | gcn_fallback: acc=0.6877, f1=0.5976, auc=0.6252 | gcn_fc_only: acc=0.5016, f1=0.4824, auc=0.4986 | gcn_graph_only: acc=0.5678, f1=0.5242, auc=0.5047 | hpec_energy: acc=0.6625, f1=0.3985, auc=0.7268 | module34_branch: acc=0.6814, f1=0.6585, auc=0.7316
[Validation Branch Metrics] final_cached: acc=0.7342, f1=0.6294, auc=0.7215 | gcn_fallback: acc=0.7722, f1=0.6882, auc=0.7735 | gcn_fc_only: acc=0.6709, f1=0.5128, auc=0.4181 | gcn_graph_only: acc=0.6582, f1=0.3969, auc=0.4501 | hpec_energy: acc=0.6582, f1=0.3969, auc=0.6531 | module34_branch: acc=0.6076, f1=0.5807, auc=0.5940

========================================================================
Epoch 20/50 | train_best_threshold: 0.46 | train_best_macro_f1: 0.7148 | val_best_threshold: 0.45 | val_best_macro_f1: 0.7234
------------------------------------------------------------------------
[Loss] total_loss: 1.3848 | cls_loss: 0.8533 | aux_loss: 0.5315 | hpec_final_ce: 0.5739 | hpec_energy_w: 0.1273 | temporal_pred: 0.5315 | dag_loss: 0.0015 | temporal_sparse: 0.0138 | temporal_smooth: 0.0046 | val_loss: 0.9024 | m34_branch_ce_w: 0.1184 | sample_l1: 0.0006 | sample_dev: 0.0000
------------------------------------------------------------------------
[Graph Diagnostics] dag_raw: 0.4765 | graph_mass: 0.0022 | direction: 0.6586 | alag_mass: 0.0022 | alag_direction: 0.6586 | a0_mass: 0.0629 | a0_direction: 0.1237 | attn_entropy: 0.0000 | gate_mass: 0.0000 | graph_delta: 0.0006 | z_radius: 0.6110 | z_tangent: 0.7107 | fc_residual: 0.0000 | fc_anchor_gate: 0.0000 | fc_anchor_update: 0.0000 | film_scale: 0.0000 | film_shift: 0.0000 | proto_cos_mean: 0.3333 | proto_cos_max: 0.3994 | proto_same_max: 0.3994 | proto_radius: 0.2913 | proto_logit_margin: 0.5132 | proto_logit_abs: 0.2566 | energy_margin: 0.5135 | sim_margin: 0.0000 | hpec_cal_margin: 0.3914 | pos_prob: 0.3958
------------------------------------------------------------------------
[Train Metrics] train_acc: 0.7476 | train_precision: 0.7590 | train_recall: 0.6514 | train_macro_f1: 0.6599 | train_roc_auc: 0.7572
------------------------------------------------------------------------
[Validation Metrics] val_acc: 0.7215 | val_precision: 0.6908 | val_recall: 0.6549 | val_macro_f1: 0.6627 | val_roc_auc: 0.7514
========================================================================
[Train Branch Metrics] final_cached: acc=0.7476, f1=0.6599, auc=0.7572 | gcn_fallback: acc=0.7445, f1=0.6600, auc=0.6363 | gcn_fc_only: acc=0.4259, f1=0.4252, auc=0.4535 | gcn_graph_only: acc=0.5647, f1=0.5197, auc=0.5332 | hpec_energy: acc=0.6625, f1=0.3985, auc=0.7794 | module34_branch: acc=0.7161, f1=0.6796, auc=0.7752
[Validation Branch Metrics] final_cached: acc=0.7215, f1=0.6627, auc=0.7514 | gcn_fallback: acc=0.7089, f1=0.6598, auc=0.7657 | gcn_fc_only: acc=0.2532, f1=0.2123, auc=0.4494 | gcn_graph_only: acc=0.6582, f1=0.3969, auc=0.4587 | hpec_energy: acc=0.6582, f1=0.3969, auc=0.6467 | module34_branch: acc=0.6329, f1=0.5883, auc=0.5912

========================================================================
Epoch 30/50 | train_best_threshold: 0.41 | train_best_macro_f1: 0.7472 | val_best_threshold: 0.46 | val_best_macro_f1: 0.7019
------------------------------------------------------------------------
[Loss] total_loss: 1.3490 | cls_loss: 0.8194 | aux_loss: 0.5267 | hpec_final_ce: 0.5465 | hpec_energy_w: 0.1263 | temporal_pred: 0.5267 | dag_loss: 0.0019 | temporal_sparse: 0.0145 | temporal_smooth: 0.0048 | val_loss: 0.8970 | m34_branch_ce_w: 0.1123 | sample_l1: 0.0006 | sample_dev: 0.0000
------------------------------------------------------------------------
[Graph Diagnostics] dag_raw: 0.5269 | graph_mass: 0.0023 | direction: 0.6536 | alag_mass: 0.0023 | alag_direction: 0.6536 | a0_mass: 0.0661 | a0_direction: 0.1237 | attn_entropy: 0.0000 | gate_mass: 0.0000 | graph_delta: 0.0006 | z_radius: 0.5827 | z_tangent: 0.6667 | fc_residual: 0.0000 | fc_anchor_gate: 0.0000 | fc_anchor_update: 0.0000 | film_scale: 0.0000 | film_shift: 0.0000 | proto_cos_mean: 0.2635 | proto_cos_max: 0.5418 | proto_same_max: 0.5418 | proto_radius: 0.2694 | proto_logit_margin: 0.7133 | proto_logit_abs: 0.3567 | energy_margin: 0.6676 | sim_margin: 0.0000 | hpec_cal_margin: 0.4068 | pos_prob: 0.4115
------------------------------------------------------------------------
[Train Metrics] train_acc: 0.7634 | train_precision: 0.7532 | train_recall: 0.6908 | train_macro_f1: 0.7040 | train_roc_auc: 0.8064
------------------------------------------------------------------------
[Validation Metrics] val_acc: 0.7089 | val_precision: 0.6729 | val_recall: 0.6453 | val_macro_f1: 0.6517 | val_roc_auc: 0.7650
========================================================================
[Train Branch Metrics] final_cached: acc=0.7634, f1=0.7040, auc=0.8064 | gcn_fallback: acc=0.7256, f1=0.6436, auc=0.6706 | gcn_fc_only: acc=0.4543, f1=0.4354, auc=0.3850 | gcn_graph_only: acc=0.5521, f1=0.5240, auc=0.5132 | hpec_energy: acc=0.6625, f1=0.3985, auc=0.8561 | module34_branch: acc=0.7981, f1=0.7732, auc=0.8571
[Validation Branch Metrics] final_cached: acc=0.7089, f1=0.6517, auc=0.7650 | gcn_fallback: acc=0.7215, f1=0.6781, auc=0.7635 | gcn_fc_only: acc=0.2911, f1=0.2771, auc=0.4459 | gcn_graph_only: acc=0.6582, f1=0.3969, auc=0.4658 | hpec_energy: acc=0.6582, f1=0.3969, auc=0.6239 | module34_branch: acc=0.6076, f1=0.5599, auc=0.5776

========================================================================
Epoch 40/50 | train_best_threshold: 0.45 | train_best_macro_f1: 0.7459 | val_best_threshold: 0.44 | val_best_macro_f1: 0.7019
------------------------------------------------------------------------
[Loss] total_loss: 1.3482 | cls_loss: 0.8206 | aux_loss: 0.5248 | hpec_final_ce: 0.5476 | hpec_energy_w: 0.1258 | temporal_pred: 0.5247 | dag_loss: 0.0022 | temporal_sparse: 0.0148 | temporal_smooth: 0.0049 | val_loss: 0.8986 | m34_branch_ce_w: 0.1136 | sample_l1: 0.0006 | sample_dev: 0.0000
------------------------------------------------------------------------
[Graph Diagnostics] dag_raw: 0.5510 | graph_mass: 0.0024 | direction: 0.6571 | alag_mass: 0.0024 | alag_direction: 0.6571 | a0_mass: 0.0676 | a0_direction: 0.1237 | attn_entropy: 0.0000 | gate_mass: 0.0000 | graph_delta: 0.0006 | z_radius: 0.5691 | z_tangent: 0.6462 | fc_residual: 0.0000 | fc_anchor_gate: 0.0000 | fc_anchor_update: 0.0000 | film_scale: 0.0000 | film_shift: 0.0000 | proto_cos_mean: 0.3132 | proto_cos_max: 0.5689 | proto_same_max: 0.5690 | proto_radius: 0.2739 | proto_logit_margin: 0.5900 | proto_logit_abs: 0.2950 | energy_margin: 0.5708 | sim_margin: 0.0000 | hpec_cal_margin: 0.4024 | pos_prob: 0.4073
------------------------------------------------------------------------
[Train Metrics] train_acc: 0.7571 | train_precision: 0.7613 | train_recall: 0.6700 | train_macro_f1: 0.6821 | train_roc_auc: 0.8125
------------------------------------------------------------------------
[Validation Metrics] val_acc: 0.7342 | val_precision: 0.7104 | val_recall: 0.6645 | val_macro_f1: 0.6737 | val_roc_auc: 0.7585
========================================================================
[Train Branch Metrics] final_cached: acc=0.7571, f1=0.6821, auc=0.8125 | gcn_fallback: acc=0.7224, f1=0.6489, auc=0.6802 | gcn_fc_only: acc=0.4006, f1=0.3847, auc=0.4032 | gcn_graph_only: acc=0.5331, f1=0.4731, auc=0.4952 | hpec_energy: acc=0.6625, f1=0.3985, auc=0.8544 | module34_branch: acc=0.7855, f1=0.7579, auc=0.8421
[Validation Branch Metrics] final_cached: acc=0.7342, f1=0.6737, auc=0.7585 | gcn_fallback: acc=0.7089, f1=0.6517, auc=0.7550 | gcn_fc_only: acc=0.4304, f1=0.4245, auc=0.4295 | gcn_graph_only: acc=0.6582, f1=0.3969, auc=0.4665 | hpec_energy: acc=0.6582, f1=0.3969, auc=0.6325 | module34_branch: acc=0.6076, f1=0.5512, auc=0.5748

========================================================================
Epoch 50/50 | train_best_threshold: 0.41 | train_best_macro_f1: 0.7256 | val_best_threshold: 0.51 | val_best_macro_f1: 0.6965
------------------------------------------------------------------------
[Loss] total_loss: 1.3550 | cls_loss: 0.8280 | aux_loss: 0.5242 | hpec_final_ce: 0.5524 | hpec_energy_w: 0.1272 | temporal_pred: 0.5242 | dag_loss: 0.0022 | temporal_sparse: 0.0149 | temporal_smooth: 0.0049 | val_loss: 0.8952 | m34_branch_ce_w: 0.1152 | sample_l1: 0.0006 | sample_dev: 0.0000
------------------------------------------------------------------------
[Graph Diagnostics] dag_raw: 0.5555 | graph_mass: 0.0024 | direction: 0.6546 | alag_mass: 0.0024 | alag_direction: 0.6546 | a0_mass: 0.0679 | a0_direction: 0.1237 | attn_entropy: 0.0000 | gate_mass: 0.0000 | graph_delta: 0.0006 | z_radius: 0.5694 | z_tangent: 0.6468 | fc_residual: 0.0000 | fc_anchor_gate: 0.0000 | fc_anchor_update: 0.0000 | film_scale: 0.0000 | film_shift: 0.0000 | proto_cos_mean: 0.3802 | proto_cos_max: 0.7891 | proto_same_max: 0.5141 | proto_radius: 0.2871 | proto_logit_margin: 0.3906 | proto_logit_abs: 0.1953 | energy_margin: 0.4273 | sim_margin: 0.0000 | hpec_cal_margin: 0.4006 | pos_prob: 0.4034
------------------------------------------------------------------------
[Train Metrics] train_acc: 0.7571 | train_precision: 0.7514 | train_recall: 0.6769 | train_macro_f1: 0.6894 | train_roc_auc: 0.7967
------------------------------------------------------------------------
[Validation Metrics] val_acc: 0.7342 | val_precision: 0.7104 | val_recall: 0.6645 | val_macro_f1: 0.6737 | val_roc_auc: 0.7585
========================================================================
[Train Branch Metrics] final_cached: acc=0.7571, f1=0.6894, auc=0.7967 | gcn_fallback: acc=0.7192, f1=0.6410, auc=0.6723 | gcn_fc_only: acc=0.5394, f1=0.5240, auc=0.5232 | gcn_graph_only: acc=0.5142, f1=0.4435, auc=0.4545 | hpec_energy: acc=0.6625, f1=0.3985, auc=0.8102 | module34_branch: acc=0.7508, f1=0.7194, auc=0.8139
[Validation Branch Metrics] final_cached: acc=0.7342, f1=0.6737, auc=0.7585 | gcn_fallback: acc=0.7089, f1=0.6517, auc=0.7550 | gcn_fc_only: acc=0.4304, f1=0.4271, auc=0.4295 | gcn_graph_only: acc=0.6582, f1=0.3969, auc=0.4701 | hpec_energy: acc=0.6582, f1=0.3969, auc=0.6360 | module34_branch: acc=0.6076, f1=0.5512, auc=0.5755
Fold 4 final-epoch test raw-threshold: accuracy=0.7595, precision=0.7698, recall=0.6749, macro_f1=0.6871, roc_auc=0.7500
Fold 4 training wall time: 75.22s
Fold 4 final-epoch test raw diagnostics: target_counts=[52, 27] | pred_counts=[65, 14] | prob_pos[min/mean/max]=0.2051/0.4308/0.9379
[Fold 4 Raw Test Branch Metrics] final_cached: acc=0.7595, f1=0.6871, auc=0.7500 | gcn_fallback: acc=0.7342, f1=0.6737, auc=0.7621 | gcn_fc_only: acc=0.3291, f1=0.3133, auc=0.4444 | gcn_graph_only: acc=0.6582, f1=0.3969, auc=0.4551 | hpec_energy: acc=0.6582, f1=0.3969, auc=0.6368 | module34_branch: acc=0.6329, f1=0.5883, auc=0.5812
Fold 4 final-epoch test uses final-epoch threshold: 0.5100
Fold 4 final-epoch test thresholded diagnostics: target_counts=[52, 27] | pred_counts=[67, 12] | prob_pos[min/mean/max]=0.2051/0.4308/0.9379
Fold 5/5 S-DeCI modules: use_deci_module1=1, use_causal_module2=1, use_hgcn_module3=1, use_hpec_module4=1, use_hyperbolic_modules34=1, classification_path=gcn_fallback_plus_hgcn_hpec_dual_consensus, node_feature=alff_falff_physiological_feature, adjacency=causal_graph_blended_with_sample_correlation

========================================================================
Epoch 1/50 | train_best_threshold: 0.47 | train_best_macro_f1: 0.5047 | val_best_threshold: 0.48 | val_best_macro_f1: 0.6302
------------------------------------------------------------------------
[Loss] total_loss: 1.7987 | cls_loss: 1.0189 | aux_loss: 0.7798 | hpec_final_ce: 0.6973 | hpec_energy_w: 0.1409 | temporal_pred: 0.7798 | dag_loss: 6.811e-04 | temporal_sparse: 0.0118 | temporal_smooth: 0.0039 | val_loss: 0.9928 | m34_branch_ce_w: 0.1457 | sample_l1: 0.0005 | sample_dev: 0.0000
------------------------------------------------------------------------
[Graph Diagnostics] dag_raw: 0.3458 | graph_mass: 0.0019 | direction: 0.6520 | alag_mass: 0.0019 | alag_direction: 0.6520 | a0_mass: 0.0536 | a0_direction: 0.1237 | attn_entropy: 0.0000 | gate_mass: 0.0000 | graph_delta: 0.0005 | z_radius: 0.6304 | z_tangent: 0.7425 | fc_residual: 0.0000 | fc_anchor_gate: 0.0000 | fc_anchor_update: 0.0000 | film_scale: 0.0000 | film_shift: 0.0000 | proto_cos_mean: 0.3333 | proto_cos_max: 0.3994 | proto_same_max: 0.3994 | proto_radius: 0.2913 | proto_logit_margin: 0.0720 | proto_logit_abs: 0.0360 | energy_margin: 0.0675 | sim_margin: 0.0000 | hpec_cal_margin: 0.4020 | pos_prob: 0.4620
------------------------------------------------------------------------
[Train Metrics] train_acc: 0.5521 | train_precision: 0.4871 | train_recall: 0.4877 | train_macro_f1: 0.4868 | train_roc_auc: 0.4920
------------------------------------------------------------------------
[Validation Metrics] val_acc: 0.7089 | val_precision: 0.7051 | val_recall: 0.6008 | val_macro_f1: 0.5941 | val_roc_auc: 0.6147
========================================================================
[Train Branch Metrics] final_cached: acc=0.5521, f1=0.4868, auc=0.4920 | gcn_fallback: acc=0.6151, f1=0.4673, auc=0.4802 | gcn_fc_only: acc=0.4669, f1=0.4621, auc=0.4917 | gcn_graph_only: acc=0.4921, f1=0.4705, auc=0.4623 | hpec_energy: acc=0.3470, f1=0.2869, auc=0.5101 | module34_branch: acc=0.4953, f1=0.4745, auc=0.4871
[Validation Branch Metrics] final_cached: acc=0.7089, f1=0.5941, auc=0.6147 | gcn_fallback: acc=0.6582, f1=0.3969, auc=0.5349 | gcn_fc_only: acc=0.3418, f1=0.2547, auc=0.5897 | gcn_graph_only: acc=0.6582, f1=0.3969, auc=0.5648 | hpec_energy: acc=0.3544, f1=0.2760, auc=0.6182 | module34_branch: acc=0.5696, f1=0.5611, auc=0.6040

========================================================================
Epoch 10/50 | train_best_threshold: 0.45 | train_best_macro_f1: 0.7080 | val_best_threshold: 0.33 | val_best_macro_f1: 0.6235
------------------------------------------------------------------------
[Loss] total_loss: 1.3835 | cls_loss: 0.8458 | aux_loss: 0.5378 | hpec_final_ce: 0.5669 | hpec_energy_w: 0.1271 | temporal_pred: 0.5378 | dag_loss: 0.0010 | temporal_sparse: 0.0128 | temporal_smooth: 0.0043 | val_loss: 1.0265 | m34_branch_ce_w: 0.1180 | sample_l1: 0.0005 | sample_dev: 0.0000
------------------------------------------------------------------------
[Graph Diagnostics] dag_raw: 0.4078 | graph_mass: 0.0020 | direction: 0.6486 | alag_mass: 0.0020 | alag_direction: 0.6486 | a0_mass: 0.0582 | a0_direction: 0.1237 | attn_entropy: 0.0000 | gate_mass: 0.0000 | graph_delta: 0.0005 | z_radius: 0.5774 | z_tangent: 0.6587 | fc_residual: 0.0000 | fc_anchor_gate: 0.0000 | fc_anchor_update: 0.0000 | film_scale: 0.0000 | film_shift: 0.0000 | proto_cos_mean: 0.3333 | proto_cos_max: 0.3994 | proto_same_max: 0.3994 | proto_radius: 0.2913 | proto_logit_margin: 0.5175 | proto_logit_abs: 0.2587 | energy_margin: 0.5179 | sim_margin: 0.0000 | hpec_cal_margin: 0.3970 | pos_prob: 0.3804
------------------------------------------------------------------------
[Train Metrics] train_acc: 0.7445 | train_precision: 0.7338 | train_recall: 0.6605 | train_macro_f1: 0.6708 | train_roc_auc: 0.7706
------------------------------------------------------------------------
[Validation Metrics] val_acc: 0.6835 | val_precision: 0.6758 | val_recall: 0.5548 | val_macro_f1: 0.5212 | val_roc_auc: 0.6560
========================================================================
[Train Branch Metrics] final_cached: acc=0.7445, f1=0.6708, auc=0.7706 | gcn_fallback: acc=0.7161, f1=0.6410, auc=0.6839 | gcn_fc_only: acc=0.4132, f1=0.4101, auc=0.4222 | gcn_graph_only: acc=0.5615, f1=0.5284, auc=0.5297 | hpec_energy: acc=0.6625, f1=0.3985, auc=0.7824 | module34_branch: acc=0.7350, f1=0.7165, auc=0.7980
[Validation Branch Metrics] final_cached: acc=0.6835, f1=0.5212, auc=0.6560 | gcn_fallback: acc=0.6962, f1=0.5503, auc=0.5769 | gcn_fc_only: acc=0.3418, f1=0.2917, auc=0.5306 | gcn_graph_only: acc=0.6582, f1=0.3969, auc=0.5313 | hpec_energy: acc=0.6582, f1=0.3969, auc=0.6132 | module34_branch: acc=0.6076, f1=0.5746, auc=0.6204

========================================================================
Epoch 20/50 | train_best_threshold: 0.40 | train_best_macro_f1: 0.7693 | val_best_threshold: 0.32 | val_best_macro_f1: 0.6848
------------------------------------------------------------------------
[Loss] total_loss: 1.3334 | cls_loss: 0.8030 | aux_loss: 0.5305 | hpec_final_ce: 0.5308 | hpec_energy_w: 0.1271 | temporal_pred: 0.5304 | dag_loss: 0.0015 | temporal_sparse: 0.0138 | temporal_smooth: 0.0046 | val_loss: 0.9994 | m34_branch_ce_w: 0.1111 | sample_l1: 0.0006 | sample_dev: 0.0000
------------------------------------------------------------------------
[Graph Diagnostics] dag_raw: 0.4765 | graph_mass: 0.0022 | direction: 0.6588 | alag_mass: 0.0022 | alag_direction: 0.6588 | a0_mass: 0.0629 | a0_direction: 0.1237 | attn_entropy: 0.0000 | gate_mass: 0.0000 | graph_delta: 0.0006 | z_radius: 0.5197 | z_tangent: 0.5759 | fc_residual: 0.0000 | fc_anchor_gate: 0.0000 | fc_anchor_update: 0.0000 | film_scale: 0.0000 | film_shift: 0.0000 | proto_cos_mean: 0.3333 | proto_cos_max: 0.3994 | proto_same_max: 0.3994 | proto_radius: 0.2913 | proto_logit_margin: 0.5668 | proto_logit_abs: 0.2834 | energy_margin: 0.5648 | sim_margin: 0.0000 | hpec_cal_margin: 0.4089 | pos_prob: 0.4058
------------------------------------------------------------------------
[Train Metrics] train_acc: 0.7729 | train_precision: 0.7862 | train_recall: 0.6888 | train_macro_f1: 0.7039 | train_roc_auc: 0.8131
------------------------------------------------------------------------
[Validation Metrics] val_acc: 0.6962 | val_precision: 0.7044 | val_recall: 0.5734 | val_macro_f1: 0.5503 | val_roc_auc: 0.7044
========================================================================
[Train Branch Metrics] final_cached: acc=0.7729, f1=0.7039, auc=0.8131 | gcn_fallback: acc=0.7382, f1=0.6626, auc=0.6925 | gcn_fc_only: acc=0.3691, f1=0.3689, auc=0.3994 | gcn_graph_only: acc=0.5237, f1=0.4733, auc=0.4862 | hpec_energy: acc=0.6625, f1=0.3985, auc=0.8780 | module34_branch: acc=0.8170, f1=0.7998, auc=0.8802
[Validation Branch Metrics] final_cached: acc=0.6962, f1=0.5503, auc=0.7044 | gcn_fallback: acc=0.6709, f1=0.5323, auc=0.6004 | gcn_fc_only: acc=0.3038, f1=0.2330, auc=0.4936 | gcn_graph_only: acc=0.6582, f1=0.3969, auc=0.5438 | hpec_energy: acc=0.6582, f1=0.3969, auc=0.6567 | module34_branch: acc=0.6962, f1=0.6489, auc=0.6524

========================================================================
Epoch 30/50 | train_best_threshold: 0.37 | train_best_macro_f1: 0.7750 | val_best_threshold: 0.30 | val_best_macro_f1: 0.6187
------------------------------------------------------------------------
[Loss] total_loss: 1.2922 | cls_loss: 0.7649 | aux_loss: 0.5267 | hpec_final_ce: 0.4987 | hpec_energy_w: 0.1268 | temporal_pred: 0.5267 | dag_loss: 0.0019 | temporal_sparse: 0.0145 | temporal_smooth: 0.0048 | val_loss: 1.0011 | m34_branch_ce_w: 0.1052 | sample_l1: 0.0006 | sample_dev: 0.0000
------------------------------------------------------------------------
[Graph Diagnostics] dag_raw: 0.5269 | graph_mass: 0.0023 | direction: 0.6543 | alag_mass: 0.0023 | alag_direction: 0.6543 | a0_mass: 0.0661 | a0_direction: 0.1237 | attn_entropy: 0.0000 | gate_mass: 0.0000 | graph_delta: 0.0006 | z_radius: 0.4893 | z_tangent: 0.5352 | fc_residual: 0.0000 | fc_anchor_gate: 0.0000 | fc_anchor_update: 0.0000 | film_scale: 0.0000 | film_shift: 0.0000 | proto_cos_mean: 0.2599 | proto_cos_max: 0.6272 | proto_same_max: 0.6272 | proto_radius: 0.2673 | proto_logit_margin: 0.6803 | proto_logit_abs: 0.3402 | energy_margin: 0.6514 | sim_margin: 0.0000 | hpec_cal_margin: 0.4076 | pos_prob: 0.4075
------------------------------------------------------------------------
[Train Metrics] train_acc: 0.7981 | train_precision: 0.8102 | train_recall: 0.7261 | train_macro_f1: 0.7447 | train_roc_auc: 0.8757
------------------------------------------------------------------------
[Validation Metrics] val_acc: 0.6582 | val_precision: 0.5906 | val_recall: 0.5445 | val_macro_f1: 0.5236 | val_roc_auc: 0.6709
========================================================================
[Train Branch Metrics] final_cached: acc=0.7981, f1=0.7447, auc=0.8757 | gcn_fallback: acc=0.7508, f1=0.6882, auc=0.7131 | gcn_fc_only: acc=0.4385, f1=0.4375, auc=0.4311 | gcn_graph_only: acc=0.5394, f1=0.4777, auc=0.5058 | hpec_energy: acc=0.6625, f1=0.3985, auc=0.9440 | module34_branch: acc=0.8738, f1=0.8589, auc=0.9486
[Validation Branch Metrics] final_cached: acc=0.6582, f1=0.5236, auc=0.6709 | gcn_fallback: acc=0.6456, f1=0.5149, auc=0.5905 | gcn_fc_only: acc=0.3038, f1=0.2561, auc=0.5100 | gcn_graph_only: acc=0.6582, f1=0.3969, auc=0.5427 | hpec_energy: acc=0.6582, f1=0.3969, auc=0.6510 | module34_branch: acc=0.6582, f1=0.6091, auc=0.6425

========================================================================
Epoch 40/50 | train_best_threshold: 0.39 | train_best_macro_f1: 0.7817 | val_best_threshold: 0.30 | val_best_macro_f1: 0.6172
------------------------------------------------------------------------
[Loss] total_loss: 1.2889 | cls_loss: 0.7639 | aux_loss: 0.5243 | hpec_final_ce: 0.4995 | hpec_energy_w: 0.1277 | temporal_pred: 0.5243 | dag_loss: 0.0022 | temporal_sparse: 0.0148 | temporal_smooth: 0.0049 | val_loss: 1.0000 | m34_branch_ce_w: 0.1031 | sample_l1: 0.0006 | sample_dev: 0.0000
------------------------------------------------------------------------
[Graph Diagnostics] dag_raw: 0.5510 | graph_mass: 0.0024 | direction: 0.6510 | alag_mass: 0.0024 | alag_direction: 0.6510 | a0_mass: 0.0676 | a0_direction: 0.1237 | attn_entropy: 0.0000 | gate_mass: 0.0000 | graph_delta: 0.0006 | z_radius: 0.4708 | z_tangent: 0.5111 | fc_residual: 0.0000 | fc_anchor_gate: 0.0000 | fc_anchor_update: 0.0000 | film_scale: 0.0000 | film_shift: 0.0000 | proto_cos_mean: 0.3664 | proto_cos_max: 0.6399 | proto_same_max: 0.6399 | proto_radius: 0.2743 | proto_logit_margin: 0.4471 | proto_logit_abs: 0.2235 | energy_margin: 0.4642 | sim_margin: 0.0000 | hpec_cal_margin: 0.4134 | pos_prob: 0.4058
------------------------------------------------------------------------
[Train Metrics] train_acc: 0.7950 | train_precision: 0.8000 | train_recall: 0.7261 | train_macro_f1: 0.7435 | train_roc_auc: 0.8576
------------------------------------------------------------------------
[Validation Metrics] val_acc: 0.6582 | val_precision: 0.5906 | val_recall: 0.5445 | val_macro_f1: 0.5236 | val_roc_auc: 0.6631
========================================================================
[Train Branch Metrics] final_cached: acc=0.7950, f1=0.7435, auc=0.8576 | gcn_fallback: acc=0.7287, f1=0.6641, auc=0.6984 | gcn_fc_only: acc=0.3975, f1=0.3966, auc=0.3921 | gcn_graph_only: acc=0.5363, f1=0.4674, auc=0.4457 | hpec_energy: acc=0.6625, f1=0.3985, auc=0.9468 | module34_branch: acc=0.8991, f1=0.8855, auc=0.9666
[Validation Branch Metrics] final_cached: acc=0.6582, f1=0.5236, auc=0.6631 | gcn_fallback: acc=0.6456, f1=0.5149, auc=0.5812 | gcn_fc_only: acc=0.3038, f1=0.2561, auc=0.5036 | gcn_graph_only: acc=0.6582, f1=0.3969, auc=0.5434 | hpec_energy: acc=0.6582, f1=0.3969, auc=0.6574 | module34_branch: acc=0.6329, f1=0.5956, auc=0.6489

========================================================================
Epoch 50/50 | train_best_threshold: 0.37 | train_best_macro_f1: 0.7795 | val_best_threshold: 0.30 | val_best_macro_f1: 0.6153
------------------------------------------------------------------------
[Loss] total_loss: 1.2824 | cls_loss: 0.7572 | aux_loss: 0.5245 | hpec_final_ce: 0.4902 | hpec_energy_w: 0.1299 | temporal_pred: 0.5245 | dag_loss: 0.0022 | temporal_sparse: 0.0149 | temporal_smooth: 0.0049 | val_loss: 1.0011 | m34_branch_ce_w: 0.1035 | sample_l1: 0.0006 | sample_dev: 0.0000
------------------------------------------------------------------------
[Graph Diagnostics] dag_raw: 0.5555 | graph_mass: 0.0024 | direction: 0.6506 | alag_mass: 0.0024 | alag_direction: 0.6506 | a0_mass: 0.0679 | a0_direction: 0.1237 | attn_entropy: 0.0000 | gate_mass: 0.0000 | graph_delta: 0.0006 | z_radius: 0.4724 | z_tangent: 0.5132 | fc_residual: 0.0000 | fc_anchor_gate: 0.0000 | fc_anchor_update: 0.0000 | film_scale: 0.0000 | film_shift: 0.0000 | proto_cos_mean: 0.4160 | proto_cos_max: 0.8572 | proto_same_max: 0.5443 | proto_radius: 0.2896 | proto_logit_margin: 0.2385 | proto_logit_abs: 0.1192 | energy_margin: 0.3118 | sim_margin: 0.0000 | hpec_cal_margin: 0.4127 | pos_prob: 0.4015
------------------------------------------------------------------------
[Train Metrics] train_acc: 0.8044 | train_precision: 0.8199 | train_recall: 0.7332 | train_macro_f1: 0.7527 | train_roc_auc: 0.8747
------------------------------------------------------------------------
[Validation Metrics] val_acc: 0.6582 | val_precision: 0.5906 | val_recall: 0.5445 | val_macro_f1: 0.5236 | val_roc_auc: 0.6631
========================================================================
[Train Branch Metrics] final_cached: acc=0.8044, f1=0.7527, auc=0.8747 | gcn_fallback: acc=0.7603, f1=0.6968, auc=0.7158 | gcn_fc_only: acc=0.3722, f1=0.3718, auc=0.3456 | gcn_graph_only: acc=0.5552, f1=0.5082, auc=0.4692 | hpec_energy: acc=0.6625, f1=0.3985, auc=0.9674 | module34_branch: acc=0.8896, f1=0.8768, auc=0.9528
[Validation Branch Metrics] final_cached: acc=0.6582, f1=0.5236, auc=0.6631 | gcn_fallback: acc=0.6456, f1=0.5149, auc=0.5791 | gcn_fc_only: acc=0.3038, f1=0.2561, auc=0.5007 | gcn_graph_only: acc=0.6582, f1=0.3969, auc=0.5399 | hpec_energy: acc=0.6582, f1=0.3969, auc=0.6624 | module34_branch: acc=0.6329, f1=0.5956, auc=0.6474
Fold 5 final-epoch test raw-threshold: accuracy=0.6709, precision=0.6206, recall=0.5541, macro_f1=0.5323, roc_auc=0.6766
Fold 5 training wall time: 75.12s
Fold 5 final-epoch test raw diagnostics: target_counts=[52, 27] | pred_counts=[70, 9] | prob_pos[min/mean/max]=0.2047/0.3745/0.9420
[Fold 5 Raw Test Branch Metrics] final_cached: acc=0.6709, f1=0.5323, auc=0.6766 | gcn_fallback: acc=0.6582, f1=0.5236, auc=0.5826 | gcn_fc_only: acc=0.3038, f1=0.2330, auc=0.5071 | gcn_graph_only: acc=0.6582, f1=0.3969, auc=0.5456 | hpec_energy: acc=0.6582, f1=0.3969, auc=0.6588 | module34_branch: acc=0.6835, f1=0.6451, auc=0.6410
Fold 5 final-epoch test uses final-epoch threshold: 0.3000
Fold 5 final-epoch test thresholded diagnostics: target_counts=[52, 27] | pred_counts=[22, 57] | prob_pos[min/mean/max]=0.2047/0.3745/0.9420
Final-epoch Test Avg (raw) accuracy: 0.7122, precision: 0.6847, recall: 0.6226, macro_f1: 0.6231, roc_auc: 0.6591, train_seconds: 395.11, avg_fold_seconds: 78.89
Standalone MDD best-config test completed.
accuracy: 0.7122, precision: 0.6847, recall: 0.6226, macro_f1: 0.6231, roc_auc: 0.6591, train_seconds: 395.11s
5-fold result saved to: E:\WorkingSpace\my_experience\result.xlsx [MDD_AAL116_50ep]
